
The Following Added Parameters were read:

bond         1    1     4.4900     1.6000
 
Following Parameters Were Estimated
 

Bond Terms 
        At1       At2     R       BLen    Bconst      Eb
Bond:  C(1  ) -  C(2  ) 1.531    1.600    4.490    = 1.8131  
Bond:  C(1  ) -  H(3  ) 1.113    1.112    4.740    = 0.0004  
Bond:  C(1  ) -  H(4  ) 1.113    1.112    4.740    = 0.0004  
Bond:  C(1  ) -  H(5  ) 1.113    1.112    4.740    = 0.0004  
Bond:  C(2  ) -  H(6  ) 1.113    1.112    4.740    = 0.0004  
Bond:  C(2  ) -  H(7  ) 1.113    1.112    4.740    = 0.0004  
Bond:  C(2  ) -  H(8  ) 1.113    1.112    4.740    = 0.0004  

Angle Terms 
             At1      At2      At3     Angle     Thet0   Tconst      Ebend
Angle 1-3:  C(2  )-  C(1  )-  H(3  )  111.408   110.700  0.5900   = 0.0064  
Angle 1-3:  C(2  )-  C(1  )-  H(4  )  111.409   110.700  0.5900   = 0.0064  
Angle 1-3:  C(2  )-  C(1  )-  H(5  )  111.408   110.700  0.5900   = 0.0064  
Angle 1-3:  H(3  )-  C(1  )-  H(4  )  107.467   107.800  0.5500   = 0.0013  
Angle 1-3:  H(3  )-  C(1  )-  H(5  )  107.466   107.800  0.5500   = 0.0014  
Angle 1-3:  H(4  )-  C(1  )-  H(5  )  107.467   107.800  0.5500   = 0.0013  
Angle 1-3:  C(1  )-  C(2  )-  H(6  )  111.408   110.700  0.5900   = 0.0064  
Angle 1-3:  C(1  )-  C(2  )-  H(7  )  111.409   110.700  0.5900   = 0.0064  
Angle 1-3:  C(1  )-  C(2  )-  H(8  )  111.408   110.700  0.5900   = 0.0064  
Angle 1-3:  H(6  )-  C(2  )-  H(7  )  107.467   107.800  0.5500   = 0.0013  
Angle 1-3:  H(6  )-  C(2  )-  H(8  )  107.466   107.800  0.5500   = 0.0014  
Angle 1-3:  H(7  )-  C(2  )-  H(8  )  107.467   107.800  0.5500   = 0.0013  

Angle-Angle Interactions
             Angle 1                     Angle2          Thet1     Thet0      Thet2    Thet0   Const         Eaa
AA:  C(2  )-  C(1  )-  H(3  )  C(2  )-  C(1  )-  H(4  ): 111.408  110.700  - 111.409  110.700  0.090    =  -0.0010
AA:  C(2  )-  C(1  )-  H(3  )  C(2  )-  C(1  )-  H(5  ): 111.408  110.700  - 111.408  110.700  0.090    =  -0.0010
AA:  C(2  )-  C(1  )-  H(4  )  C(2  )-  C(1  )-  H(5  ): 111.409  110.700  - 111.408  110.700  0.090    =  -0.0010
AA:  C(1  )-  C(2  )-  H(6  )  C(1  )-  C(2  )-  H(7  ): 111.408  110.700  - 111.409  110.700  0.090    =  -0.0010
AA:  C(1  )-  C(2  )-  H(6  )  C(1  )-  C(2  )-  H(8  ): 111.408  110.700  - 111.408  110.700  0.090    =  -0.0010
AA:  C(1  )-  C(2  )-  H(7  )  C(1  )-  C(2  )-  H(8  ): 111.409  110.700  - 111.408  110.700  0.090    =  -0.0010

Torsion Terms
        At1      At2      At3      At4       Types          Angle     V1      V2        V3         Etor
Tor:   H(3  )-  C(1  )-  C(2  )-  H(6  )    5 1 1 5        60.00    0.000    0.000    0.238    = 0.0000  
Tor:   H(3  )-  C(1  )-  C(2  )-  H(7  )    5 1 1 5       -60.00    0.000    0.000    0.238    = 0.0000  
Tor:   H(3  )-  C(1  )-  C(2  )-  H(8  )    5 1 1 5       180.00    0.000    0.000    0.238    = 0.0000  
Tor:   H(4  )-  C(1  )-  C(2  )-  H(6  )    5 1 1 5       -60.00    0.000    0.000    0.238    = 0.0000  
Tor:   H(4  )-  C(1  )-  C(2  )-  H(7  )    5 1 1 5      -180.00    0.000    0.000    0.238    = 0.0000  
Tor:   H(4  )-  C(1  )-  C(2  )-  H(8  )    5 1 1 5        60.00    0.000    0.000    0.238    = 0.0000  
Tor:   H(5  )-  C(1  )-  C(2  )-  H(6  )    5 1 1 5      -180.00    0.000    0.000    0.238    = 0.0000  
Tor:   H(5  )-  C(1  )-  C(2  )-  H(7  )    5 1 1 5        60.00    0.000    0.000    0.238    = 0.0000  
Tor:   H(5  )-  C(1  )-  C(2  )-  H(8  )    5 1 1 5       -60.00    0.000    0.000    0.238    = 0.0000  

Stretch-Bend Terms
          At1     At2    At3      Angle     Anat   StbnCst1   StbnCst2  Estb
StrBnd:  C(2  )- C(1  )- H(3  ) : 111.408  110.700  0.080    0.080    = -0.0098 
StrBnd:  C(2  )- C(1  )- H(4  ) : 111.409  110.700  0.080    0.080    = -0.0098 
StrBnd:  C(2  )- C(1  )- H(5  ) : 111.408  110.700  0.080    0.080    = -0.0098 
StrBnd:  C(1  )- C(2  )- H(6  ) : 111.408  110.700  0.080    0.080    = -0.0098 
StrBnd:  C(1  )- C(2  )- H(7  ) : 111.409  110.700  0.080    0.080    = -0.0098 
StrBnd:  C(1  )- C(2  )- H(8  ) : 111.408  110.700  0.080    0.080    = -0.0098 

VDW Terms - MM3 Buckingham Potential
          At1        At2    Rik    Radius     Eps          Evdw
VDW_MM3:  H(3  ) -  H(6  ) 2.474    3.240    0.020    =   0.1590
VDW_MM3:  H(3  ) -  H(7  ) 2.474    3.240    0.020    =   0.1590
VDW_MM3:  H(3  ) -  H(8  ) 2.977    3.240    0.020    =  -0.0149
VDW_MM3:  H(4  ) -  H(6  ) 2.474    3.240    0.020    =   0.1590
VDW_MM3:  H(4  ) -  H(7  ) 2.977    3.240    0.020    =  -0.0149
VDW_MM3:  H(4  ) -  H(8  ) 2.474    3.240    0.020    =   0.1590
VDW_MM3:  H(5  ) -  H(6  ) 2.977    3.240    0.020    =  -0.0149
VDW_MM3:  H(5  ) -  H(7  ) 2.474    3.240    0.020    =   0.1590
VDW_MM3:  H(5  ) -  H(8  ) 2.474    3.240    0.020    =   0.1590

Bond Dipole Terms
     At1     At2          At3     At4      Bmom-i     Bmom-j     Rik           Edd

Stretch-Torsion Terms
          At1     At2    At3     At4     Angle     Dr   StrTorConst    Phi3   Estb
StrTor:  H(3  )- C(1  )- C(2  )- H(6  ) : 0.500    -0.069   0.059    0.000    = 0.0000  
StrTor:  H(3  )- C(1  )- C(2  )- H(7  ) : 0.500    -0.069   0.059    0.000    = 0.0000  
StrTor:  H(3  )- C(1  )- C(2  )- H(8  ) : -1.000   -0.069   0.059    0.000    = 0.0000  
StrTor:  H(4  )- C(1  )- C(2  )- H(6  ) : 0.500    -0.069   0.059    0.000    = 0.0000  
StrTor:  H(4  )- C(1  )- C(2  )- H(7  ) : -1.000   -0.069   0.059    0.000    = 0.0000  
StrTor:  H(4  )- C(1  )- C(2  )- H(8  ) : 0.500    -0.069   0.059    0.000    = 0.0000  
StrTor:  H(5  )- C(1  )- C(2  )- H(6  ) : -1.000   -0.069   0.059    0.000    = 0.0000  
StrTor:  H(5  )- C(1  )- C(2  )- H(7  ) : 0.500    -0.069   0.059    0.000    = 0.0000  
StrTor:  H(5  )- C(1  )- C(2  )- H(8  ) : 0.500    -0.069   0.059    0.000    = 0.0000  

Force Field: MM3
Structure: untitled

   1  C      1    -0.765700  -0.000000  -0.000000 0
   2  C      1     0.765700   0.000000   0.000000 0
   3  H      5    -1.172000   0.981400  -0.332900 0
   4  H      5    -1.172000  -0.202400   1.016300 0
   5  H      5    -1.172000  -0.779000  -0.683500 0
   6  H      5     1.172000   0.779000   0.683500 0
   7  H      5     1.172000   0.202400  -1.016300 0
   8  H      5     1.172000  -0.981400   0.332900 0

Initial Energy : 2.706827
Str: 1.815642    Bnd: 0.046623    Tor: 0.000000
StrBnd: -0.058575 VDW: 0.909075     QQ: 0.000000
OOP: 0.000000 AA: -0.005938     Strtor: 0.000000
Urey: 0.000000
Dielectric Const: 1.500000

 5   0.641432    0.205882   0.002449   0.001041  

 Truncated Newton Raphson 
Iter    F Value    G RMS     F Move    X Move

Bond Terms 
        At1       At2     R       BLen    Bconst      Eb
Bond:  C(1  ) -  C(2  ) 1.605    1.600    4.490    = 0.0076  
Bond:  C(1  ) -  H(3  ) 1.113    1.112    4.740    = 0.0003  
Bond:  C(1  ) -  H(4  ) 1.113    1.112    4.740    = 0.0003  
Bond:  C(1  ) -  H(5  ) 1.113    1.112    4.740    = 0.0003  
Bond:  C(2  ) -  H(6  ) 1.113    1.112    4.740    = 0.0003  
Bond:  C(2  ) -  H(7  ) 1.113    1.112    4.740    = 0.0003  
Bond:  C(2  ) -  H(8  ) 1.113    1.112    4.740    = 0.0003  

Angle Terms 
             At1      At2      At3     Angle     Thet0   Tconst      Ebend
Angle 1-3:  C(2  )-  C(1  )-  H(3  )  111.297   110.700  0.5900   = 0.0046  
Angle 1-3:  C(2  )-  C(1  )-  H(4  )  111.297   110.700  0.5900   = 0.0046  
Angle 1-3:  C(2  )-  C(1  )-  H(5  )  111.297   110.700  0.5900   = 0.0046  
Angle 1-3:  H(3  )-  C(1  )-  H(4  )  107.586   107.800  0.5500   = 0.0006  
Angle 1-3:  H(3  )-  C(1  )-  H(5  )  107.586   107.800  0.5500   = 0.0006  
Angle 1-3:  H(4  )-  C(1  )-  H(5  )  107.586   107.800  0.5500   = 0.0006  
Angle 1-3:  C(1  )-  C(2  )-  H(6  )  111.297   110.700  0.5900   = 0.0046  
Angle 1-3:  C(1  )-  C(2  )-  H(7  )  111.297   110.700  0.5900   = 0.0046  
Angle 1-3:  C(1  )-  C(2  )-  H(8  )  111.297   110.700  0.5900   = 0.0046  
Angle 1-3:  H(6  )-  C(2  )-  H(7  )  107.586   107.800  0.5500   = 0.0006  
Angle 1-3:  H(6  )-  C(2  )-  H(8  )  107.586   107.800  0.5500   = 0.0006  
Angle 1-3:  H(7  )-  C(2  )-  H(8  )  107.586   107.800  0.5500   = 0.0006  

Angle-Angle Interactions
             Angle 1                     Angle2          Thet1     Thet0      Thet2    Thet0   Const         Eaa
AA:  C(2  )-  C(1  )-  H(3  )  C(2  )-  C(1  )-  H(4  ): 111.297  110.700  - 111.297  110.700  0.090    =  -0.0007
AA:  C(2  )-  C(1  )-  H(3  )  C(2  )-  C(1  )-  H(5  ): 111.297  110.700  - 111.297  110.700  0.090    =  -0.0007
AA:  C(2  )-  C(1  )-  H(4  )  C(2  )-  C(1  )-  H(5  ): 111.297  110.700  - 111.297  110.700  0.090    =  -0.0007
AA:  C(1  )-  C(2  )-  H(6  )  C(1  )-  C(2  )-  H(7  ): 111.297  110.700  - 111.297  110.700  0.090    =  -0.0007
AA:  C(1  )-  C(2  )-  H(6  )  C(1  )-  C(2  )-  H(8  ): 111.297  110.700  - 111.297  110.700  0.090    =  -0.0007
AA:  C(1  )-  C(2  )-  H(7  )  C(1  )-  C(2  )-  H(8  ): 111.297  110.700  - 111.297  110.700  0.090    =  -0.0007

Torsion Terms
        At1      At2      At3      At4       Types          Angle     V1      V2        V3         Etor
Tor:   H(3  )-  C(1  )-  C(2  )-  H(6  )    5 1 1 5        60.00    0.000    0.000    0.238    = 0.0000  
Tor:   H(3  )-  C(1  )-  C(2  )-  H(7  )    5 1 1 5       -60.00    0.000    0.000    0.238    = 0.0000  
Tor:   H(3  )-  C(1  )-  C(2  )-  H(8  )    5 1 1 5       180.00    0.000    0.000    0.238    = 0.0000  
Tor:   H(4  )-  C(1  )-  C(2  )-  H(6  )    5 1 1 5       -60.00    0.000    0.000    0.238    = 0.0000  
Tor:   H(4  )-  C(1  )-  C(2  )-  H(7  )    5 1 1 5      -180.00    0.000    0.000    0.238    = 0.0000  
Tor:   H(4  )-  C(1  )-  C(2  )-  H(8  )    5 1 1 5        60.00    0.000    0.000    0.238    = 0.0000  
Tor:   H(5  )-  C(1  )-  C(2  )-  H(6  )    5 1 1 5       180.00    0.000    0.000    0.238    = 0.0000  
Tor:   H(5  )-  C(1  )-  C(2  )-  H(7  )    5 1 1 5        60.00    0.000    0.000    0.238    = 0.0000  
Tor:   H(5  )-  C(1  )-  C(2  )-  H(8  )    5 1 1 5       -60.00    0.000    0.000    0.238    = 0.0000  

Stretch-Bend Terms
          At1     At2    At3      Angle     Anat   StbnCst1   StbnCst2  Estb
StrBnd:  C(2  )- C(1  )- H(3  ) : 111.297  110.700  0.080    0.080    = 0.0006  
StrBnd:  C(2  )- C(1  )- H(4  ) : 111.297  110.700  0.080    0.080    = 0.0006  
StrBnd:  C(2  )- C(1  )- H(5  ) : 111.297  110.700  0.080    0.080    = 0.0006  
StrBnd:  C(1  )- C(2  )- H(6  ) : 111.297  110.700  0.080    0.080    = 0.0006  
StrBnd:  C(1  )- C(2  )- H(7  ) : 111.297  110.700  0.080    0.080    = 0.0006  
StrBnd:  C(1  )- C(2  )- H(8  ) : 111.297  110.700  0.080    0.080    = 0.0006  

VDW Terms - MM3 Buckingham Potential
          At1        At2    Rik    Radius     Eps          Evdw
VDW_MM3:  H(3  ) -  H(6  ) 2.538    3.240    0.020    =   0.1093
VDW_MM3:  H(3  ) -  H(7  ) 2.538    3.240    0.020    =   0.1093
VDW_MM3:  H(3  ) -  H(8  ) 3.032    3.240    0.020    =  -0.0181
VDW_MM3:  H(4  ) -  H(6  ) 2.538    3.240    0.020    =   0.1093
VDW_MM3:  H(4  ) -  H(7  ) 3.032    3.240    0.020    =  -0.0181
VDW_MM3:  H(4  ) -  H(8  ) 2.538    3.240    0.020    =   0.1093
VDW_MM3:  H(5  ) -  H(6  ) 3.032    3.240    0.020    =  -0.0181
VDW_MM3:  H(5  ) -  H(7  ) 2.538    3.240    0.020    =   0.1093
VDW_MM3:  H(5  ) -  H(8  ) 2.538    3.240    0.020    =   0.1093

Bond Dipole Terms
     At1     At2          At3     At4      Bmom-i     Bmom-j     Rik           Edd

Stretch-Torsion Terms
          At1     At2    At3     At4     Angle     Dr   StrTorConst    Phi3   Estb
StrTor:  H(3  )- C(1  )- C(2  )- H(6  ) : 0.500    0.005    0.059    0.000    = -0.0000 
StrTor:  H(3  )- C(1  )- C(2  )- H(7  ) : 0.500    0.005    0.059    0.000    = -0.0000 
StrTor:  H(3  )- C(1  )- C(2  )- H(8  ) : -1.000   0.005    0.059    0.000    = -0.0000 
StrTor:  H(4  )- C(1  )- C(2  )- H(6  ) : 0.500    0.005    0.059    0.000    = -0.0000 
StrTor:  H(4  )- C(1  )- C(2  )- H(7  ) : -1.000   0.005    0.059    0.000    = -0.0000 
StrTor:  H(4  )- C(1  )- C(2  )- H(8  ) : 0.500    0.005    0.059    0.000    = -0.0000 
StrTor:  H(5  )- C(1  )- C(2  )- H(6  ) : -1.000   0.005    0.059    0.000    = -0.0000 
StrTor:  H(5  )- C(1  )- C(2  )- H(7  ) : 0.500    0.005    0.059    0.000    = -0.0000 
StrTor:  H(5  )- C(1  )- C(2  )- H(8  ) : 0.500    0.005    0.059    0.000    = -0.0000 


Final Energy : 0.641241
Str: 0.009563    Bnd: 0.030731    Tor: 0.000000
StrBnd: 0.003509 VDW: 0.601652     QQ: 0.000000
OOP: 0.000000 AA: -0.004214     Strtor: -0.000000
Urey: 0.000000
Dielectric Const: 1.500000

Dielectric: 1.500000
