 
Following Parameters Were Estimated
 
dipole       8  338     0.0000  // estimated
bond         8  338     2.2124     1.9246   // estimated
dipole     201  338     0.0000  // estimated
bond       201  338     5.0000     1.0000   // estimated
vdwpr     201  201     2.0000     5.0000   // estimated
angle       23    8  338     1.0111   108.1000   109.0000   109.5000   // estimated

Bond Terms 
        At1       At2     R       BLen    Bconst      Eb
Bond:  H(1  ) -  N(7  ) 0.765    1.015    6.420    = 53.8671 
Bond:  H(2  ) -  N(7  ) 0.765    1.015    6.420    = 54.3037 
Bond:  H(3  ) -  N(7  ) 0.766    1.015    6.420    = 53.5119 
Bond:  H(4  ) -  N(8  ) 0.764    1.015    6.420    = 54.4287 
Bond:  H(5  ) -  N(8  ) 0.762    1.015    6.420    = 56.0645 
Bond:  H(6  ) -  N(8  ) 0.771    1.015    6.420    = 50.6693 
Bond:  N(7  ) - Pd(9  ) 1.733    1.925    2.212    = 9.5076  
Bond:  N(8  ) - Pd(9  ) 1.721    1.925    2.212    = 11.0209 
Bond: Pd(9  ) -  N(10 ) 1.733    1.925    2.212    = 9.5076  
Bond: Pd(9  ) -  N(11 ) 1.721    1.925    2.212    = 11.0209 
Bond: Pd(9  ) - Lp(18 ) 0.598    1.000    5.000    = 153.5172
Bond: Pd(9  ) - Lp(19 ) 0.682    1.000    5.000    = 79.6666 
Bond:  N(10 ) -  H(12 ) 0.765    1.015    6.420    = 53.8671 
Bond:  N(10 ) -  H(13 ) 0.765    1.015    6.420    = 54.3037 
Bond:  N(10 ) -  H(14 ) 0.766    1.015    6.420    = 53.5119 
Bond:  N(11 ) -  H(15 ) 0.764    1.015    6.420    = 54.4287 
Bond:  N(11 ) -  H(16 ) 0.762    1.015    6.420    = 56.0645 
Bond:  N(11 ) -  H(17 ) 0.771    1.015    6.420    = 50.6693 

Angle Terms 
             At1      At2      At3     Angle     Thet0   Tconst      Ebend
Angle 1-3:  H(1  )-  N(7  )-  H(2  )  109.536   107.100  0.6050   = 0.0760  
Angle 1-3:  H(1  )-  N(7  )-  H(3  )  109.498   107.100  0.6050   = 0.0737  
Angle 1-3:  H(1  )-  N(7  )- Pd(9  )  109.420   109.500  1.0111   = 0.0001  
Angle 1-3:  H(2  )-  N(7  )-  H(3  )  109.560   107.100  0.6050   = 0.0775  
Angle 1-3:  H(2  )-  N(7  )- Pd(9  )  109.426   109.500  1.0111   = 0.0001  
Angle 1-3:  H(3  )-  N(7  )- Pd(9  )  109.388   109.500  1.0111   = 0.0003  
Angle 1-3:  H(4  )-  N(8  )-  H(5  )  109.964   107.100  0.6050   = 0.1044  
Angle 1-3:  H(4  )-  N(8  )-  H(6  )  109.020   107.100  0.6050   = 0.0476  
Angle 1-3:  H(4  )-  N(8  )- Pd(9  )  109.656   109.500  1.0111   = 0.0005  
Angle 1-3:  H(5  )-  N(8  )-  H(6  )  109.226   107.100  0.6050   = 0.0582  
Angle 1-3:  H(5  )-  N(8  )- Pd(9  )  109.815   109.500  1.0111   = 0.0022  
Angle 1-3:  H(6  )-  N(8  )- Pd(9  )  109.139   109.500  1.0111   = 0.0029  
Angle 1-3: Pd(9  )-  N(10 )-  H(12 )  109.420   109.500  1.0111   = 0.0001  
Angle 1-3: Pd(9  )-  N(10 )-  H(13 )  109.426   109.500  1.0111   = 0.0001  
Angle 1-3: Pd(9  )-  N(10 )-  H(14 )  109.388   109.500  1.0111   = 0.0003  
Angle 1-3:  H(12 )-  N(10 )-  H(13 )  109.536   107.100  0.6050   = 0.0760  
Angle 1-3:  H(12 )-  N(10 )-  H(14 )  109.498   107.100  0.6050   = 0.0737  
Angle 1-3:  H(13 )-  N(10 )-  H(14 )  109.560   107.100  0.6050   = 0.0775  
Angle 1-3: Pd(9  )-  N(11 )-  H(15 )  109.656   109.500  1.0111   = 0.0005  
Angle 1-3: Pd(9  )-  N(11 )-  H(16 )  109.815   109.500  1.0111   = 0.0022  
Angle 1-3: Pd(9  )-  N(11 )-  H(17 )  109.139   109.500  1.0111   = 0.0029  
Angle 1-3:  H(15 )-  N(11 )-  H(16 )  109.964   107.100  0.6050   = 0.1044  
Angle 1-3:  H(15 )-  N(11 )-  H(17 )  109.020   107.100  0.6050   = 0.0476  
Angle 1-3:  H(16 )-  N(11 )-  H(17 )  109.226   107.100  0.6050   = 0.0582  

Angle-Angle Interactions
             Angle 1                     Angle2          Thet1     Thet0      Thet2    Thet0   Const         Eaa

Torsion Terms
        At1      At2      At3      At4       Types          Angle     V1      V2        V3         Etor

VDW Terms - MM3 Buckingham Potential
          At1        At2    Rik    Radius     Eps          Evdw
VDW_MM3:  H(1  ) -  H(4  ) 3.105    3.200    0.018    =  -0.0195
VDW_MM3:  H(1  ) -  H(5  ) 2.956    3.200    0.018    =  -0.0144
VDW_MM3:  H(1  ) -  H(6  ) 3.625    3.200    0.018    =  -0.0150
VDW_MM3:  H(1  ) -  N(8  ) 2.990    2.400    1.520    =   0.5929   HB
VDW_MM3:  H(1  ) -  N(10 ) 3.761    2.400    1.520    =   0.0599   HB
VDW_MM3:  H(1  ) -  N(11 ) 2.371    2.400    1.520    =   1.2834   HB
VDW_MM3:  H(1  ) -  H(12 ) 4.155    3.200    0.018    =  -0.0079
VDW_MM3:  H(1  ) -  H(13 ) 3.992    3.200    0.018    =  -0.0097
VDW_MM3:  H(1  ) -  H(14 ) 3.992    3.200    0.018    =  -0.0097
VDW_MM3:  H(1  ) -  H(15 ) 2.748    3.200    0.018    =   0.0099
VDW_MM3:  H(1  ) -  H(16 ) 2.907    3.200    0.018    =  -0.0110
VDW_MM3:  H(1  ) -  H(17 ) 2.009    3.200    0.018    =   1.1081
VDW_MM3:  H(1  ) - Lp(18 ) 2.243    3.100    0.033    =   0.5097
VDW_MM3:  H(1  ) - Lp(19 ) 2.078    3.100    0.033    =   1.1256
VDW_MM3:  H(2  ) -  H(4  ) 3.116    3.200    0.018    =  -0.0196
VDW_MM3:  H(2  ) -  H(5  ) 2.548    3.200    0.018    =   0.0757
VDW_MM3:  H(2  ) -  H(6  ) 3.341    3.200    0.018    =  -0.0193
VDW_MM3:  H(2  ) -  N(8  ) 2.779    2.400    1.520    =   0.6604   HB
VDW_MM3:  H(2  ) -  N(10 ) 3.760    2.400    1.520    =   0.0598   HB
VDW_MM3:  H(2  ) -  N(11 ) 2.614    2.400    1.520    =   0.7380   HB
VDW_MM3:  H(2  ) -  H(12 ) 3.992    3.200    0.018    =  -0.0097
VDW_MM3:  H(2  ) -  H(13 ) 4.155    3.200    0.018    =  -0.0079
VDW_MM3:  H(2  ) -  H(14 ) 3.992    3.200    0.018    =  -0.0097
VDW_MM3:  H(2  ) -  H(15 ) 2.735    3.200    0.018    =   0.0125
VDW_MM3:  H(2  ) -  H(16 ) 3.270    3.200    0.018    =  -0.0199
VDW_MM3:  H(2  ) -  H(17 ) 2.453    3.200    0.018    =   0.1357
VDW_MM3:  H(2  ) - Lp(18 ) 1.933    3.100    0.033    =   2.1471
VDW_MM3:  H(2  ) - Lp(19 ) 2.397    3.100    0.033    =   0.2184
VDW_MM3:  H(3  ) -  H(4  ) 2.354    3.200    0.018    =   0.2302
VDW_MM3:  H(3  ) -  H(5  ) 2.033    3.200    0.018    =   1.0028
VDW_MM3:  H(3  ) -  H(6  ) 2.931    3.200    0.018    =  -0.0128
VDW_MM3:  H(3  ) -  N(8  ) 2.248    2.400    1.520    =   2.1421   HB
VDW_MM3:  H(3  ) -  N(10 ) 3.761    2.400    1.520    =   0.0598   HB
VDW_MM3:  H(3  ) -  N(11 ) 3.083    2.400    1.520    =   0.5545   HB
VDW_MM3:  H(3  ) -  H(12 ) 3.992    3.200    0.018    =  -0.0097
VDW_MM3:  H(3  ) -  H(13 ) 3.992    3.200    0.018    =  -0.0097
VDW_MM3:  H(3  ) -  H(14 ) 4.156    3.200    0.018    =  -0.0079
VDW_MM3:  H(3  ) -  H(15 ) 3.413    3.200    0.018    =  -0.0184
VDW_MM3:  H(3  ) -  H(16 ) 3.613    3.200    0.018    =  -0.0152
VDW_MM3:  H(3  ) -  H(17 ) 2.931    3.200    0.018    =  -0.0128
VDW_MM3:  H(3  ) - Lp(18 ) 2.189    3.100    0.033    =   0.6672
VDW_MM3:  H(3  ) - Lp(19 ) 2.113    3.100    0.033    =   0.9583
VDW_MM3:  H(4  ) -  N(7  ) 2.649    2.400    1.520    =   0.7380   HB
VDW_MM3:  H(4  ) -  N(10 ) 2.746    2.400    1.520    =   0.6502   HB
VDW_MM3:  H(4  ) -  N(11 ) 3.740    2.400    1.520    =   0.0627   HB
VDW_MM3:  H(4  ) -  H(12 ) 2.748    3.200    0.018    =   0.0099
VDW_MM3:  H(4  ) -  H(13 ) 2.735    3.200    0.018    =   0.0125
VDW_MM3:  H(4  ) -  H(14 ) 3.413    3.200    0.018    =  -0.0184
VDW_MM3:  H(4  ) -  H(15 ) 4.137    3.200    0.018    =  -0.0081
VDW_MM3:  H(4  ) -  H(16 ) 3.972    3.200    0.018    =  -0.0099
VDW_MM3:  H(4  ) -  H(17 ) 3.971    3.200    0.018    =  -0.0100
VDW_MM3:  H(4  ) - Lp(18 ) 2.346    3.100    0.033    =   0.2940
VDW_MM3:  H(4  ) - Lp(19 ) 1.879    3.100    0.033    =   2.7012
VDW_MM3:  H(5  ) -  N(7  ) 2.323    2.400    1.520    =   1.5850   HB
VDW_MM3:  H(5  ) -  N(10 ) 3.027    2.400    1.520    =   0.5684   HB
VDW_MM3:  H(5  ) -  N(11 ) 3.740    2.400    1.520    =   0.0629   HB
VDW_MM3:  H(5  ) -  H(12 ) 2.907    3.200    0.018    =  -0.0110
VDW_MM3:  H(5  ) -  H(13 ) 3.270    3.200    0.018    =  -0.0199
VDW_MM3:  H(5  ) -  H(14 ) 3.613    3.200    0.018    =  -0.0152
VDW_MM3:  H(5  ) -  H(15 ) 3.972    3.200    0.018    =  -0.0099
VDW_MM3:  H(5  ) -  H(16 ) 4.136    3.200    0.018    =  -0.0081
VDW_MM3:  H(5  ) -  H(17 ) 3.971    3.200    0.018    =  -0.0100
VDW_MM3:  H(5  ) - Lp(18 ) 2.052    3.100    0.033    =   1.2690
VDW_MM3:  H(5  ) - Lp(19 ) 2.230    3.100    0.033    =   0.5436
VDW_MM3:  H(6  ) -  N(7  ) 3.061    2.400    1.520    =   0.5734   HB
VDW_MM3:  H(6  ) -  N(10 ) 2.277    2.400    1.520    =   1.8276   HB
VDW_MM3:  H(6  ) -  N(11 ) 3.737    2.400    1.520    =   0.0619   HB
VDW_MM3:  H(6  ) -  H(12 ) 2.009    3.200    0.018    =   1.1081
VDW_MM3:  H(6  ) -  H(13 ) 2.453    3.200    0.018    =   0.1357
VDW_MM3:  H(6  ) -  H(14 ) 2.931    3.200    0.018    =  -0.0128
VDW_MM3:  H(6  ) -  H(15 ) 3.971    3.200    0.018    =  -0.0100
VDW_MM3:  H(6  ) -  H(16 ) 3.971    3.200    0.018    =  -0.0100
VDW_MM3:  H(6  ) -  H(17 ) 4.134    3.200    0.018    =  -0.0081
VDW_MM3:  H(6  ) - Lp(18 ) 2.107    3.100    0.033    =   0.9835
VDW_MM3:  H(6  ) - Lp(19 ) 2.184    3.100    0.033    =   0.6840
VDW_MM3:  N(7  ) -  H(12 ) 3.761    2.400    1.520    =   0.0599   HB
VDW_MM3:  N(7  ) -  H(13 ) 3.760    2.400    1.520    =   0.0598   HB
VDW_MM3:  N(7  ) -  H(14 ) 3.761    2.400    1.520    =   0.0598   HB
VDW_MM3:  N(7  ) -  H(15 ) 2.746    2.400    1.520    =   0.6502   HB
VDW_MM3:  N(7  ) -  H(16 ) 3.027    2.400    1.520    =   0.5684   HB
VDW_MM3:  N(7  ) -  H(17 ) 2.277    2.400    1.520    =   1.8276   HB
VDW_MM3:  N(8  ) -  H(12 ) 2.371    2.400    1.520    =   1.2834   HB
VDW_MM3:  N(8  ) -  H(13 ) 2.614    2.400    1.520    =   0.7380   HB
VDW_MM3:  N(8  ) -  H(14 ) 3.083    2.400    1.520    =   0.5545   HB
VDW_MM3:  N(8  ) -  H(15 ) 3.740    2.400    1.520    =   0.0627   HB
VDW_MM3:  N(8  ) -  H(16 ) 3.740    2.400    1.520    =   0.0629   HB
VDW_MM3:  N(8  ) -  H(17 ) 3.737    2.400    1.520    =   0.0619   HB
VDW_MM3:  N(10 ) -  H(15 ) 2.649    2.400    1.520    =   0.7380   HB
VDW_MM3:  N(10 ) -  H(16 ) 2.323    2.400    1.520    =   1.5850   HB
VDW_MM3:  N(10 ) -  H(17 ) 3.061    2.400    1.520    =   0.5734   HB
VDW_MM3:  N(11 ) -  H(12 ) 2.990    2.400    1.520    =   0.5929   HB
VDW_MM3:  N(11 ) -  H(13 ) 2.779    2.400    1.520    =   0.6604   HB
VDW_MM3:  N(11 ) -  H(14 ) 2.248    2.400    1.520    =   2.1421   HB
VDW_MM3:  H(12 ) -  H(15 ) 3.105    3.200    0.018    =  -0.0195
VDW_MM3:  H(12 ) -  H(16 ) 2.956    3.200    0.018    =  -0.0144
VDW_MM3:  H(12 ) -  H(17 ) 3.625    3.200    0.018    =  -0.0150
VDW_MM3:  H(12 ) - Lp(18 ) 2.078    3.100    0.033    =   1.1270
VDW_MM3:  H(12 ) - Lp(19 ) 2.290    3.100    0.033    =   0.3986
VDW_MM3:  H(13 ) -  H(15 ) 3.116    3.200    0.018    =  -0.0196
VDW_MM3:  H(13 ) -  H(16 ) 2.548    3.200    0.018    =   0.0757
VDW_MM3:  H(13 ) -  H(17 ) 3.341    3.200    0.018    =  -0.0193
VDW_MM3:  H(13 ) - Lp(18 ) 2.368    3.100    0.033    =   0.2589
VDW_MM3:  H(13 ) - Lp(19 ) 1.953    3.100    0.033    =   1.9663
VDW_MM3:  H(14 ) -  H(15 ) 2.354    3.200    0.018    =   0.2302
VDW_MM3:  H(14 ) -  H(16 ) 2.033    3.200    0.018    =   1.0028
VDW_MM3:  H(14 ) -  H(17 ) 2.931    3.200    0.018    =  -0.0128
VDW_MM3:  H(14 ) - Lp(18 ) 2.135    3.100    0.033    =   0.8645
VDW_MM3:  H(14 ) - Lp(19 ) 2.258    3.100    0.033    =   0.4710
VDW_MM3:  H(15 ) - Lp(18 ) 1.941    3.100    0.033    =   2.0754
VDW_MM3:  H(15 ) - Lp(19 ) 2.440    3.100    0.033    =   0.1668
VDW_MM3:  H(16 ) - Lp(18 ) 2.249    3.100    0.033    =   0.4934
VDW_MM3:  H(16 ) - Lp(19 ) 2.124    3.100    0.033    =   0.9097
VDW_MM3:  H(17 ) - Lp(18 ) 2.196    3.100    0.033    =   0.6458
VDW_MM3:  H(17 ) - Lp(19 ) 2.170    3.100    0.033    =   0.7315

Bond Dipole Terms
     At1     At2          At3     At4      Bmom-i     Bmom-j     Rik           Edd
DD:  N(7  )-  H(1  ) --  N(8  )-  H(4  ) :  -1.340    -1.340     12.719    =   0.7083
DD:  N(7  )-  H(1  ) --  N(8  )-  H(5  ) :  -1.340    -1.340     11.082    =  -0.4977
DD:  N(7  )-  H(1  ) --  N(8  )-  H(6  ) :  -1.340    -1.340     17.010    =   0.8248
DD:  N(7  )-  H(1  ) --  N(10 )-  H(12 ) :  -1.340    -1.340     31.897    =  -0.0733
DD:  N(7  )-  H(1  ) --  N(10 )-  H(13 ) :  -1.340    -1.340     30.570    =   0.2505
DD:  N(7  )-  H(1  ) --  N(10 )-  H(14 ) :  -1.340    -1.340     30.628    =   0.2501
DD:  N(7  )-  H(1  ) --  N(11 )-  H(15 ) :  -1.340    -1.340     9.689     =  -0.4614
DD:  N(7  )-  H(1  ) --  N(11 )-  H(16 ) :  -1.340    -1.340     11.177    =   0.0038
DD:  N(7  )-  H(1  ) --  N(11 )-  H(17 ) :  -1.340    -1.340     6.360     =   1.6553
DD:  N(7  )-  H(2  ) --  N(8  )-  H(4  ) :  -1.340    -1.340     12.023    =  -0.1248
DD:  N(7  )-  H(2  ) --  N(8  )-  H(5  ) :  -1.340    -1.340     8.908     =   0.4400
DD:  N(7  )-  H(2  ) --  N(8  )-  H(6  ) :  -1.340    -1.340     14.654    =   0.7744
DD:  N(7  )-  H(2  ) --  N(10 )-  H(12 ) :  -1.340    -1.340     30.570    =   0.2505
DD:  N(7  )-  H(2  ) --  N(10 )-  H(13 ) :  -1.340    -1.340     31.824    =  -0.0734
DD:  N(7  )-  H(2  ) --  N(10 )-  H(14 ) :  -1.340    -1.340     30.593    =   0.2504
DD:  N(7  )-  H(2  ) --  N(11 )-  H(15 ) :  -1.340    -1.340     10.314    =   0.9712
DD:  N(7  )-  H(2  ) --  N(11 )-  H(16 ) :  -1.340    -1.340     13.483    =   0.0987
DD:  N(7  )-  H(2  ) --  N(11 )-  H(17 ) :  -1.340    -1.340     8.153     =  -0.2173
DD:  N(7  )-  H(3  ) --  N(8  )-  H(4  ) :  -1.340    -1.340     7.806     =   0.4572
DD:  N(7  )-  H(3  ) --  N(8  )-  H(5  ) :  -1.340    -1.340     6.149     =   1.0152
DD:  N(7  )-  H(3  ) --  N(8  )-  H(6  ) :  -1.340    -1.340     11.173    =  -0.6171
DD:  N(7  )-  H(3  ) --  N(10 )-  H(12 ) :  -1.340    -1.340     30.628    =   0.2501
DD:  N(7  )-  H(3  ) --  N(10 )-  H(13 ) :  -1.340    -1.340     30.593    =   0.2504
DD:  N(7  )-  H(3  ) --  N(10 )-  H(14 ) :  -1.340    -1.340     31.949    =  -0.0736
DD:  N(7  )-  H(3  ) --  N(11 )-  H(15 ) :  -1.340    -1.340     14.934    =   0.4589
DD:  N(7  )-  H(3  ) --  N(11 )-  H(16 ) :  -1.340    -1.340     17.029    =   0.9740
DD:  N(7  )-  H(3  ) --  N(11 )-  H(17 ) :  -1.340    -1.340     11.363    =  -0.4504
DD:  N(8  )-  H(4  ) --  N(10 )-  H(12 ) :  -1.340    -1.340     9.689     =  -0.4614
DD:  N(8  )-  H(4  ) --  N(10 )-  H(13 ) :  -1.340    -1.340     10.314    =   0.9712
DD:  N(8  )-  H(4  ) --  N(10 )-  H(14 ) :  -1.340    -1.340     14.934    =   0.4589
DD:  N(8  )-  H(4  ) --  N(11 )-  H(15 ) :  -1.340    -1.340     31.292    =  -0.0706
DD:  N(8  )-  H(4  ) --  N(11 )-  H(16 ) :  -1.340    -1.340     29.902    =   0.2600
DD:  N(8  )-  H(4  ) --  N(11 )-  H(17 ) :  -1.340    -1.340     30.247    =   0.2528
DD:  N(8  )-  H(5  ) --  N(10 )-  H(12 ) :  -1.340    -1.340     11.177    =   0.0038
DD:  N(8  )-  H(5  ) --  N(10 )-  H(13 ) :  -1.340    -1.340     13.483    =   0.0987
DD:  N(8  )-  H(5  ) --  N(10 )-  H(14 ) :  -1.340    -1.340     17.029    =   0.9740
DD:  N(8  )-  H(5  ) --  N(11 )-  H(15 ) :  -1.340    -1.340     29.902    =   0.2600
DD:  N(8  )-  H(5  ) --  N(11 )-  H(16 ) :  -1.340    -1.340     31.066    =  -0.0691
DD:  N(8  )-  H(5  ) --  N(11 )-  H(17 ) :  -1.340    -1.340     30.139    =   0.2545
DD:  N(8  )-  H(6  ) --  N(10 )-  H(12 ) :  -1.340    -1.340     6.360     =   1.6553
DD:  N(8  )-  H(6  ) --  N(10 )-  H(13 ) :  -1.340    -1.340     8.153     =  -0.2173
DD:  N(8  )-  H(6  ) --  N(10 )-  H(14 ) :  -1.340    -1.340     11.363    =  -0.4504
DD:  N(8  )-  H(6  ) --  N(11 )-  H(15 ) :  -1.340    -1.340     30.247    =   0.2528
DD:  N(8  )-  H(6  ) --  N(11 )-  H(16 ) :  -1.340    -1.340     30.139    =   0.2545
DD:  N(8  )-  H(6  ) --  N(11 )-  H(17 ) :  -1.340    -1.340     31.791    =  -0.0763
DD:  N(10 )-  H(12 ) --  N(11 )-  H(15 ) :  -1.340    -1.340     12.719    =   0.7083
DD:  N(10 )-  H(12 ) --  N(11 )-  H(16 ) :  -1.340    -1.340     11.082    =  -0.4977
DD:  N(10 )-  H(12 ) --  N(11 )-  H(17 ) :  -1.340    -1.340     17.010    =   0.8248
DD:  N(10 )-  H(13 ) --  N(11 )-  H(15 ) :  -1.340    -1.340     12.023    =  -0.1248
DD:  N(10 )-  H(13 ) --  N(11 )-  H(16 ) :  -1.340    -1.340     8.908     =   0.4400
DD:  N(10 )-  H(13 ) --  N(11 )-  H(17 ) :  -1.340    -1.340     14.654    =   0.7744
DD:  N(10 )-  H(14 ) --  N(11 )-  H(15 ) :  -1.340    -1.340     7.806     =   0.4572
DD:  N(10 )-  H(14 ) --  N(11 )-  H(16 ) :  -1.340    -1.340     6.149     =   1.0152
DD:  N(10 )-  H(14 ) --  N(11 )-  H(17 ) :  -1.340    -1.340     11.173    =  -0.6171

POS Metal Atom Angles (At1 - Metal - At2
                 At1        At2    Rik    Radius     Eps   Posterm       Evdw
High Coord 1,3:  N(7  ) -  N(8  ) 2.436    3.860    0.043     1.00 =   2.5406
High Coord 1,3:  N(7  ) -  N(11 ) 2.450    3.860    0.043     1.00 =   2.4166
High Coord 1,3:  N(7  ) - Lp(18 ) 1.796    3.430    0.051     1.00 =  11.9189
High Coord 1,3:  N(7  ) - Lp(19 ) 1.877    3.430    0.051     1.00 =   8.8827
High Coord 1,3:  N(8  ) -  N(10 ) 2.450    3.860    0.043     1.00 =   2.4166
High Coord 1,3:  N(8  ) - Lp(18 ) 1.843    3.430    0.051     1.00 =  10.0632
High Coord 1,3:  N(8  ) - Lp(19 ) 1.774    3.430    0.051     1.00 =  12.8548
High Coord 1,3:  N(10 ) -  N(11 ) 2.436    3.860    0.043     1.00 =   2.5406
High Coord 1,3:  N(10 ) - Lp(18 ) 1.870    3.430    0.051     1.00 =   9.1117
High Coord 1,3:  N(10 ) - Lp(19 ) 1.848    3.430    0.051     1.00 =   9.8833
High Coord 1,3:  N(11 ) - Lp(18 ) 1.801    3.430    0.051     1.00 =  11.6769
High Coord 1,3:  N(11 ) - Lp(19 ) 1.926    3.430    0.051     1.00 =   7.4358
High Coord 1,3: Lp(18 ) - Lp(19 ) 1.279    2.000    2.222     1.00 = 117.1701

Force Field: MM3
Structure: APDPZC

   1  H     23    -1.724900   0.728700  -0.982500 0
   2  H     23    -1.891500   0.912800   0.242400 0
   3  H     23    -2.088200  -0.219000  -0.251700 0
   4  H     23    -0.610800  -2.009900   0.140800 0
   5  H     23    -1.149800  -1.391300   1.083500 0
   6  H     23     0.044900  -1.746900   1.172500 0
   7  N      8    -1.658100   0.413900  -0.288000 0
   8  N      8    -0.503600  -1.492800   0.693500 0
   9  Pd   338     0.000000   0.000000  -0.000000 0
  10  N      8     1.658100  -0.413900   0.288000 0
  11  N      8     0.503600   1.492800  -0.693500 0
  12  H     23     1.724900  -0.728700   0.982500 0
  13  H     23     1.891500  -0.912800  -0.242400 0
  14  H     23     2.088200   0.219000   0.251700 0
  15  H     23     0.610800   2.009900  -0.140800 0
  16  H     23     1.149800   1.391300  -1.083500 0
  17  H     23    -0.044900   1.746900  -1.172500 0
  18  Lp   201    -0.059900   0.287400   0.520800 0
  19  Lp   201     0.024200  -0.368400  -0.573700 0

Initial Energy : 1195.724150
Str: 919.931078    Bnd: 0.887015    Tor: 0.000000
StrBnd: 0.000000 VDW: 260.279147     QQ: 14.626911
OOP: 0.000000 AA: 0.000000     Strtor: 0.000000
Urey: 0.000000
Dielectric Const: 1.500000

 10   35.241419    5.388748   0.635482   0.013778  
 20   34.420794    0.483542   0.005906   0.001715  

 Truncated Newton Raphson 
Iter    F Value    G RMS     F Move    X Move
Precond - Incomplete Cholesky is Unstable
Precond - Incomplete Cholesky is Unstable
Precond - Incomplete Cholesky is Unstable
Precond - Incomplete Cholesky is Unstable
Precond - Incomplete Cholesky is Unstable
Precond - Incomplete Cholesky is Unstable
Precond - Incomplete Cholesky is Unstable
Precond - Incomplete Cholesky is Unstable
Precond - Incomplete Cholesky is Unstable
Precond - Incomplete Cholesky is Unstable
Precond - Incomplete Cholesky is Unstable
Precond - Incomplete Cholesky is Unstable
Precond - Incomplete Cholesky is Unstable
Precond - Incomplete Cholesky is Unstable
Precond - Incomplete Cholesky is Unstable
Precond - Incomplete Cholesky is Unstable
Precond - Incomplete Cholesky is Unstable
Precond - Incomplete Cholesky is Unstable
Precond - Incomplete Cholesky is Unstable
Precond - Incomplete Cholesky is Unstable
Precond - Incomplete Cholesky is Unstable
Precond - Incomplete Cholesky is Unstable
Precond - Incomplete Cholesky is Unstable
Precond - Incomplete Cholesky is Unstable
Precond - Incomplete Cholesky is Unstable
Precond - Incomplete Cholesky is Unstable
Precond - Incomplete Cholesky is Unstable
Precond - Incomplete Cholesky is Unstable
Precond - Incomplete Cholesky is Unstable
Precond - Incomplete Cholesky is Unstable
Precond - Incomplete Cholesky is Unstable
Precond - Incomplete Cholesky is Unstable
Precond - Incomplete Cholesky is Unstable
Precond - Incomplete Cholesky is Unstable
Precond - Incomplete Cholesky is Unstable
Precond - Incomplete Cholesky is Unstable
Precond - Incomplete Cholesky is Unstable
Precond - Incomplete Cholesky is Unstable
Precond - Incomplete Cholesky is Unstable
Precond - Incomplete Cholesky is Unstable
Precond - Incomplete Cholesky is Unstable
Precond - Incomplete Cholesky is Unstable
Precond - Incomplete Cholesky is Unstable
Precond - Incomplete Cholesky is Unstable
Precond - Incomplete Cholesky is Unstable
Incomplete Convergence - TNCG Function Unchanging Hesscut = 0.057000

Bond Terms 
        At1       At2     R       BLen    Bconst      Eb
Bond:  H(1  ) -  N(7  ) 1.015    1.015    6.420    = 0.0001  
Bond:  H(2  ) -  N(7  ) 1.016    1.015    6.420    = 0.0001  
Bond:  H(3  ) -  N(7  ) 1.016    1.015    6.420    = 0.0001  
Bond:  H(4  ) -  N(8  ) 1.016    1.015    6.420    = 0.0001  
Bond:  H(5  ) -  N(8  ) 1.015    1.015    6.420    = 0.0001  
Bond:  H(6  ) -  N(8  ) 1.016    1.015    6.420    = 0.0001  
Bond:  N(7  ) - Pd(9  ) 2.056    1.925    2.212    = 2.0076  
Bond:  N(8  ) - Pd(9  ) 2.056    1.925    2.212    = 2.0076  
Bond: Pd(9  ) -  N(10 ) 2.056    1.925    2.212    = 2.0076  
Bond: Pd(9  ) -  N(11 ) 2.056    1.925    2.212    = 2.0076  
Bond: Pd(9  ) - Lp(18 ) 1.019    1.000    5.000    = 0.1258  
Bond: Pd(9  ) - Lp(19 ) 1.019    1.000    5.000    = 0.1258  
Bond:  N(10 ) -  H(12 ) 1.016    1.015    6.420    = 0.0001  
Bond:  N(10 ) -  H(13 ) 1.015    1.015    6.420    = 0.0001  
Bond:  N(10 ) -  H(14 ) 1.016    1.015    6.420    = 0.0001  
Bond:  N(11 ) -  H(15 ) 1.015    1.015    6.420    = 0.0001  
Bond:  N(11 ) -  H(16 ) 1.016    1.015    6.420    = 0.0001  
Bond:  N(11 ) -  H(17 ) 1.016    1.015    6.420    = 0.0001  

Angle Terms 
             At1      At2      At3     Angle     Thet0   Tconst      Ebend
Angle 1-3:  H(1  )-  N(7  )-  H(2  )  108.953   107.100  0.6050   = 0.0443  
Angle 1-3:  H(1  )-  N(7  )-  H(3  )  108.953   107.100  0.6050   = 0.0443  
Angle 1-3:  H(1  )-  N(7  )- Pd(9  )  110.330   109.500  1.0111   = 0.0151  
Angle 1-3:  H(2  )-  N(7  )-  H(3  )  108.888   107.100  0.6050   = 0.0413  
Angle 1-3:  H(2  )-  N(7  )- Pd(9  )  109.844   109.500  1.0111   = 0.0026  
Angle 1-3:  H(3  )-  N(7  )- Pd(9  )  109.844   109.500  1.0111   = 0.0026  
Angle 1-3:  H(4  )-  N(8  )-  H(5  )  108.953   107.100  0.6050   = 0.0443  
Angle 1-3:  H(4  )-  N(8  )-  H(6  )  108.888   107.100  0.6050   = 0.0413  
Angle 1-3:  H(4  )-  N(8  )- Pd(9  )  109.844   109.500  1.0111   = 0.0026  
Angle 1-3:  H(5  )-  N(8  )-  H(6  )  108.953   107.100  0.6050   = 0.0443  
Angle 1-3:  H(5  )-  N(8  )- Pd(9  )  110.330   109.500  1.0111   = 0.0151  
Angle 1-3:  H(6  )-  N(8  )- Pd(9  )  109.844   109.500  1.0111   = 0.0026  
Angle 1-3: Pd(9  )-  N(10 )-  H(12 )  109.844   109.500  1.0111   = 0.0026  
Angle 1-3: Pd(9  )-  N(10 )-  H(13 )  110.330   109.500  1.0111   = 0.0151  
Angle 1-3: Pd(9  )-  N(10 )-  H(14 )  109.844   109.500  1.0111   = 0.0026  
Angle 1-3:  H(12 )-  N(10 )-  H(13 )  108.953   107.100  0.6050   = 0.0443  
Angle 1-3:  H(12 )-  N(10 )-  H(14 )  108.888   107.100  0.6050   = 0.0413  
Angle 1-3:  H(13 )-  N(10 )-  H(14 )  108.953   107.100  0.6050   = 0.0443  
Angle 1-3: Pd(9  )-  N(11 )-  H(15 )  110.330   109.500  1.0111   = 0.0151  
Angle 1-3: Pd(9  )-  N(11 )-  H(16 )  109.844   109.500  1.0111   = 0.0026  
Angle 1-3: Pd(9  )-  N(11 )-  H(17 )  109.844   109.500  1.0111   = 0.0026  
Angle 1-3:  H(15 )-  N(11 )-  H(16 )  108.953   107.100  0.6050   = 0.0443  
Angle 1-3:  H(15 )-  N(11 )-  H(17 )  108.953   107.100  0.6050   = 0.0443  
Angle 1-3:  H(16 )-  N(11 )-  H(17 )  108.888   107.100  0.6050   = 0.0413  

Angle-Angle Interactions
             Angle 1                     Angle2          Thet1     Thet0      Thet2    Thet0   Const         Eaa

Torsion Terms
        At1      At2      At3      At4       Types          Angle     V1      V2        V3         Etor

VDW Terms - MM3 Buckingham Potential
          At1        At2    Rik    Radius     Eps          Evdw
VDW_MM3:  H(1  ) -  H(4  ) 2.898    3.200    0.018    =  -0.0103
VDW_MM3:  H(1  ) -  H(5  ) 3.782    3.200    0.018    =  -0.0126
VDW_MM3:  H(1  ) -  H(6  ) 3.963    3.200    0.018    =  -0.0101
VDW_MM3:  H(1  ) -  N(8  ) 3.258    2.400    1.520    =   0.1520   HB
VDW_MM3:  H(1  ) -  N(10 ) 4.536    2.400    1.520    =   0.0272   HB
VDW_MM3:  H(1  ) -  N(11 ) 3.258    2.400    1.520    =   0.1520   HB
VDW_MM3:  H(1  ) -  H(12 ) 5.001    3.200    0.018    =  -0.0028
VDW_MM3:  H(1  ) -  H(13 ) 4.791    3.200    0.018    =  -0.0035
VDW_MM3:  H(1  ) -  H(14 ) 5.001    3.200    0.018    =  -0.0028
VDW_MM3:  H(1  ) -  H(15 ) 3.782    3.200    0.018    =  -0.0126
VDW_MM3:  H(1  ) -  H(16 ) 3.963    3.200    0.018    =  -0.0101
VDW_MM3:  H(1  ) -  H(17 ) 2.898    3.200    0.018    =  -0.0103
VDW_MM3:  H(1  ) - Lp(18 ) 3.033    3.100    0.033    =  -0.0361
VDW_MM3:  H(1  ) - Lp(19 ) 2.402    3.100    0.033    =   0.2121
VDW_MM3:  H(2  ) -  H(4  ) 3.646    3.200    0.018    =  -0.0147
VDW_MM3:  H(2  ) -  H(5  ) 3.963    3.200    0.018    =  -0.0101
VDW_MM3:  H(2  ) -  H(6  ) 4.529    3.200    0.018    =  -0.0049
VDW_MM3:  H(2  ) -  N(8  ) 3.716    2.400    1.520    =   0.2062   HB
VDW_MM3:  H(2  ) -  N(10 ) 4.510    2.400    1.520    =   0.0258   HB
VDW_MM3:  H(2  ) -  N(11 ) 2.746    2.400    1.520    =  -0.1980   HB
VDW_MM3:  H(2  ) -  H(12 ) 4.973    3.200    0.018    =  -0.0028
VDW_MM3:  H(2  ) -  H(13 ) 5.001    3.200    0.018    =  -0.0028
VDW_MM3:  H(2  ) -  H(14 ) 4.734    3.200    0.018    =  -0.0038
VDW_MM3:  H(2  ) -  H(15 ) 2.898    3.200    0.018    =  -0.0103
VDW_MM3:  H(2  ) -  H(16 ) 3.646    3.200    0.018    =  -0.0147
VDW_MM3:  H(2  ) -  H(17 ) 2.464    3.200    0.018    =   0.1273
VDW_MM3:  H(2  ) - Lp(18 ) 2.544    3.100    0.033    =   0.0774
VDW_MM3:  H(2  ) - Lp(19 ) 2.904    3.100    0.033    =  -0.0301
VDW_MM3:  H(3  ) -  H(4  ) 2.464    3.200    0.018    =   0.1273
VDW_MM3:  H(3  ) -  H(5  ) 2.898    3.200    0.018    =  -0.0103
VDW_MM3:  H(3  ) -  H(6  ) 3.646    3.200    0.018    =  -0.0147
VDW_MM3:  H(3  ) -  N(8  ) 2.746    2.400    1.520    =  -0.1980   HB
VDW_MM3:  H(3  ) -  N(10 ) 4.510    2.400    1.520    =   0.0258   HB
VDW_MM3:  H(3  ) -  N(11 ) 3.716    2.400    1.520    =   0.2062   HB
VDW_MM3:  H(3  ) -  H(12 ) 4.734    3.200    0.018    =  -0.0038
VDW_MM3:  H(3  ) -  H(13 ) 5.001    3.200    0.018    =  -0.0028
VDW_MM3:  H(3  ) -  H(14 ) 4.973    3.200    0.018    =  -0.0028
VDW_MM3:  H(3  ) -  H(15 ) 3.963    3.200    0.018    =  -0.0101
VDW_MM3:  H(3  ) -  H(16 ) 4.529    3.200    0.018    =  -0.0049
VDW_MM3:  H(3  ) -  H(17 ) 3.646    3.200    0.018    =  -0.0147
VDW_MM3:  H(3  ) - Lp(18 ) 2.544    3.100    0.033    =   0.0774
VDW_MM3:  H(3  ) - Lp(19 ) 2.904    3.100    0.033    =  -0.0301
VDW_MM3:  H(4  ) -  N(7  ) 2.746    2.400    1.520    =  -0.1980   HB
VDW_MM3:  H(4  ) -  N(10 ) 3.716    2.400    1.520    =   0.2062   HB
VDW_MM3:  H(4  ) -  N(11 ) 4.510    2.400    1.520    =   0.0258   HB
VDW_MM3:  H(4  ) -  H(12 ) 3.646    3.200    0.018    =  -0.0147
VDW_MM3:  H(4  ) -  H(13 ) 3.963    3.200    0.018    =  -0.0101
VDW_MM3:  H(4  ) -  H(14 ) 4.529    3.200    0.018    =  -0.0049
VDW_MM3:  H(4  ) -  H(15 ) 5.001    3.200    0.018    =  -0.0028
VDW_MM3:  H(4  ) -  H(16 ) 4.973    3.200    0.018    =  -0.0028
VDW_MM3:  H(4  ) -  H(17 ) 4.734    3.200    0.018    =  -0.0038
VDW_MM3:  H(4  ) - Lp(18 ) 2.904    3.100    0.033    =  -0.0301
VDW_MM3:  H(4  ) - Lp(19 ) 2.544    3.100    0.033    =   0.0774
VDW_MM3:  H(5  ) -  N(7  ) 3.258    2.400    1.520    =   0.1520   HB
VDW_MM3:  H(5  ) -  N(10 ) 3.258    2.400    1.520    =   0.1520   HB
VDW_MM3:  H(5  ) -  N(11 ) 4.536    2.400    1.520    =   0.0272   HB
VDW_MM3:  H(5  ) -  H(12 ) 2.898    3.200    0.018    =  -0.0103
VDW_MM3:  H(5  ) -  H(13 ) 3.782    3.200    0.018    =  -0.0126
VDW_MM3:  H(5  ) -  H(14 ) 3.963    3.200    0.018    =  -0.0101
VDW_MM3:  H(5  ) -  H(15 ) 4.791    3.200    0.018    =  -0.0035
VDW_MM3:  H(5  ) -  H(16 ) 5.001    3.200    0.018    =  -0.0028
VDW_MM3:  H(5  ) -  H(17 ) 5.001    3.200    0.018    =  -0.0028
VDW_MM3:  H(5  ) - Lp(18 ) 2.402    3.100    0.033    =   0.2121
VDW_MM3:  H(5  ) - Lp(19 ) 3.033    3.100    0.033    =  -0.0361
VDW_MM3:  H(6  ) -  N(7  ) 3.716    2.400    1.520    =   0.2062   HB
VDW_MM3:  H(6  ) -  N(10 ) 2.746    2.400    1.520    =  -0.1980   HB
VDW_MM3:  H(6  ) -  N(11 ) 4.510    2.400    1.520    =   0.0258   HB
VDW_MM3:  H(6  ) -  H(12 ) 2.464    3.200    0.018    =   0.1273
VDW_MM3:  H(6  ) -  H(13 ) 2.898    3.200    0.018    =  -0.0103
VDW_MM3:  H(6  ) -  H(14 ) 3.646    3.200    0.018    =  -0.0147
VDW_MM3:  H(6  ) -  H(15 ) 5.001    3.200    0.018    =  -0.0028
VDW_MM3:  H(6  ) -  H(16 ) 4.734    3.200    0.018    =  -0.0038
VDW_MM3:  H(6  ) -  H(17 ) 4.973    3.200    0.018    =  -0.0028
VDW_MM3:  H(6  ) - Lp(18 ) 2.904    3.100    0.033    =  -0.0301
VDW_MM3:  H(6  ) - Lp(19 ) 2.544    3.100    0.033    =   0.0774
VDW_MM3:  N(7  ) -  H(12 ) 4.510    2.400    1.520    =   0.0258   HB
VDW_MM3:  N(7  ) -  H(13 ) 4.536    2.400    1.520    =   0.0272   HB
VDW_MM3:  N(7  ) -  H(14 ) 4.510    2.400    1.520    =   0.0258   HB
VDW_MM3:  N(7  ) -  H(15 ) 3.258    2.400    1.520    =   0.1520   HB
VDW_MM3:  N(7  ) -  H(16 ) 3.716    2.400    1.520    =   0.2062   HB
VDW_MM3:  N(7  ) -  H(17 ) 2.746    2.400    1.520    =  -0.1980   HB
VDW_MM3:  N(8  ) -  H(12 ) 2.746    2.400    1.520    =  -0.1980   HB
VDW_MM3:  N(8  ) -  H(13 ) 3.258    2.400    1.520    =   0.1520   HB
VDW_MM3:  N(8  ) -  H(14 ) 3.716    2.400    1.520    =   0.2062   HB
VDW_MM3:  N(8  ) -  H(15 ) 4.536    2.400    1.520    =   0.0272   HB
VDW_MM3:  N(8  ) -  H(16 ) 4.510    2.400    1.520    =   0.0258   HB
VDW_MM3:  N(8  ) -  H(17 ) 4.510    2.400    1.520    =   0.0258   HB
VDW_MM3:  N(10 ) -  H(15 ) 3.258    2.400    1.520    =   0.1520   HB
VDW_MM3:  N(10 ) -  H(16 ) 2.746    2.400    1.520    =  -0.1980   HB
VDW_MM3:  N(10 ) -  H(17 ) 3.716    2.400    1.520    =   0.2062   HB
VDW_MM3:  N(11 ) -  H(12 ) 3.716    2.400    1.520    =   0.2062   HB
VDW_MM3:  N(11 ) -  H(13 ) 3.258    2.400    1.520    =   0.1520   HB
VDW_MM3:  N(11 ) -  H(14 ) 2.746    2.400    1.520    =  -0.1980   HB
VDW_MM3:  H(12 ) -  H(15 ) 3.963    3.200    0.018    =  -0.0101
VDW_MM3:  H(12 ) -  H(16 ) 3.646    3.200    0.018    =  -0.0147
VDW_MM3:  H(12 ) -  H(17 ) 4.529    3.200    0.018    =  -0.0049
VDW_MM3:  H(12 ) - Lp(18 ) 2.544    3.100    0.033    =   0.0774
VDW_MM3:  H(12 ) - Lp(19 ) 2.904    3.100    0.033    =  -0.0301
VDW_MM3:  H(13 ) -  H(15 ) 3.782    3.200    0.018    =  -0.0126
VDW_MM3:  H(13 ) -  H(16 ) 2.898    3.200    0.018    =  -0.0103
VDW_MM3:  H(13 ) -  H(17 ) 3.963    3.200    0.018    =  -0.0101
VDW_MM3:  H(13 ) - Lp(18 ) 3.033    3.100    0.033    =  -0.0361
VDW_MM3:  H(13 ) - Lp(19 ) 2.402    3.100    0.033    =   0.2121
VDW_MM3:  H(14 ) -  H(15 ) 2.898    3.200    0.018    =  -0.0103
VDW_MM3:  H(14 ) -  H(16 ) 2.464    3.200    0.018    =   0.1273
VDW_MM3:  H(14 ) -  H(17 ) 3.646    3.200    0.018    =  -0.0147
VDW_MM3:  H(14 ) - Lp(18 ) 2.544    3.100    0.033    =   0.0774
VDW_MM3:  H(14 ) - Lp(19 ) 2.904    3.100    0.033    =  -0.0301
VDW_MM3:  H(15 ) - Lp(18 ) 2.402    3.100    0.033    =   0.2121
VDW_MM3:  H(15 ) - Lp(19 ) 3.033    3.100    0.033    =  -0.0361
VDW_MM3:  H(16 ) - Lp(18 ) 2.904    3.100    0.033    =  -0.0301
VDW_MM3:  H(16 ) - Lp(19 ) 2.544    3.100    0.033    =   0.0774
VDW_MM3:  H(17 ) - Lp(18 ) 2.904    3.100    0.033    =  -0.0301
VDW_MM3:  H(17 ) - Lp(19 ) 2.544    3.100    0.033    =   0.0774

Bond Dipole Terms
     At1     At2          At3     At4      Bmom-i     Bmom-j     Rik           Edd
DD:  N(7  )-  H(1  ) --  N(8  )-  H(4  ) :  -1.340    -1.340     24.710    =   0.3568
DD:  N(7  )-  H(1  ) --  N(8  )-  H(5  ) :  -1.340    -1.340     36.643    =  -0.0625
DD:  N(7  )-  H(1  ) --  N(8  )-  H(6  ) :  -1.340    -1.340     42.933    =   0.3868
DD:  N(7  )-  H(1  ) --  N(10 )-  H(12 ) :  -1.340    -1.340     96.492    =   0.0281
DD:  N(7  )-  H(1  ) --  N(10 )-  H(13 ) :  -1.340    -1.340     92.690    =   0.2168
DD:  N(7  )-  H(1  ) --  N(10 )-  H(14 ) :  -1.340    -1.340     96.492    =   0.0281
DD:  N(7  )-  H(1  ) --  N(11 )-  H(15 ) :  -1.340    -1.340     36.643    =  -0.0625
DD:  N(7  )-  H(1  ) --  N(11 )-  H(16 ) :  -1.340    -1.340     42.933    =   0.3868
DD:  N(7  )-  H(1  ) --  N(11 )-  H(17 ) :  -1.340    -1.340     24.710    =   0.3568
DD:  N(7  )-  H(2  ) --  N(8  )-  H(4  ) :  -1.340    -1.340     35.285    =  -0.2594
DD:  N(7  )-  H(2  ) --  N(8  )-  H(5  ) :  -1.340    -1.340     42.933    =   0.3868
DD:  N(7  )-  H(2  ) --  N(8  )-  H(6  ) :  -1.340    -1.340     55.268    =   0.4846
DD:  N(7  )-  H(2  ) --  N(10 )-  H(12 ) :  -1.340    -1.340     95.526    =   0.0246
DD:  N(7  )-  H(2  ) --  N(10 )-  H(13 ) :  -1.340    -1.340     96.492    =   0.0281
DD:  N(7  )-  H(2  ) --  N(10 )-  H(14 ) :  -1.340    -1.340     90.789    =   0.2172
DD:  N(7  )-  H(2  ) --  N(11 )-  H(15 ) :  -1.340    -1.340     24.710    =   0.3568
DD:  N(7  )-  H(2  ) --  N(11 )-  H(16 ) :  -1.340    -1.340     35.285    =  -0.2594
DD:  N(7  )-  H(2  ) --  N(11 )-  H(17 ) :  -1.340    -1.340     18.546    =   0.4543
DD:  N(7  )-  H(3  ) --  N(8  )-  H(4  ) :  -1.340    -1.340     18.546    =   0.4543
DD:  N(7  )-  H(3  ) --  N(8  )-  H(5  ) :  -1.340    -1.340     24.710    =   0.3568
DD:  N(7  )-  H(3  ) --  N(8  )-  H(6  ) :  -1.340    -1.340     35.285    =  -0.2594
DD:  N(7  )-  H(3  ) --  N(10 )-  H(12 ) :  -1.340    -1.340     90.789    =   0.2172
DD:  N(7  )-  H(3  ) --  N(10 )-  H(13 ) :  -1.340    -1.340     96.492    =   0.0281
DD:  N(7  )-  H(3  ) --  N(10 )-  H(14 ) :  -1.340    -1.340     95.526    =   0.0246
DD:  N(7  )-  H(3  ) --  N(11 )-  H(15 ) :  -1.340    -1.340     42.933    =   0.3868
DD:  N(7  )-  H(3  ) --  N(11 )-  H(16 ) :  -1.340    -1.340     55.268    =   0.4846
DD:  N(7  )-  H(3  ) --  N(11 )-  H(17 ) :  -1.340    -1.340     35.285    =  -0.2594
DD:  N(8  )-  H(4  ) --  N(10 )-  H(12 ) :  -1.340    -1.340     35.285    =  -0.2594
DD:  N(8  )-  H(4  ) --  N(10 )-  H(13 ) :  -1.340    -1.340     42.933    =   0.3868
DD:  N(8  )-  H(4  ) --  N(10 )-  H(14 ) :  -1.340    -1.340     55.268    =   0.4846
DD:  N(8  )-  H(4  ) --  N(11 )-  H(15 ) :  -1.340    -1.340     96.492    =   0.0281
DD:  N(8  )-  H(4  ) --  N(11 )-  H(16 ) :  -1.340    -1.340     95.526    =   0.0246
DD:  N(8  )-  H(4  ) --  N(11 )-  H(17 ) :  -1.340    -1.340     90.789    =   0.2172
DD:  N(8  )-  H(5  ) --  N(10 )-  H(12 ) :  -1.340    -1.340     24.710    =   0.3568
DD:  N(8  )-  H(5  ) --  N(10 )-  H(13 ) :  -1.340    -1.340     36.643    =  -0.0625
DD:  N(8  )-  H(5  ) --  N(10 )-  H(14 ) :  -1.340    -1.340     42.933    =   0.3868
DD:  N(8  )-  H(5  ) --  N(11 )-  H(15 ) :  -1.340    -1.340     92.690    =   0.2168
DD:  N(8  )-  H(5  ) --  N(11 )-  H(16 ) :  -1.340    -1.340     96.492    =   0.0281
DD:  N(8  )-  H(5  ) --  N(11 )-  H(17 ) :  -1.340    -1.340     96.492    =   0.0281
DD:  N(8  )-  H(6  ) --  N(10 )-  H(12 ) :  -1.340    -1.340     18.546    =   0.4543
DD:  N(8  )-  H(6  ) --  N(10 )-  H(13 ) :  -1.340    -1.340     24.710    =   0.3568
DD:  N(8  )-  H(6  ) --  N(10 )-  H(14 ) :  -1.340    -1.340     35.285    =  -0.2594
DD:  N(8  )-  H(6  ) --  N(11 )-  H(15 ) :  -1.340    -1.340     96.492    =   0.0281
DD:  N(8  )-  H(6  ) --  N(11 )-  H(16 ) :  -1.340    -1.340     90.789    =   0.2172
DD:  N(8  )-  H(6  ) --  N(11 )-  H(17 ) :  -1.340    -1.340     95.526    =   0.0246
DD:  N(10 )-  H(12 ) --  N(11 )-  H(15 ) :  -1.340    -1.340     42.933    =   0.3868
DD:  N(10 )-  H(12 ) --  N(11 )-  H(16 ) :  -1.340    -1.340     35.285    =  -0.2594
DD:  N(10 )-  H(12 ) --  N(11 )-  H(17 ) :  -1.340    -1.340     55.268    =   0.4846
DD:  N(10 )-  H(13 ) --  N(11 )-  H(15 ) :  -1.340    -1.340     36.643    =  -0.0625
DD:  N(10 )-  H(13 ) --  N(11 )-  H(16 ) :  -1.340    -1.340     24.710    =   0.3568
DD:  N(10 )-  H(13 ) --  N(11 )-  H(17 ) :  -1.340    -1.340     42.933    =   0.3868
DD:  N(10 )-  H(14 ) --  N(11 )-  H(15 ) :  -1.340    -1.340     24.710    =   0.3568
DD:  N(10 )-  H(14 ) --  N(11 )-  H(16 ) :  -1.340    -1.340     18.546    =   0.4543
DD:  N(10 )-  H(14 ) --  N(11 )-  H(17 ) :  -1.340    -1.340     35.285    =  -0.2594

POS Metal Atom Angles (At1 - Metal - At2
                 At1        At2    Rik    Radius     Eps   Posterm       Evdw
High Coord 1,3:  N(7  ) -  N(8  ) 2.908    3.860    0.043     1.00 =   0.4084
High Coord 1,3:  N(7  ) -  N(11 ) 2.908    3.860    0.043     1.00 =   0.4084
High Coord 1,3:  N(7  ) - Lp(18 ) 2.280    3.430    0.051     1.00 =   1.8833
High Coord 1,3:  N(7  ) - Lp(19 ) 2.309    3.430    0.051     1.00 =   1.6691
High Coord 1,3:  N(8  ) -  N(10 ) 2.908    3.860    0.043     1.00 =   0.4084
High Coord 1,3:  N(8  ) - Lp(18 ) 2.309    3.430    0.051     1.00 =   1.6691
High Coord 1,3:  N(8  ) - Lp(19 ) 2.280    3.430    0.051     1.00 =   1.8833
High Coord 1,3:  N(10 ) -  N(11 ) 2.908    3.860    0.043     1.00 =   0.4084
High Coord 1,3:  N(10 ) - Lp(18 ) 2.280    3.430    0.051     1.00 =   1.8833
High Coord 1,3:  N(10 ) - Lp(19 ) 2.309    3.430    0.051     1.00 =   1.6691
High Coord 1,3:  N(11 ) - Lp(18 ) 2.309    3.430    0.051     1.00 =   1.6691
High Coord 1,3:  N(11 ) - Lp(19 ) 2.280    3.430    0.051     1.00 =   1.8833
High Coord 1,3: Lp(18 ) - Lp(19 ) 2.038    2.000    2.222     1.00 =  -2.4656


Final Energy : 33.960829
Str: 8.283307    Bnd: 0.601143    Tor: 0.000000
StrBnd: 0.000000 VDW: 16.071765     QQ: 9.004614
OOP: 0.000000 AA: 0.000000     Strtor: 0.000000
Urey: 0.000000
Dielectric Const: 1.500000

Dielectric: 1.500000
