GMMX Search Results 
Temperature: 300
Average Energy: -4.90993

Pop Conf: 1 = 78.7896  E -5.07593 DE  0
Pop Conf: 2 = 21.2104  E -4.29328 DE  0.78265

Entropy of mixing is: 1.02685 cal/mol-K
At 300 deg K,   TdS = 0.308178 Kcal/mol
GMMX Search Results 
Temperature: 300
Average Energy: -4.90993

Pop Conf: 1 = 78.7896  E -5.07593 DE  0
Pop Conf: 2 = 21.2104  E -4.29328 DE  0.78265

Entropy of mixing is: 1.02685 cal/mol-K
At 300 deg K,   TdS = 0.308178 Kcal/mol
GMMX Search Results 
Temperature: 300
Average Energy: -4.90993

Pop Conf: 1 = 78.7896  E -5.07593 DE  0
Pop Conf: 2 = 21.2104  E -4.29328 DE  0.78265

Entropy of mixing is: 1.02685 cal/mol-K
At 300 deg K,   TdS = 0.308178 Kcal/mol
