GMMX Search Results 
Temperature: 300
Average Energy: -4.90993

Pop Conf: 1 = 78.7896  E -5.07593 DE  0
Pop Conf: 2 = 21.2104  E -4.29328 DE  0.78265

Entropy of mixing is: 1.02685 cal/mol-K
At 300 deg K,   TdS = 0.308178 Kcal/mol
GMMX Search Results 
Temperature: 300
Average Energy: -4.90993

Pop Conf: 1 = 78.7896  E -5.07593 DE  0
Pop Conf: 2 = 21.2104  E -4.29328 DE  0.78265

Entropy of mixing is: 1.02685 cal/mol-K
At 300 deg K,   TdS = 0.308178 Kcal/mol
GMMX Search Results 
Temperature: 300
Average Energy: -4.90993

Pop Conf: 1 = 78.7896  E -5.07593 DE  0
Pop Conf: 2 = 21.2104  E -4.29328 DE  0.78265

Entropy of mixing is: 1.02685 cal/mol-K
At 300 deg K,   TdS = 0.308178 Kcal/mol
GMMX Search Results 
Temperature: 300
Average Energy: -4.49907

Pop Conf: 1 = 6.66717  E -5.68011 DE  0
Pop Conf: 2 = 6.19632  E -5.63643 DE  0.04368
Pop Conf: 3 = 6.13471  E -5.63047 DE  0.04964
Pop Conf: 4 = 2.56992  E -5.11155 DE  0.56856
Pop Conf: 5 = 2.54936  E -5.10676 DE  0.57335
Pop Conf: 6 = 2.46298  E -5.0862 DE  0.59391
Pop Conf: 7 = 2.45033  E -5.08313 DE  0.59698
Pop Conf: 8 = 1.76797  E -4.88847 DE  0.79164
Pop Conf: 9 = 1.6762  E -4.85668 DE  0.82343
Pop Conf: 10 = 1.67589  E -4.85657 DE  0.82354
Pop Conf: 11 = 1.60617  E -4.83123 DE  0.84888
Pop Conf: 12 = 1.5717  E -4.81829 DE  0.86182
Pop Conf: 13 = 1.57062  E -4.81788 DE  0.86223
Pop Conf: 14 = 1.55725  E -4.81278 DE  0.86733
Pop Conf: 15 = 1.44917  E -4.76988 DE  0.91023
Pop Conf: 16 = 1.43772  E -4.76515 DE  0.91496
Pop Conf: 17 = 1.42473  E -4.75974 DE  0.92037
Pop Conf: 18 = 1.42111  E -4.75822 DE  0.92189
Pop Conf: 19 = 1.23073  E -4.67244 DE  1.00767
Pop Conf: 20 = 1.11484  E -4.61346 DE  1.06665
Pop Conf: 21 = 1.03039  E -4.56648 DE  1.11363
Pop Conf: 22 = 0.995829  E -4.54613 DE  1.13398
Pop Conf: 23 = 0.977302  E -4.53493 DE  1.14518
Pop Conf: 24 = 0.782921  E -4.40267 DE  1.27744
Pop Conf: 25 = 0.746063  E -4.37391 DE  1.3062
Pop Conf: 26 = 0.737048  E -4.36666 DE  1.31345
Pop Conf: 27 = 0.710105  E -4.34445 DE  1.33566
Pop Conf: 28 = 0.706128  E -4.3411 DE  1.33901
Pop Conf: 29 = 0.675903  E -4.31501 DE  1.3651
Pop Conf: 30 = 0.619977  E -4.2635 DE  1.41661
Pop Conf: 31 = 0.619021  E -4.26258 DE  1.41753
Pop Conf: 32 = 0.618959  E -4.26252 DE  1.41759
Pop Conf: 33 = 0.608912  E -4.25276 DE  1.42735
Pop Conf: 34 = 0.60469  E -4.24861 DE  1.4315
Pop Conf: 35 = 0.599601  E -4.24357 DE  1.43654
Pop Conf: 36 = 0.596783  E -4.24076 DE  1.43935
Pop Conf: 37 = 0.592505  E -4.23647 DE  1.44364
Pop Conf: 38 = 0.58082  E -4.22459 DE  1.45552
Pop Conf: 39 = 0.572466  E -4.21595 DE  1.46416
Pop Conf: 40 = 0.572149  E -4.21562 DE  1.46449
Pop Conf: 41 = 0.571881  E -4.21534 DE  1.46477
Pop Conf: 42 = 0.570827  E -4.21424 DE  1.46587
Pop Conf: 43 = 0.563694  E -4.20674 DE  1.47337
Pop Conf: 44 = 0.501276  E -4.13675 DE  1.54336
Pop Conf: 45 = 0.471921  E -4.10076 DE  1.57935
Pop Conf: 46 = 0.454746  E -4.07865 DE  1.60146
Pop Conf: 47 = 0.452199  E -4.0753 DE  1.60481
Pop Conf: 48 = 0.445396  E -4.06626 DE  1.61385
Pop Conf: 49 = 0.445239  E -4.06605 DE  1.61406
Pop Conf: 50 = 0.445045  E -4.06579 DE  1.61432
Pop Conf: 51 = 0.437844  E -4.05606 DE  1.62405
Pop Conf: 52 = 0.437623  E -4.05576 DE  1.62435
Pop Conf: 53 = 0.432176  E -4.04829 DE  1.63182
Pop Conf: 54 = 0.428022  E -4.04253 DE  1.63758
Pop Conf: 55 = 0.421626  E -4.03355 DE  1.64656
Pop Conf: 56 = 0.418492  E -4.0291 DE  1.65101
Pop Conf: 57 = 0.415708  E -4.02512 DE  1.65499
Pop Conf: 58 = 0.412646  E -4.02071 DE  1.6594
Pop Conf: 59 = 0.409887  E -4.01671 DE  1.6634
Pop Conf: 60 = 0.406649  E -4.01198 DE  1.66813
Pop Conf: 61 = 0.405506  E -4.0103 DE  1.66981
Pop Conf: 62 = 0.40503  E -4.0096 DE  1.67051
Pop Conf: 63 = 0.401851  E -4.0049 DE  1.67521
Pop Conf: 64 = 0.394295  E -3.99358 DE  1.68653
Pop Conf: 65 = 0.384386  E -3.9784 DE  1.70171
Pop Conf: 66 = 0.383106  E -3.97641 DE  1.7037
Pop Conf: 67 = 0.379531  E -3.97082 DE  1.70929
Pop Conf: 68 = 0.375991  E -3.96523 DE  1.71488
Pop Conf: 69 = 0.375562  E -3.96455 DE  1.71556
Pop Conf: 70 = 0.368557  E -3.95332 DE  1.72679
Pop Conf: 71 = 0.334313  E -3.89516 DE  1.78495
Pop Conf: 72 = 0.324444  E -3.87729 DE  1.80282
Pop Conf: 73 = 0.321924  E -3.87264 DE  1.80747
Pop Conf: 74 = 0.30985  E -3.84984 DE  1.83027
Pop Conf: 75 = 0.301658  E -3.83386 DE  1.84625
Pop Conf: 76 = 0.299792  E -3.83016 DE  1.84995
Pop Conf: 77 = 0.299215  E -3.82901 DE  1.8511
Pop Conf: 78 = 0.288349  E -3.80695 DE  1.87316
Pop Conf: 79 = 0.288253  E -3.80675 DE  1.87336
Pop Conf: 80 = 0.288011  E -3.80625 DE  1.87386
Pop Conf: 81 = 0.285549  E -3.80113 DE  1.87898
Pop Conf: 82 = 0.282909  E -3.79559 DE  1.88452
Pop Conf: 83 = 0.281263  E -3.79211 DE  1.888
Pop Conf: 84 = 0.279997  E -3.78942 DE  1.89069
Pop Conf: 85 = 0.275669  E -3.78013 DE  1.89998
Pop Conf: 86 = 0.268138  E -3.76361 DE  1.9165
Pop Conf: 87 = 0.265713  E -3.75819 DE  1.92192
Pop Conf: 88 = 0.265285  E -3.75723 DE  1.92288
Pop Conf: 89 = 0.25739  E -3.73921 DE  1.9409
Pop Conf: 90 = 0.253195  E -3.72941 DE  1.9507
Pop Conf: 91 = 0.249562  E -3.72079 DE  1.95932
Pop Conf: 92 = 0.246745  E -3.71402 DE  1.96609
Pop Conf: 93 = 0.246092  E -3.71244 DE  1.96767
Pop Conf: 94 = 0.245239  E -3.71037 DE  1.96974
Pop Conf: 95 = 0.23957  E -3.69642 DE  1.98369
Pop Conf: 96 = 0.238856  E -3.69464 DE  1.98547
Pop Conf: 97 = 0.237016  E -3.69003 DE  1.99008
Pop Conf: 98 = 0.233361  E -3.68076 DE  1.99935
Pop Conf: 99 = 0.227973  E -3.66683 DE  2.01328
Pop Conf: 100 = 0.226727  E -3.66356 DE  2.01655
Pop Conf: 101 = 0.225079  E -3.65921 DE  2.0209
Pop Conf: 102 = 0.220367  E -3.64659 DE  2.03352
Pop Conf: 103 = 0.210521  E -3.61933 DE  2.06078
Pop Conf: 104 = 0.210362  E -3.61888 DE  2.06123
Pop Conf: 105 = 0.208117  E -3.61248 DE  2.06763
Pop Conf: 106 = 0.200583  E -3.59049 DE  2.08962
Pop Conf: 107 = 0.198755  E -3.58503 DE  2.09508
Pop Conf: 108 = 0.197195  E -3.58033 DE  2.09978
Pop Conf: 109 = 0.195818  E -3.57615 DE  2.10396
Pop Conf: 110 = 0.191705  E -3.56349 DE  2.11662
Pop Conf: 111 = 0.188104  E -3.55218 DE  2.12793
Pop Conf: 112 = 0.187842  E -3.55135 DE  2.12876
Pop Conf: 113 = 0.187138  E -3.54911 DE  2.131
Pop Conf: 114 = 0.186586  E -3.54735 DE  2.13276
Pop Conf: 115 = 0.185952  E -3.54532 DE  2.13479
Pop Conf: 116 = 0.182062  E -3.53271 DE  2.1474
Pop Conf: 117 = 0.181145  E -3.5297 DE  2.15041
Pop Conf: 118 = 0.18017  E -3.52648 DE  2.15363
Pop Conf: 119 = 0.178489  E -3.52089 DE  2.15922
Pop Conf: 120 = 0.177972  E -3.51916 DE  2.16095
Pop Conf: 121 = 0.177472  E -3.51748 DE  2.16263
Pop Conf: 122 = 0.176679  E -3.51481 DE  2.1653
Pop Conf: 123 = 0.174869  E -3.50867 DE  2.17144
Pop Conf: 124 = 0.172126  E -3.49924 DE  2.18087
Pop Conf: 125 = 0.171021  E -3.4954 DE  2.18471
Pop Conf: 126 = 0.170246  E -3.49269 DE  2.18742
Pop Conf: 127 = 0.166151  E -3.47817 DE  2.20194
Pop Conf: 128 = 0.165517  E -3.47589 DE  2.20422
Pop Conf: 129 = 0.163528  E -3.46868 DE  2.21143
Pop Conf: 130 = 0.160777  E -3.45856 DE  2.22155
Pop Conf: 131 = 0.160244  E -3.45658 DE  2.22353
Pop Conf: 132 = 0.159133  E -3.45243 DE  2.22768
Pop Conf: 133 = 0.158802  E -3.45119 DE  2.22892
Pop Conf: 134 = 0.155892  E -3.44016 DE  2.23995
Pop Conf: 135 = 0.153594  E -3.4313 DE  2.24881
Pop Conf: 136 = 0.152181  E -3.42579 DE  2.25432
Pop Conf: 137 = 0.151351  E -3.42253 DE  2.25758
Pop Conf: 138 = 0.148205  E -3.41 DE  2.27011
Pop Conf: 139 = 0.144813  E -3.39619 DE  2.28392
Pop Conf: 140 = 0.137031  E -3.36325 DE  2.31686
Pop Conf: 141 = 0.135855  E -3.35811 DE  2.322
Pop Conf: 142 = 0.131036  E -3.33657 DE  2.34354
Pop Conf: 143 = 0.128838  E -3.32648 DE  2.35363
Pop Conf: 144 = 0.127471  E -3.32012 DE  2.35999
Pop Conf: 145 = 0.127177  E -3.31874 DE  2.36137
Pop Conf: 146 = 0.127108  E -3.31842 DE  2.36169
Pop Conf: 147 = 0.126274  E -3.31449 DE  2.36562
Pop Conf: 148 = 0.124024  E -3.30377 DE  2.37634
Pop Conf: 149 = 0.122573  E -3.29675 DE  2.38336
Pop Conf: 150 = 0.121584  E -3.29192 DE  2.38819
Pop Conf: 151 = 0.121173  E -3.2899 DE  2.39021
Pop Conf: 152 = 0.119962  E -3.28391 DE  2.3962
Pop Conf: 153 = 0.119623  E -3.28222 DE  2.39789
Pop Conf: 154 = 0.119308  E -3.28065 DE  2.39946
Pop Conf: 155 = 0.119224  E -3.28023 DE  2.39988
Pop Conf: 156 = 0.119037  E -3.27929 DE  2.40082
Pop Conf: 157 = 0.118467  E -3.27643 DE  2.40368
Pop Conf: 158 = 0.117879  E -3.27346 DE  2.40665
Pop Conf: 159 = 0.117776  E -3.27294 DE  2.40717
Pop Conf: 160 = 0.116548  E -3.26669 DE  2.41342
Pop Conf: 161 = 0.115275  E -3.26014 DE  2.41997
Pop Conf: 162 = 0.113678  E -3.25182 DE  2.42829
Pop Conf: 163 = 0.112861  E -3.24752 DE  2.43259
Pop Conf: 164 = 0.11235  E -3.24481 DE  2.4353
Pop Conf: 165 = 0.111371  E -3.23959 DE  2.44052
Pop Conf: 166 = 0.111333  E -3.23939 DE  2.44072
Pop Conf: 167 = 0.109671  E -3.23042 DE  2.44969
Pop Conf: 168 = 0.108732  E -3.22529 DE  2.45482
Pop Conf: 169 = 0.10679  E -3.21454 DE  2.46557
Pop Conf: 170 = 0.10662  E -3.21359 DE  2.46652
Pop Conf: 171 = 0.106133  E -3.21086 DE  2.46925
Pop Conf: 172 = 0.105937  E -3.20976 DE  2.47035
Pop Conf: 173 = 0.105843  E -3.20923 DE  2.47088
Pop Conf: 174 = 0.105492  E -3.20725 DE  2.47286
Pop Conf: 175 = 0.102812  E -3.1919 DE  2.48821
Pop Conf: 176 = 0.102037  E -3.18739 DE  2.49272
Pop Conf: 177 = 0.0994497  E -3.17207 DE  2.50804
Pop Conf: 178 = 0.0955864  E -3.14844 DE  2.53167
Pop Conf: 179 = 0.0955383  E -3.14814 DE  2.53197
Pop Conf: 180 = 0.0951052  E -3.14543 DE  2.53468
Pop Conf: 181 = 0.0935442  E -3.13556 DE  2.54455
Pop Conf: 182 = 0.0934925  E -3.13523 DE  2.54488
Pop Conf: 183 = 0.0922483  E -3.12724 DE  2.55287
Pop Conf: 184 = 0.0906628  E -3.1169 DE  2.56321
Pop Conf: 185 = 0.0905579  E -3.11621 DE  2.5639
Pop Conf: 186 = 0.0893423  E -3.10815 DE  2.57196
Pop Conf: 187 = 0.0886425  E -3.10346 DE  2.57665
Pop Conf: 188 = 0.0882821  E -3.10103 DE  2.57908
Pop Conf: 189 = 0.0877846  E -3.09766 DE  2.58245
Pop Conf: 190 = 0.0876728  E -3.0969 DE  2.58321
Pop Conf: 191 = 0.0866222  E -3.08971 DE  2.5904
Pop Conf: 192 = 0.0853778  E -3.08108 DE  2.59903
Pop Conf: 193 = 0.0849295  E -3.07794 DE  2.60217
Pop Conf: 194 = 0.084827  E -3.07722 DE  2.60289
Pop Conf: 195 = 0.0845884  E -3.07554 DE  2.60457
Pop Conf: 196 = 0.0844368  E -3.07447 DE  2.60564
Pop Conf: 197 = 0.0836014  E -3.06854 DE  2.61157
Pop Conf: 198 = 0.0823672  E -3.05967 DE  2.62044
Pop Conf: 199 = 0.0802326  E -3.04401 DE  2.6361
Pop Conf: 200 = 0.0797605  E -3.04049 DE  2.63962
Pop Conf: 201 = 0.0794495  E -3.03816 DE  2.64195
Pop Conf: 202 = 0.0779518  E -3.02681 DE  2.6533
Pop Conf: 203 = 0.075915  E -3.01102 DE  2.66909
Pop Conf: 204 = 0.0757904  E -3.01004 DE  2.67007
Pop Conf: 205 = 0.0754658  E -3.00748 DE  2.67263
Pop Conf: 206 = 0.0753697  E -3.00672 DE  2.67339
Pop Conf: 207 = 0.0750292  E -3.00402 DE  2.67609
Pop Conf: 208 = 0.072606  E -2.98444 DE  2.69567
Pop Conf: 209 = 0.0715365  E -2.97559 DE  2.70452
Pop Conf: 210 = 0.0703447  E -2.96557 DE  2.71454
Pop Conf: 211 = 0.0692238  E -2.95599 DE  2.72412
Pop Conf: 212 = 0.0687472  E -2.95187 DE  2.72824
Pop Conf: 213 = 0.0676177  E -2.94199 DE  2.73812
Pop Conf: 214 = 0.0670116  E -2.93662 DE  2.74349
Pop Conf: 215 = 0.0669735  E -2.93628 DE  2.74383
Pop Conf: 216 = 0.0643286  E -2.91225 DE  2.76786
Pop Conf: 217 = 0.0642726  E -2.91173 DE  2.76838
Pop Conf: 218 = 0.06147  E -2.88514 DE  2.79497
Pop Conf: 219 = 0.0614421  E -2.88487 DE  2.79524
Pop Conf: 220 = 0.0592438  E -2.86314 DE  2.81697
Pop Conf: 221 = 0.0590197  E -2.86088 DE  2.81923
Pop Conf: 222 = 0.0587955  E -2.85861 DE  2.8215
Pop Conf: 223 = 0.0572641  E -2.84287 DE  2.83724
Pop Conf: 224 = 0.0553412  E -2.8225 DE  2.85761
Pop Conf: 225 = 0.0552152  E -2.82114 DE  2.85897
Pop Conf: 226 = 0.0547368  E -2.81595 DE  2.86416
Pop Conf: 227 = 0.0543053  E -2.81123 DE  2.86888
Pop Conf: 228 = 0.0542916  E -2.81108 DE  2.86903
Pop Conf: 229 = 0.0539206  E -2.80699 DE  2.87312
Pop Conf: 230 = 0.0534238  E -2.80147 DE  2.87864
Pop Conf: 231 = 0.0530187  E -2.79693 DE  2.88318
Pop Conf: 232 = 0.0527907  E -2.79436 DE  2.88575
Pop Conf: 233 = 0.0520559  E -2.786 DE  2.89411
Pop Conf: 234 = 0.0519356  E -2.78462 DE  2.89549
Pop Conf: 235 = 0.0516672  E -2.78153 DE  2.89858
Pop Conf: 236 = 0.0515607  E -2.7803 DE  2.89981
Pop Conf: 237 = 0.0515037  E -2.77964 DE  2.90047
Pop Conf: 238 = 0.0514148  E -2.77861 DE  2.9015
Pop Conf: 239 = 0.0510634  E -2.77452 DE  2.90559
Pop Conf: 240 = 0.050378  E -2.76646 DE  2.91365
Pop Conf: 241 = 0.0498394  E -2.76005 DE  2.92006
Pop Conf: 242 = 0.0495378  E -2.75643 DE  2.92368
Pop Conf: 243 = 0.0483261  E -2.74166 DE  2.93845
Pop Conf: 244 = 0.0481514  E -2.7395 DE  2.94061
Pop Conf: 245 = 0.047743  E -2.73442 DE  2.94569
Pop Conf: 246 = 0.0472025  E -2.72763 DE  2.95248
Pop Conf: 247 = 0.0469129  E -2.72396 DE  2.95615
Pop Conf: 248 = 0.0460718  E -2.71317 DE  2.96694
Pop Conf: 249 = 0.0453818  E -2.70417 DE  2.97594

Entropy of mixing is: 9.31651 cal/mol-K
At 300 deg K,   TdS = 2.79608 Kcal/mol
GMMX Search Results 
Temperature: 300
Average Energy: -4.31088

Pop Conf: 1 = 10.1868  E -5.47414 DE  0
Pop Conf: 2 = 3.86668  E -4.89641 DE  0.57773
Pop Conf: 3 = 3.76212  E -4.88006 DE  0.59408
Pop Conf: 4 = 3.73578  E -4.87587 DE  0.59827
Pop Conf: 5 = 2.6978  E -4.68173 DE  0.79241
Pop Conf: 6 = 2.56206  E -4.65094 DE  0.8232
Pop Conf: 7 = 2.5609  E -4.65067 DE  0.82347
Pop Conf: 8 = 2.50955  E -4.63859 DE  0.83555
Pop Conf: 9 = 2.44599  E -4.62329 DE  0.85085
Pop Conf: 10 = 2.38559  E -4.60838 DE  0.86576
Pop Conf: 11 = 2.36532  E -4.60329 DE  0.87085
Pop Conf: 12 = 2.35954  E -4.60183 DE  0.87231
Pop Conf: 13 = 2.35847  E -4.60156 DE  0.87258
Pop Conf: 14 = 2.19817  E -4.55958 DE  0.91456
Pop Conf: 15 = 2.17237  E -4.55254 DE  0.9216
Pop Conf: 16 = 2.15489  E -4.54772 DE  0.92642
Pop Conf: 17 = 1.87804  E -4.46571 DE  1.00843
Pop Conf: 18 = 1.69807  E -4.40563 DE  1.06851
Pop Conf: 19 = 1.51106  E -4.33604 DE  1.1381
Pop Conf: 20 = 1.4901  E -4.32771 DE  1.14643
Pop Conf: 21 = 1.18535  E -4.19125 DE  1.28289
Pop Conf: 22 = 1.10563  E -4.14973 DE  1.32441
Pop Conf: 23 = 1.0746  E -4.13275 DE  1.34139
Pop Conf: 24 = 1.0731  E -4.13192 DE  1.34222
Pop Conf: 25 = 1.01354  E -4.09786 DE  1.37628
Pop Conf: 26 = 1.00015  E -4.08993 DE  1.38421
Pop Conf: 27 = 0.948727  E -4.05845 DE  1.41569
Pop Conf: 28 = 0.947281  E -4.05754 DE  1.4166
Pop Conf: 29 = 0.93491  E -4.0497 DE  1.42444
Pop Conf: 30 = 0.907997  E -4.03228 DE  1.44186
Pop Conf: 31 = 0.905686  E -4.03076 DE  1.44338
Pop Conf: 32 = 0.9001  E -4.02707 DE  1.44707
Pop Conf: 33 = 0.891643  E -4.02144 DE  1.4527
Pop Conf: 34 = 0.876376  E -4.01114 DE  1.463
Pop Conf: 35 = 0.865715  E -4.00384 DE  1.4703
Pop Conf: 36 = 0.760744  E -3.92675 DE  1.54739
Pop Conf: 37 = 0.716554  E -3.89106 DE  1.58308
Pop Conf: 38 = 0.685378  E -3.86453 DE  1.60961
Pop Conf: 39 = 0.680112  E -3.85993 DE  1.61421
Pop Conf: 40 = 0.675102  E -3.85552 DE  1.61862
Pop Conf: 41 = 0.649769  E -3.83271 DE  1.64143
Pop Conf: 42 = 0.644139  E -3.82752 DE  1.64662
Pop Conf: 43 = 0.634141  E -3.81819 DE  1.65595
Pop Conf: 44 = 0.627825  E -3.81222 DE  1.66192
Pop Conf: 45 = 0.618712  E -3.8035 DE  1.67064
Pop Conf: 46 = 0.563667  E -3.74793 DE  1.72621
Pop Conf: 47 = 0.559055  E -3.74303 DE  1.73111
Pop Conf: 48 = 0.555188  E -3.73889 DE  1.73525
Pop Conf: 49 = 0.545627  E -3.72853 DE  1.74561
Pop Conf: 50 = 0.507604  E -3.68545 DE  1.78869
Pop Conf: 51 = 0.489213  E -3.66344 DE  1.8107
Pop Conf: 52 = 0.48613  E -3.65967 DE  1.81447
Pop Conf: 53 = 0.47381  E -3.64436 DE  1.82978
Pop Conf: 54 = 0.469688  E -3.63915 DE  1.83499
Pop Conf: 55 = 0.454069  E -3.61898 DE  1.85516
Pop Conf: 56 = 0.441865  E -3.60273 DE  1.87141
Pop Conf: 57 = 0.435539  E -3.59413 DE  1.88001
Pop Conf: 58 = 0.433302  E -3.59106 DE  1.88308
Pop Conf: 59 = 0.425284  E -3.57992 DE  1.89422
Pop Conf: 60 = 0.393398  E -3.53344 DE  1.9407
Pop Conf: 61 = 0.392713  E -3.5324 DE  1.94174
Pop Conf: 62 = 0.389683  E -3.52778 DE  1.94636
Pop Conf: 63 = 0.378002  E -3.50963 DE  1.96451
Pop Conf: 64 = 0.373335  E -3.50222 DE  1.97192
Pop Conf: 65 = 0.359061  E -3.47897 DE  1.99517
Pop Conf: 66 = 0.356601  E -3.47487 DE  1.99927
Pop Conf: 67 = 0.356063  E -3.47397 DE  2.00017
Pop Conf: 68 = 0.354681  E -3.47165 DE  2.00249
Pop Conf: 69 = 0.337892  E -3.44273 DE  2.03141
Pop Conf: 70 = 0.334886  E -3.4374 DE  2.03674
Pop Conf: 71 = 0.320085  E -3.41044 DE  2.0637
Pop Conf: 72 = 0.307924  E -3.38734 DE  2.0868
Pop Conf: 73 = 0.303679  E -3.37906 DE  2.09508
Pop Conf: 74 = 0.301856  E -3.37547 DE  2.09867
Pop Conf: 75 = 0.281599  E -3.33404 DE  2.1401
Pop Conf: 76 = 0.280604  E -3.33193 DE  2.14221
Pop Conf: 77 = 0.275019  E -3.31994 DE  2.1542
Pop Conf: 78 = 0.274398  E -3.31859 DE  2.15555
Pop Conf: 79 = 0.273021  E -3.31559 DE  2.15855
Pop Conf: 80 = 0.271064  E -3.3113 DE  2.16284
Pop Conf: 81 = 0.260656  E -3.28795 DE  2.18619
Pop Conf: 82 = 0.259627  E -3.28559 DE  2.18855
Pop Conf: 83 = 0.259005  E -3.28416 DE  2.18998
Pop Conf: 84 = 0.219655  E -3.18588 DE  2.28826
Pop Conf: 85 = 0.218041  E -3.18148 DE  2.29266
Pop Conf: 86 = 0.215345  E -3.17406 DE  2.30008
Pop Conf: 87 = 0.213977  E -3.17026 DE  2.30388
Pop Conf: 88 = 0.207943  E -3.1532 DE  2.32094
Pop Conf: 89 = 0.206453  E -3.14891 DE  2.32523
Pop Conf: 90 = 0.202962  E -3.13874 DE  2.3354
Pop Conf: 91 = 0.199959  E -3.12985 DE  2.34429
Pop Conf: 92 = 0.198929  E -3.12677 DE  2.34737
Pop Conf: 93 = 0.19704  E -3.12108 DE  2.35306
Pop Conf: 94 = 0.19286  E -3.10829 DE  2.36585
Pop Conf: 95 = 0.192265  E -3.10645 DE  2.36769
Pop Conf: 96 = 0.182172  E -3.07429 DE  2.39985
Pop Conf: 97 = 0.179784  E -3.06642 DE  2.40772
Pop Conf: 98 = 0.178565  E -3.06236 DE  2.41178
Pop Conf: 99 = 0.176514  E -3.05547 DE  2.41867
Pop Conf: 100 = 0.174802  E -3.04966 DE  2.42448
Pop Conf: 101 = 0.171404  E -3.03795 DE  2.43619
Pop Conf: 102 = 0.169896  E -3.03268 DE  2.44146
Pop Conf: 103 = 0.161261  E -3.00157 DE  2.47257
Pop Conf: 104 = 0.16108  E -3.0009 DE  2.47324
Pop Conf: 105 = 0.155236  E -2.97886 DE  2.49528
Pop Conf: 106 = 0.144864  E -2.93762 DE  2.53652
Pop Conf: 107 = 0.144265  E -2.93515 DE  2.53899
Pop Conf: 108 = 0.143669  E -2.93268 DE  2.54146
Pop Conf: 109 = 0.142917  E -2.92955 DE  2.54459
Pop Conf: 110 = 0.140748  E -2.92043 DE  2.55371
Pop Conf: 111 = 0.134376  E -2.8928 DE  2.58134
Pop Conf: 112 = 0.131235  E -2.87869 DE  2.59545
Pop Conf: 113 = 0.12309  E -2.84048 DE  2.63366
Pop Conf: 114 = 0.120644  E -2.82851 DE  2.64563
Pop Conf: 115 = 0.120555  E -2.82807 DE  2.64607
Pop Conf: 116 = 0.111711  E -2.78263 DE  2.69151
Pop Conf: 117 = 0.110321  E -2.77516 DE  2.69898
Pop Conf: 118 = 0.106844  E -2.75606 DE  2.71808
Pop Conf: 119 = 0.106583  E -2.7546 DE  2.71954
Pop Conf: 120 = 0.101838  E -2.72744 DE  2.7467
Pop Conf: 121 = 0.101432  E -2.72506 DE  2.74908
Pop Conf: 122 = 0.0982945  E -2.70632 DE  2.76782
Pop Conf: 123 = 0.0964917  E -2.69528 DE  2.77886
Pop Conf: 124 = 0.0864325  E -2.62962 DE  2.84452
Pop Conf: 125 = 0.0854784  E -2.623 DE  2.85114
Pop Conf: 126 = 0.0852422  E -2.62135 DE  2.85279
Pop Conf: 127 = 0.0833162  E -2.60772 DE  2.86642
Pop Conf: 128 = 0.0820849  E -2.59884 DE  2.8753
Pop Conf: 129 = 0.0785108  E -2.57229 DE  2.90185
Pop Conf: 130 = 0.0783793  E -2.57129 DE  2.90285
Pop Conf: 131 = 0.0781405  E -2.56947 DE  2.90467
Pop Conf: 132 = 0.0777393  E -2.5664 DE  2.90774
Pop Conf: 133 = 0.0761333  E -2.55395 DE  2.92019
Pop Conf: 134 = 0.0750836  E -2.54567 DE  2.92847

Entropy of mixing is: 8.41488 cal/mol-K
At 300 deg K,   TdS = 2.52548 Kcal/mol
GMMX Search Results 
Temperature: 300
Average Energy: -5.03501

Pop Conf: 1 = 31.7645  E -6.09171 DE  0
Pop Conf: 2 = 7.98311  E -5.26807 DE  0.82364
Pop Conf: 3 = 7.38793  E -5.22186 DE  0.86985
Pop Conf: 4 = 7.33608  E -5.21766 DE  0.87405
Pop Conf: 5 = 2.98613  E -4.6816 DE  1.41011
Pop Conf: 6 = 2.94279  E -4.67288 DE  1.41883
Pop Conf: 7 = 2.90879  E -4.66595 DE  1.42576
Pop Conf: 8 = 2.10623  E -4.47341 DE  1.6183
Pop Conf: 9 = 2.00788  E -4.44489 DE  1.64682
Pop Conf: 10 = 1.95473  E -4.42889 DE  1.66282
Pop Conf: 11 = 1.90442  E -4.41334 DE  1.67837
Pop Conf: 12 = 1.86046  E -4.39941 DE  1.6923
Pop Conf: 13 = 1.84914  E -4.39577 DE  1.69594
Pop Conf: 14 = 1.83524  E -4.39127 DE  1.70044
Pop Conf: 15 = 1.74062  E -4.3597 DE  1.73201
Pop Conf: 16 = 1.69426  E -4.3436 DE  1.74811
Pop Conf: 17 = 1.46746  E -4.25789 DE  1.83382
Pop Conf: 18 = 1.32379  E -4.19644 DE  1.89527
Pop Conf: 19 = 1.16624  E -4.12087 DE  1.97084
Pop Conf: 20 = 1.16061  E -4.11798 DE  1.97373
Pop Conf: 21 = 0.913188  E -3.97499 DE  2.11672
Pop Conf: 22 = 0.833746  E -3.92071 DE  2.171
Pop Conf: 23 = 0.820584  E -3.91122 DE  2.18049
Pop Conf: 24 = 0.756761  E -3.86293 DE  2.22878
Pop Conf: 25 = 0.751879  E -3.85907 DE  2.23264
Pop Conf: 26 = 0.74459  E -3.85326 DE  2.23845
Pop Conf: 27 = 0.736593  E -3.84682 DE  2.24489
Pop Conf: 28 = 0.69973  E -3.8162 DE  2.27551
Pop Conf: 29 = 0.696978  E -3.81385 DE  2.27786
Pop Conf: 30 = 0.588201  E -3.71265 DE  2.37906
Pop Conf: 31 = 0.553449  E -3.67633 DE  2.41538
Pop Conf: 32 = 0.544402  E -3.6665 DE  2.42521
Pop Conf: 33 = 0.531201  E -3.65186 DE  2.43985
Pop Conf: 34 = 0.528102  E -3.64837 DE  2.44334
Pop Conf: 35 = 0.432018  E -3.5286 DE  2.56311
Pop Conf: 36 = 0.419294  E -3.51077 DE  2.58094
Pop Conf: 37 = 0.400681  E -3.48369 DE  2.60802
Pop Conf: 38 = 0.391969  E -3.47058 DE  2.62113
Pop Conf: 39 = 0.380846  E -3.45341 DE  2.6383
Pop Conf: 40 = 0.378122  E -3.44913 DE  2.64258
Pop Conf: 41 = 0.363604  E -3.42578 DE  2.66593
Pop Conf: 42 = 0.331634  E -3.37089 DE  2.72082
Pop Conf: 43 = 0.299321  E -3.30975 DE  2.78196
Pop Conf: 44 = 0.298669  E -3.30845 DE  2.78326
Pop Conf: 45 = 0.281603  E -3.27336 DE  2.81835
Pop Conf: 46 = 0.260941  E -3.22791 DE  2.8638
Pop Conf: 47 = 0.235887  E -3.16771 DE  2.924
Pop Conf: 48 = 0.235145  E -3.16583 DE  2.92588
Pop Conf: 49 = 0.210493  E -3.09978 DE  2.99193

Entropy of mixing is: 5.79989 cal/mol-K
At 300 deg K,   TdS = 1.74067 Kcal/mol
GMMX Search Results 
Temperature: 300
Average Energy: -4.48543

Pop Conf: 1 = 15.7324  E -5.06135 DE  0
Pop Conf: 2 = 14.4928  E -5.0124 DE  0.04895
Pop Conf: 3 = 14.4307  E -5.00984 DE  0.05151
Pop Conf: 4 = 5.7764  E -4.46379 DE  0.59756
Pop Conf: 5 = 5.66627  E -4.45231 DE  0.60904
Pop Conf: 6 = 4.12947  E -4.26362 DE  0.79773
Pop Conf: 7 = 3.96188  E -4.23891 DE  0.82244
Pop Conf: 8 = 3.93486  E -4.23483 DE  0.82652
Pop Conf: 9 = 3.80382  E -4.21463 DE  0.84672
Pop Conf: 10 = 3.71127  E -4.19994 DE  0.86141
Pop Conf: 11 = 3.61661  E -4.18453 DE  0.87682
Pop Conf: 12 = 2.88004  E -4.04871 DE  1.01264
Pop Conf: 13 = 2.25985  E -3.90408 DE  1.15727
Pop Conf: 14 = 2.2135  E -3.89172 DE  1.16963
Pop Conf: 15 = 1.71267  E -3.73873 DE  1.32262
Pop Conf: 16 = 1.60851  E -3.70131 DE  1.36004
Pop Conf: 17 = 1.48876  E -3.65517 DE  1.40618
Pop Conf: 18 = 1.48132  E -3.65218 DE  1.40917
Pop Conf: 19 = 1.16948  E -3.51121 DE  1.55014
Pop Conf: 20 = 1.03425  E -3.43792 DE  1.62343
Pop Conf: 21 = 0.827542  E -3.30494 DE  1.75641
Pop Conf: 22 = 0.822066  E -3.30098 DE  1.76037
Pop Conf: 23 = 0.753211  E -3.24881 DE  1.81254
Pop Conf: 24 = 0.690691  E -3.19713 DE  1.86422
Pop Conf: 25 = 0.567865  E -3.08035 DE  1.981
Pop Conf: 26 = 0.454203  E -2.94715 DE  2.1142
Pop Conf: 27 = 0.413198  E -2.89072 DE  2.17063
Pop Conf: 28 = 0.130691  E -2.20421 DE  2.85714
Pop Conf: 29 = 0.118453  E -2.14557 DE  2.91578
Pop Conf: 30 = 0.117237  E -2.13942 DE  2.92193

Entropy of mixing is: 5.59419 cal/mol-K
At 300 deg K,   TdS = 1.67893 Kcal/mol
