 
Following Parameters Were Estimated
 
bond         2  108     9.0000     1.2710   // equiv bond   2 37
dipole     108  145     0.2516  // estimated
bond       108  145     6.2457     1.3442   // estimated
angle        2  108  145     0.6950   110.0000     0.0000     0.0000   // estimated
angle       21  145  108     0.5430   110.0000     0.0000     0.0000   // estimated
torsion      2  108  145   21    0.000 +1   -2.400 -2    0.000 +3  // estimated values
torsion      1    2  108  145    0.000 +1    2.470 -2   -0.600 +3  // estimated values

Bond Terms 
        At1       At2     R       BLen    Bconst      Eb
Bond:  C(1  ) -  N(2  ) 1.300    1.271    9.000    = 0.4922  
Bond:  C(1  ) -  C(4  ) 1.509    1.499    6.300    = 0.0424  
Bond:  C(1  ) -  C(5  ) 1.506    1.499    6.300    = 0.0228  
Bond:  N(2  ) -  O(3  ) 1.399    1.344    6.246    = 1.1833  
Bond:  O(3  ) -  H(6  ) 0.975    0.974    7.500    = 0.0011  
Bond:  C(4  ) -  H(7  ) 1.093    1.112    4.740    = 0.1242  
Bond:  C(4  ) -  H(8  ) 1.093    1.112    4.740    = 0.1234  
Bond:  C(4  ) -  H(9  ) 1.093    1.112    4.740    = 0.1249  
Bond:  C(5  ) -  H(10 ) 1.093    1.112    4.740    = 0.1230  
Bond:  C(5  ) -  H(11 ) 1.093    1.112    4.740    = 0.1251  
Bond:  C(5  ) -  H(12 ) 1.093    1.112    4.740    = 0.1249  

Angle Terms 
             At1      At2      At3     Angle     Thet0   Tconst      Ebend
Angle InP:  N(2  )-  C(1  )-  C(4  )  124.031   117.830  0.8700   = 0.6710  
Angle InP:  N(2  )-  C(1  )-  C(5  )  118.419   117.830  0.8700   = 0.0066  
Angle InP:  C(4  )-  C(1  )-  C(5  )  117.550   117.000  0.5400   = 0.0035  
Angle 1-3:  C(1  )-  N(2  )-  O(3  )  111.276   110.000  0.6950   = 0.0244  
Angle 1-3:  N(2  )-  O(3  )-  H(6  )  102.310   110.000  0.5430   = 0.7820  
Angle 1-3:  C(1  )-  C(4  )-  H(7  )  109.680   110.400  0.5500   = 0.0063  
Angle 1-3:  C(1  )-  C(4  )-  H(8  )  109.681   110.400  0.5500   = 0.0063  
Angle 1-3:  C(1  )-  C(4  )-  H(9  )  110.392   110.400  0.5500   = 0.0000  
Angle 1-3:  H(7  )-  C(4  )-  H(8  )  109.677   107.800  0.5500   = 0.0413  
Angle 1-3:  H(7  )-  C(4  )-  H(9  )  108.701   107.800  0.5500   = 0.0097  
Angle 1-3:  H(8  )-  C(4  )-  H(9  )  108.688   107.800  0.5500   = 0.0094  
Angle 1-3:  C(1  )-  C(5  )-  H(10 )  110.780   110.400  0.5500   = 0.0017  
Angle 1-3:  C(1  )-  C(5  )-  H(11 )  109.290   110.400  0.5500   = 0.0151  
Angle 1-3:  C(1  )-  C(5  )-  H(12 )  109.293   110.400  0.5500   = 0.0150  
Angle 1-3:  H(10 )-  C(5  )-  H(11 )  109.099   107.800  0.5500   = 0.0200  
Angle 1-3:  H(10 )-  C(5  )-  H(12 )  109.105   107.800  0.5500   = 0.0202  
Angle 1-3:  H(11 )-  C(5  )-  H(12 )  109.252   107.800  0.5500   = 0.0249  

Angle-Angle Interactions
             Angle 1                     Angle2          Thet1     Thet0      Thet2    Thet0   Const         Eaa
AA:  N(2  )-  C(1  )-  C(4  )  N(2  )-  C(1  )-  C(5  ): 124.031  117.830  - 118.419  117.830  0.058    =  -0.0046
AA:  N(2  )-  C(1  )-  C(4  )  C(4  )-  C(1  )-  C(5  ): 124.031  117.830  - 117.550  117.000  0.058    =  -0.0043
AA:  N(2  )-  C(1  )-  C(5  )  C(4  )-  C(1  )-  C(5  ): 118.419  117.830  - 117.550  117.000  0.058    =  -0.0004
AA:  C(1  )-  C(4  )-  H(7  )  C(1  )-  C(4  )-  H(8  ): 109.680  110.400  - 109.681  110.400  0.090    =  -0.0010
AA:  C(1  )-  C(4  )-  H(7  )  C(1  )-  C(4  )-  H(9  ): 109.680  110.400  - 110.392  110.400  0.090    =  -0.0000
AA:  C(1  )-  C(4  )-  H(8  )  C(1  )-  C(4  )-  H(9  ): 109.681  110.400  - 110.392  110.400  0.090    =  -0.0000
AA:  C(1  )-  C(5  )-  H(10 )  C(1  )-  C(5  )-  H(11 ): 110.780  110.400  - 109.290  110.400  0.090    =   0.0008
AA:  C(1  )-  C(5  )-  H(10 )  C(1  )-  C(5  )-  H(12 ): 110.780  110.400  - 109.293  110.400  0.090    =   0.0008
AA:  C(1  )-  C(5  )-  H(11 )  C(1  )-  C(5  )-  H(12 ): 109.290  110.400  - 109.293  110.400  0.090    =  -0.0024

Out of Plane Bending Terms
    At1   At2   At3   At4      Angle     Oopconst     Eoop
Oop: 2   - 1   - 4   - 5       0.001       0.100    = 0.0000  
Oop: 2   - 1   - 5   - 4       0.001       0.100    = 0.0000  
Oop: 4   - 1   - 5   - 2       0.001       0.010    = 0.0000  

Torsion Terms
        At1      At2      At3      At4       Types          Angle     V1      V2        V3         Etor
Tor:   C(1  )-  N(2  )-  O(3  )-  H(6  )    2 108 145 21       179.98    0.000    -2.400   0.000    = -0.0000 
Tor:   N(2  )-  C(1  )-  C(4  )-  H(7  )    108 2 1 5        60.25    0.191    1.049    0.107    = 0.9336  
Tor:   N(2  )-  C(1  )-  C(4  )-  H(8  )    108 2 1 5       -60.26    0.191    1.049    0.107    = 0.9337  
Tor:   N(2  )-  C(1  )-  C(4  )-  H(9  )    108 2 1 5      -180.00    0.191    1.049    0.107    = 0.0000  
Tor:   N(2  )-  C(1  )-  C(5  )-  H(10 )    108 2 1 5        -0.02    0.191    1.049    0.107    = 0.2980  
Tor:   N(2  )-  C(1  )-  C(5  )-  H(11 )    108 2 1 5      -120.24    0.191    1.049    0.107    = 0.9373  
Tor:   N(2  )-  C(1  )-  C(5  )-  H(12 )    108 2 1 5       120.24    0.191    1.049    0.107    = 0.9373  
Tor:   O(3  )-  N(2  )-  C(1  )-  C(4  )    145 108 2 1         0.00    0.000    2.470    -0.600   = -0.6000 
Tor:   O(3  )-  N(2  )-  C(1  )-  C(5  )    145 108 2 1      -180.00    0.000    2.470    -0.600   = 0.0000  
Tor:   C(4  )-  C(1  )-  C(5  )-  H(10 )    1 2 1 5       179.98    0.000    0.000    0.540    = 0.0000  
Tor:   C(4  )-  C(1  )-  C(5  )-  H(11 )    1 2 1 5        59.76    0.000    0.000    0.540    = 0.0000  
Tor:   C(4  )-  C(1  )-  C(5  )-  H(12 )    1 2 1 5       -59.76    0.000    0.000    0.540    = 0.0000  
Tor:   C(5  )-  C(1  )-  C(4  )-  H(7  )    1 2 1 5      -119.75    0.000    0.000    0.540    = 0.5400  
Tor:   C(5  )-  C(1  )-  C(4  )-  H(8  )    1 2 1 5       119.74    0.000    0.000    0.540    = 0.5400  
Tor:   C(5  )-  C(1  )-  C(4  )-  H(9  )    1 2 1 5         0.02    0.000    0.000    0.540    = 0.5400  

Stretch-Bend Terms
          At1     At2    At3      Angle     Anat   StbnCst1   StbnCst2  Estb
StrBnd:  N(2  )- C(1  )- C(4  ) : 124.031  117.830  0.130    0.130    = 0.0777  
StrBnd:  N(2  )- C(1  )- C(5  ) : 118.419  117.830  0.130    0.130    = 0.0069  
StrBnd:  C(4  )- C(1  )- C(5  ) : 117.550  117.000  0.130    0.130    = 0.0030  
StrBnd:  C(1  )- N(2  )- O(3  ) : 111.276  110.000  0.050    0.050    = 0.0134  
StrBnd:  N(2  )- O(3  )- H(6  ) : 102.310  110.000  0.090    0.090    = -0.0956 
StrBnd:  C(1  )- C(4  )- H(7  ) : 109.680  110.400  0.080    0.080    = -0.0014 
StrBnd:  C(1  )- C(4  )- H(8  ) : 109.681  110.400  0.080    0.080    = -0.0014 
StrBnd:  C(1  )- C(4  )- H(9  ) : 110.392  110.400  0.080    0.080    = -0.0000 
StrBnd:  C(1  )- C(5  )- H(10 ) : 110.780  110.400  0.080    0.080    = 0.0005  
StrBnd:  C(1  )- C(5  )- H(11 ) : 109.290  110.400  0.080    0.080    = -0.0016 
StrBnd:  C(1  )- C(5  )- H(12 ) : 109.293  110.400  0.080    0.080    = -0.0016 

VDW Terms - MM3 Buckingham Potential
          At1        At2    Rik    Radius     Eps          Evdw
VDW_MM3:  C(1  ) -  H(6  ) 2.937    3.560    0.030    =   0.0628   HB
VDW_MM3:  N(2  ) -  H(7  ) 2.772    3.550    0.029    =   0.1690
VDW_MM3:  N(2  ) -  H(8  ) 2.772    3.550    0.029    =   0.1689
VDW_MM3:  N(2  ) -  H(9  ) 3.285    3.550    0.029    =  -0.0239
VDW_MM3:  N(2  ) -  H(10 ) 2.491    3.550    0.029    =   0.6370
VDW_MM3:  N(2  ) -  H(11 ) 3.058    3.550    0.029    =   0.0134
VDW_MM3:  N(2  ) -  H(12 ) 3.058    3.550    0.029    =   0.0134
VDW_MM3:  O(3  ) -  C(4  ) 2.652    3.860    0.040    =   1.0744
VDW_MM3:  O(3  ) -  C(5  ) 3.644    3.860    0.040    =  -0.0386
VDW_MM3:  O(3  ) -  H(7  ) 2.633    3.440    0.034    =   0.2644
VDW_MM3:  O(3  ) -  H(8  ) 2.633    3.440    0.034    =   0.2643
VDW_MM3:  O(3  ) -  H(9  ) 3.644    3.440    0.034    =  -0.0356
VDW_MM3:  O(3  ) -  H(10 ) 3.871    3.440    0.034    =  -0.0294
VDW_MM3:  O(3  ) -  H(11 ) 4.192    3.440    0.034    =  -0.0208
VDW_MM3:  O(3  ) -  H(12 ) 4.192    3.440    0.034    =  -0.0208
VDW_MM3:  C(4  ) -  H(6  ) 3.542    3.640    0.021    =  -0.0226
VDW_MM3:  C(4  ) -  H(10 ) 3.431    3.660    0.023    =  -0.0214
VDW_MM3:  C(4  ) -  H(11 ) 2.802    3.660    0.023    =   0.1780
VDW_MM3:  C(4  ) -  H(12 ) 2.802    3.660    0.023    =   0.1780
VDW_MM3:  C(5  ) -  H(6  ) 4.224    3.640    0.021    =  -0.0157
VDW_MM3:  C(5  ) -  H(7  ) 3.229    3.660    0.023    =  -0.0029
VDW_MM3:  C(5  ) -  H(8  ) 3.229    3.660    0.023    =  -0.0029
VDW_MM3:  C(5  ) -  H(9  ) 2.587    3.660    0.023    =   0.4675
VDW_MM3:  H(6  ) -  H(7  ) 3.498    3.220    0.018    =  -0.0173
VDW_MM3:  H(6  ) -  H(8  ) 3.499    3.220    0.018    =  -0.0173
VDW_MM3:  H(6  ) -  H(9  ) 4.524    3.220    0.018    =  -0.0051
VDW_MM3:  H(6  ) -  H(10 ) 4.261    3.220    0.018    =  -0.0071
VDW_MM3:  H(6  ) -  H(11 ) 4.811    3.220    0.018    =  -0.0036
VDW_MM3:  H(6  ) -  H(12 ) 4.811    3.220    0.018    =  -0.0036
VDW_MM3:  H(7  ) -  H(10 ) 4.014    3.240    0.020    =  -0.0112
VDW_MM3:  H(7  ) -  H(11 ) 3.252    3.240    0.020    =  -0.0224
VDW_MM3:  H(7  ) -  H(12 ) 3.646    3.240    0.020    =  -0.0171
VDW_MM3:  H(8  ) -  H(10 ) 4.014    3.240    0.020    =  -0.0112
VDW_MM3:  H(8  ) -  H(11 ) 3.645    3.240    0.020    =  -0.0171
VDW_MM3:  H(8  ) -  H(12 ) 3.252    3.240    0.020    =  -0.0224
VDW_MM3:  H(9  ) -  H(10 ) 3.570    3.240    0.020    =  -0.0185
VDW_MM3:  H(9  ) -  H(11 ) 2.593    3.240    0.020    =   0.0769
VDW_MM3:  H(9  ) -  H(12 ) 2.593    3.240    0.020    =   0.0769

Bond Dipole Terms
     At1     At2          At3     At4      Bmom-i     Bmom-j     Rik           Edd
DD:  C(1  )-  N(2  ) --  H(6  )-  O(3  ) :  0.826     1.700      10.889    =   1.0760
DD:  C(4  )-  C(1  ) --  N(2  )-  O(3  ) :  0.900     0.252      16.283    =  -0.3342
DD:  C(4  )-  C(1  ) --  H(6  )-  O(3  ) :  0.900     1.700      31.529    =   0.2337
DD:  C(5  )-  C(1  ) --  N(2  )-  O(3  ) :  0.900     0.252      26.314    =  -0.2116
DD:  C(5  )-  C(1  ) --  H(6  )-  O(3  ) :  0.900     1.700      50.567    =   0.6777

Stretch-Torsion Terms
          At1     At2    At3     At4     Angle     Dr   StrTorConst    Phi3   Estb
StrTor:  N(2  )- C(1  )- C(4  )- H(7  ) : 0.496    0.010    0.270    0.000    = -0.0000 
StrTor:  N(2  )- C(1  )- C(4  )- H(8  ) : 0.496    0.010    0.270    0.000    = -0.0000 
StrTor:  N(2  )- C(1  )- C(4  )- H(9  ) : -1.000   0.010    0.270    0.000    = -0.0000 
StrTor:  N(2  )- C(1  )- C(5  )- H(10 ) : 1.000    0.007    0.270    2.000    = -0.0232 
StrTor:  N(2  )- C(1  )- C(5  )- H(11 ) : -0.504   0.007    0.270    2.000    = -0.0232 
StrTor:  N(2  )- C(1  )- C(5  )- H(12 ) : -0.504   0.007    0.270    2.000    = -0.0232 
StrTor:  C(4  )- C(1  )- C(5  )- H(10 ) : -1.000   0.007    0.270    0.000    = -0.0000 
StrTor:  C(4  )- C(1  )- C(5  )- H(11 ) : 0.504    0.007    0.270    0.000    = -0.0000 
StrTor:  C(4  )- C(1  )- C(5  )- H(12 ) : 0.504    0.007    0.270    0.000    = -0.0000 
StrTor:  C(5  )- C(1  )- C(4  )- H(7  ) : -0.496   0.010    0.270    2.000    = -0.0317 
StrTor:  C(5  )- C(1  )- C(4  )- H(8  ) : -0.496   0.010    0.270    2.000    = -0.0317 
StrTor:  C(5  )- C(1  )- C(4  )- H(9  ) : 1.000    0.010    0.270    2.000    = -0.0317 

Force Field: MM3
Structure: untitled

   1  C      2    -0.487700  -0.294700  -0.368800 0
   2  N    108     0.769500   0.031500  -0.324400 0
   3  O    145     1.162500   0.362400   0.977000 0
   4  C      1    -1.398700  -0.311400   0.833800 0
   5  C      1    -1.081400  -0.681400  -1.697900 0
   6  H     21     2.106000   0.580500   0.860200 0
   7  H      5    -1.449200   0.689300   1.271400 0
   8  H      5    -1.016900  -1.018600   1.575200 0
   9  H      5    -2.407100  -0.618400   0.543600 0
  10  H      5    -0.327900  -0.631200  -2.488700 0
  11  H      5    -1.900200   0.001400  -1.940100 0
  12  H      5    -1.469000  -1.701900  -1.637200 0

Initial Energy : 13.706674
Str: 2.487149    Bnd: 1.657385    Tor: 5.059930
StrBnd: -0.000037 VDW: 3.236555     QQ: 1.441522
OOP: 0.000000 AA: -0.011128     Strtor: -0.164703
Urey: 0.000000
Dielectric Const: 1.500000

 10   10.448076    0.807978   0.007330   0.002042  
 13   10.424911    0.437572   0.001410   0.000675  

 Truncated Newton Raphson 
Iter    F Value    G RMS     F Move    X Move
Incomplete Convergence - TNCG Function Unchanging Hesscut = 0.036000

Bond Terms 
        At1       At2     R       BLen    Bconst      Eb
Bond:  C(1  ) -  N(2  ) 1.278    1.271    9.000    = 0.0292  
Bond:  C(1  ) -  C(4  ) 1.517    1.499    6.300    = 0.1364  
Bond:  C(1  ) -  C(5  ) 1.515    1.499    6.300    = 0.1175  
Bond:  N(2  ) -  O(3  ) 1.351    1.344    6.246    = 0.0209  
Bond:  O(3  ) -  H(6  ) 0.975    0.974    7.500    = 0.0005  
Bond:  C(4  ) -  H(7  ) 1.112    1.112    4.740    = 0.0000  
Bond:  C(4  ) -  H(8  ) 1.113    1.112    4.740    = 0.0001  
Bond:  C(4  ) -  H(9  ) 1.113    1.112    4.740    = 0.0002  
Bond:  C(5  ) -  H(10 ) 1.113    1.112    4.740    = 0.0003  
Bond:  C(5  ) -  H(11 ) 1.113    1.112    4.740    = 0.0002  
Bond:  C(5  ) -  H(12 ) 1.113    1.112    4.740    = 0.0001  

Angle Terms 
             At1      At2      At3     Angle     Thet0   Tconst      Ebend
Angle InP:  N(2  )-  C(1  )-  C(4  )  122.950   117.830  0.8700   = 0.4646  
Angle InP:  N(2  )-  C(1  )-  C(5  )  118.489   117.830  0.8700   = 0.0082  
Angle InP:  C(4  )-  C(1  )-  C(5  )  118.561   117.000  0.5400   = 0.0282  
Angle 1-3:  C(1  )-  N(2  )-  O(3  )  116.731   110.000  0.6950   = 0.6267  
Angle 1-3:  N(2  )-  O(3  )-  H(6  )  109.279   110.000  0.5430   = 0.0062  
Angle 1-3:  C(1  )-  C(4  )-  H(7  )  113.549   110.400  0.5500   = 0.1143  
Angle 1-3:  C(1  )-  C(4  )-  H(8  )  110.684   110.400  0.5500   = 0.0010  
Angle 1-3:  C(1  )-  C(4  )-  H(9  )  110.561   110.400  0.5500   = 0.0003  
Angle 1-3:  H(7  )-  C(4  )-  H(8  )  107.204   107.800  0.5500   = 0.0043  
Angle 1-3:  H(7  )-  C(4  )-  H(9  )  107.593   107.800  0.5500   = 0.0005  
Angle 1-3:  H(8  )-  C(4  )-  H(9  )  106.960   107.800  0.5500   = 0.0086  
Angle 1-3:  C(1  )-  C(5  )-  H(10 )  112.088   110.400  0.5500   = 0.0335  
Angle 1-3:  C(1  )-  C(5  )-  H(11 )  110.787   110.400  0.5500   = 0.0018  
Angle 1-3:  C(1  )-  C(5  )-  H(12 )  110.922   110.400  0.5500   = 0.0033  
Angle 1-3:  H(10 )-  C(5  )-  H(11 )  107.752   107.800  0.5500   = 0.0000  
Angle 1-3:  H(10 )-  C(5  )-  H(12 )  107.851   107.800  0.5500   = 0.0000  
Angle 1-3:  H(11 )-  C(5  )-  H(12 )  107.242   107.800  0.5500   = 0.0038  

Angle-Angle Interactions
             Angle 1                     Angle2          Thet1     Thet0      Thet2    Thet0   Const         Eaa
AA:  N(2  )-  C(1  )-  C(4  )  N(2  )-  C(1  )-  C(5  ): 122.836  117.830  - 118.385  117.830  0.058    =  -0.0035
AA:  N(2  )-  C(1  )-  C(4  )  C(4  )-  C(1  )-  C(5  ): 122.836  117.830  - 118.474  117.000  0.058    =  -0.0093
AA:  N(2  )-  C(1  )-  C(5  )  C(4  )-  C(1  )-  C(5  ): 118.385  117.830  - 118.474  117.000  0.058    =  -0.0010
AA:  C(1  )-  C(4  )-  H(7  )  C(1  )-  C(4  )-  H(8  ): 113.549  110.400  - 110.684  110.400  0.090    =  -0.0018
AA:  C(1  )-  C(4  )-  H(7  )  C(1  )-  C(4  )-  H(9  ): 113.549  110.400  - 110.561  110.400  0.090    =  -0.0010
AA:  C(1  )-  C(4  )-  H(8  )  C(1  )-  C(4  )-  H(9  ): 110.684  110.400  - 110.561  110.400  0.090    =  -0.0001
AA:  C(1  )-  C(5  )-  H(10 )  C(1  )-  C(5  )-  H(11 ): 112.088  110.400  - 110.787  110.400  0.090    =  -0.0013
AA:  C(1  )-  C(5  )-  H(10 )  C(1  )-  C(5  )-  H(12 ): 112.088  110.400  - 110.922  110.400  0.090    =  -0.0017
AA:  C(1  )-  C(5  )-  H(11 )  C(1  )-  C(5  )-  H(12 ): 110.787  110.400  - 110.922  110.400  0.090    =  -0.0004

Out of Plane Bending Terms
    At1   At2   At3   At4      Angle     Oopconst     Eoop
Oop: 2   - 1   - 4   - 5       1.726       0.100    = 0.0064  
Oop: 2   - 1   - 5   - 4       1.724       0.100    = 0.0064  
Oop: 4   - 1   - 5   - 2       2.047       0.010    = 0.0009  

Torsion Terms
        At1      At2      At3      At4       Types          Angle     V1      V2        V3         Etor
Tor:   C(1  )-  N(2  )-  O(3  )-  H(6  )    2 108 145 21      -101.23    0.000    -2.400   0.000    = -2.3089 
Tor:   N(2  )-  C(1  )-  C(4  )-  H(7  )    108 2 1 5       -17.65    0.191    1.049    0.107    = 0.3686  
Tor:   N(2  )-  C(1  )-  C(4  )-  H(8  )    108 2 1 5      -138.27    0.191    1.049    0.107    = 0.5733  
Tor:   N(2  )-  C(1  )-  C(4  )-  H(9  )    108 2 1 5       103.39    0.191    1.049    0.107    = 1.1541  
Tor:   N(2  )-  C(1  )-  C(5  )-  H(10 )    108 2 1 5         6.64    0.191    1.049    0.107    = 0.3082  
Tor:   N(2  )-  C(1  )-  C(5  )-  H(11 )    108 2 1 5      -113.76    0.191    1.049    0.107    = 1.0399  
Tor:   N(2  )-  C(1  )-  C(5  )-  H(12 )    108 2 1 5       127.26    0.191    1.049    0.107    = 0.8054  
Tor:   O(3  )-  N(2  )-  C(1  )-  C(4  )    145 108 2 1        -7.19    0.000    2.470    -0.600   = -0.5403 
Tor:   O(3  )-  N(2  )-  C(1  )-  C(5  )    145 108 2 1       166.36    0.000    2.470    -0.600   = 0.0640  
Tor:   C(4  )-  C(1  )-  C(5  )-  H(10 )    1 2 1 5      -179.52    0.000    0.000    0.540    = 0.0001  
Tor:   C(4  )-  C(1  )-  C(5  )-  H(11 )    1 2 1 5        60.08    0.000    0.000    0.540    = 0.0000  
Tor:   C(4  )-  C(1  )-  C(5  )-  H(12 )    1 2 1 5       -58.91    0.000    0.000    0.540    = 0.0004  
Tor:   C(5  )-  C(1  )-  C(4  )-  H(7  )    1 2 1 5       168.81    0.000    0.000    0.540    = 0.0450  
Tor:   C(5  )-  C(1  )-  C(4  )-  H(8  )    1 2 1 5        48.18    0.000    0.000    0.540    = 0.0501  
Tor:   C(5  )-  C(1  )-  C(4  )-  H(9  )    1 2 1 5       -70.15    0.000    0.000    0.540    = 0.0373  

Stretch-Bend Terms
          At1     At2    At3      Angle     Anat   StbnCst1   StbnCst2  Estb
StrBnd:  N(2  )- C(1  )- C(4  ) : 122.836  117.830  0.130    0.130    = 0.0401  
StrBnd:  N(2  )- C(1  )- C(5  ) : 118.385  117.830  0.130    0.130    = 0.0042  
StrBnd:  C(4  )- C(1  )- C(5  ) : 118.474  117.000  0.130    0.130    = 0.0164  
StrBnd:  C(1  )- N(2  )- O(3  ) : 116.731  110.000  0.050    0.050    = 0.0115  
StrBnd:  N(2  )- O(3  )- H(6  ) : 109.279  110.000  0.090    0.090    = -0.0011 
StrBnd:  C(1  )- C(4  )- H(7  ) : 113.549  110.400  0.080    0.080    = 0.0112  
StrBnd:  C(1  )- C(4  )- H(8  ) : 110.684  110.400  0.080    0.080    = 0.0010  
StrBnd:  C(1  )- C(4  )- H(9  ) : 110.561  110.400  0.080    0.080    = 0.0006  
StrBnd:  C(1  )- C(5  )- H(10 ) : 112.088  110.400  0.080    0.080    = 0.0056  
StrBnd:  C(1  )- C(5  )- H(11 ) : 110.787  110.400  0.080    0.080    = 0.0013  
StrBnd:  C(1  )- C(5  )- H(12 ) : 110.922  110.400  0.080    0.080    = 0.0017  

VDW Terms - MM3 Buckingham Potential
          At1        At2    Rik    Radius     Eps          Evdw
VDW_MM3:  C(1  ) -  H(6  ) 2.710    3.560    0.030    =   0.2481   HB
VDW_MM3:  N(2  ) -  H(7  ) 2.641    3.550    0.029    =   0.3266
VDW_MM3:  N(2  ) -  H(8  ) 3.199    3.550    0.029    =  -0.0146
VDW_MM3:  N(2  ) -  H(9  ) 3.027    3.550    0.029    =   0.0226
VDW_MM3:  N(2  ) -  H(10 ) 2.518    3.550    0.029    =   0.5673
VDW_MM3:  N(2  ) -  H(11 ) 3.040    3.550    0.029    =   0.0185
VDW_MM3:  N(2  ) -  H(12 ) 3.112    3.550    0.029    =   0.0002
VDW_MM3:  O(3  ) -  C(4  ) 2.713    3.860    0.040    =   0.8502
VDW_MM3:  O(3  ) -  C(5  ) 3.626    3.860    0.040    =  -0.0373
VDW_MM3:  O(3  ) -  H(7  ) 2.399    3.440    0.034    =   0.7959
VDW_MM3:  O(3  ) -  H(8  ) 3.595    3.440    0.034    =  -0.0367
VDW_MM3:  O(3  ) -  H(9  ) 3.199    3.440    0.034    =  -0.0295
VDW_MM3:  O(3  ) -  H(10 ) 3.853    3.440    0.034    =  -0.0299
VDW_MM3:  O(3  ) -  H(11 ) 4.131    3.440    0.034    =  -0.0223
VDW_MM3:  O(3  ) -  H(12 ) 4.295    3.440    0.034    =  -0.0184
VDW_MM3:  C(4  ) -  H(6  ) 3.153    3.640    0.021    =   0.0064
VDW_MM3:  C(4  ) -  H(10 ) 3.480    3.660    0.023    =  -0.0234
VDW_MM3:  C(4  ) -  H(11 ) 2.863    3.660    0.023    =   0.1300
VDW_MM3:  C(4  ) -  H(12 ) 2.857    3.660    0.023    =   0.1342
VDW_MM3:  C(5  ) -  H(6  ) 3.982    3.640    0.021    =  -0.0197
VDW_MM3:  C(5  ) -  H(7  ) 3.484    3.660    0.023    =  -0.0235
VDW_MM3:  C(5  ) -  H(8  ) 2.786    3.660    0.023    =   0.1927
VDW_MM3:  C(5  ) -  H(9  ) 2.931    3.660    0.023    =   0.0887
VDW_MM3:  H(6  ) -  H(7  ) 2.894    3.220    0.018    =  -0.0082
VDW_MM3:  H(6  ) -  H(8  ) 4.130    3.220    0.018    =  -0.0084
VDW_MM3:  H(6  ) -  H(9  ) 3.377    3.220    0.018    =  -0.0190
VDW_MM3:  H(6  ) -  H(10 ) 4.167    3.220    0.018    =  -0.0080
VDW_MM3:  H(6  ) -  H(11 ) 4.308    3.220    0.018    =  -0.0067
VDW_MM3:  H(6  ) -  H(12 ) 4.779    3.220    0.018    =  -0.0037
VDW_MM3:  H(7  ) -  H(10 ) 4.253    3.240    0.020    =  -0.0083
VDW_MM3:  H(7  ) -  H(11 ) 3.829    3.240    0.020    =  -0.0140
VDW_MM3:  H(7  ) -  H(12 ) 3.746    3.240    0.020    =  -0.0154
VDW_MM3:  H(8  ) -  H(10 ) 3.736    3.240    0.020    =  -0.0155
VDW_MM3:  H(8  ) -  H(11 ) 3.079    3.240    0.020    =  -0.0200
VDW_MM3:  H(8  ) -  H(12 ) 2.656    3.240    0.020    =   0.0483
VDW_MM3:  H(9  ) -  H(10 ) 3.839    3.240    0.020    =  -0.0138
VDW_MM3:  H(9  ) -  H(11 ) 2.821    3.240    0.020    =   0.0035
VDW_MM3:  H(9  ) -  H(12 ) 3.301    3.240    0.020    =  -0.0222

Bond Dipole Terms
     At1     At2          At3     At4      Bmom-i     Bmom-j     Rik           Edd
DD:  C(1  )-  N(2  ) --  H(6  )-  O(3  ) :  0.826     1.700      9.511     =   1.6126
DD:  C(4  )-  C(1  ) --  N(2  )-  O(3  ) :  0.900     0.252      16.262    =  -0.3370
DD:  C(4  )-  C(1  ) --  H(6  )-  O(3  ) :  0.900     1.700      25.874    =   0.3528
DD:  C(5  )-  C(1  ) --  N(2  )-  O(3  ) :  0.900     0.252      25.413    =  -0.2239
DD:  C(5  )-  C(1  ) --  H(6  )-  O(3  ) :  0.900     1.700      44.436    =   0.5318

Stretch-Torsion Terms
          At1     At2    At3     At4     Angle     Dr   StrTorConst    Phi3   Estb
StrTor:  N(2  )- C(1  )- C(4  )- H(7  ) : 0.953    0.018    0.270    1.603    = -0.0460 
StrTor:  N(2  )- C(1  )- C(4  )- H(8  ) : -0.746   0.018    0.270    1.576    = -0.0453 
StrTor:  N(2  )- C(1  )- C(4  )- H(9  ) : -0.232   0.018    0.270    1.645    = -0.0473 
StrTor:  N(2  )- C(1  )- C(5  )- H(10 ) : 0.993    0.016    0.270    1.940    = -0.0517 
StrTor:  N(2  )- C(1  )- C(5  )- H(11 ) : -0.403   0.016    0.270    1.947    = -0.0518 
StrTor:  N(2  )- C(1  )- C(5  )- H(12 ) : -0.605   0.016    0.270    1.929    = -0.0514 
StrTor:  C(4  )- C(1  )- C(5  )- H(10 ) : -1.000   0.016    0.270    0.000    = -0.0000 
StrTor:  C(4  )- C(1  )- C(5  )- H(11 ) : 0.499    0.016    0.270    0.000    = -0.0000 
StrTor:  C(4  )- C(1  )- C(5  )- H(12 ) : 0.516    0.016    0.270    0.002    = -0.0000 
StrTor:  C(5  )- C(1  )- C(4  )- H(7  ) : -0.981   0.018    0.270    0.167    = -0.0048 
StrTor:  C(5  )- C(1  )- C(4  )- H(8  ) : 0.667    0.018    0.270    0.185    = -0.0053 
StrTor:  C(5  )- C(1  )- C(4  )- H(9  ) : 0.340    0.018    0.270    0.138    = -0.0040 


Final Energy : 7.937636
Str: 0.305508    Bnd: 1.305518    Tor: 1.597191
StrBnd: 0.092545 VDW: 3.014642     QQ: 1.936340
OOP: 0.013624 AA: -0.020130     Strtor: -0.307601
Urey: 0.000000
Dielectric Const: 1.500000

Dielectric: 1.500000
