 
Following Parameters Were Estimated
 
dipole5    237  321     0.0000  // estimated
bond5      237  321     1.0600     1.9901   // estimated
dipole     206  321     0.0000  // estimated
bond       206  321     1.2357     2.0247   // estimated
dipole     147  321     0.0000  // estimated
bond       147  321     1.3268     2.0022   // estimated
bond5      147  321     1.3268     2.0022  // equiv bond 147321
dipole5      2   15     0.1667  // estimated
bond5        2   15     3.4865     1.7391   // estimated
bond5        3  147     7.5700     1.2500  // equiv bond   3 47
angle5       2   15    2     0.6950    95.0000     0.0000     0.0000   // estimated
angle5      15    2   40     0.6950   120.0000     0.0000     0.0000   // estimated
angle       15    2  237     0.6950   120.0000     0.0000     0.0000   // estimated
angle       40    2  237     1.2000   120.0000     0.0000     0.0000   // equiv angle   9  2 37
angle5       3    1  237     0.6950   109.5000     0.0000     0.0000   // estimated
angle5       2    2   15     0.6950   120.0000     0.0000     0.0000   // estimated
angle        1    2   15     0.6950   120.0000     0.0000     0.0000   // estimated
angle        2  237  321     0.4844   128.0000     0.0000     0.0000   // estimated
angle5       1  237  321     0.4844   128.0000     0.0000     0.0000   // estimated
angle        1  237    2     0.7200   109.0000     0.0000     0.0000   // equiv angle   1 37  2
angle        3  147  321     0.2654   125.6104     0.0000     0.0000   // estimated
angle5       3  147  321     0.2654   125.6104     0.0000     0.0000   // equiv angle   3147321
opbend       0  237  321    0     5.3000   // estimate
torsion     15    2  237  321    0.000 +1   10.600 -2    0.000 +3  // estimated values
torsion     40    2  237  321    0.000 +1   10.600 -2    0.000 +3  // estimated values
torsion5     3    1  237  321    0.000 +1    0.000 -2    0.000 +3  // set zero
torsion      5    1  237  321    0.000 +1    0.000 -2    0.000 +3  // set zero
torsion      1    3  147  321    0.000 +1    1.327 -2    0.000 +3  // estimated values
torsion     47    3  147  321    0.000 +1    1.327 -2    0.000 +3  // estimated values
torsion     15    2   40    1    0.000 +1   11.600 -2    0.000 +3  // estimated values
torsion5    15    2   40    2    0.000 +1   11.600 -2    0.000 +3  // estimated values
torsion     15    2  237    1    0.000 +1    0.000 -2    0.000 +3  // estimated values
torsion5    15    2    2   40    0.000 +1   11.600 -2    0.000 +3  // estimated values
torsion      5    2    2   15    0.000 +1   11.600 -2    0.000 +3  // estimated values
torsion      5    1    2   15    0.000 +1    0.160 -2    0.090 +3  // estimated values
torsion5    40    2   15    2    0.000 +1    1.700 -2    0.200 +3  // estimated values
torsion     40    2  237    1    0.000 +1    0.000 -2    0.000 +3  // estimated values
torsion     40    1    3  147    0.000 +1    0.800 -2    1.500 +3  // equiv torsion   9  1  3 47
torsion     40    1    3   47    0.000 +1    0.800 -2    1.500 +3  // equiv torsion   9  1  3 47
torsion5     2    2   15    2    0.000 +1    1.700 -2    0.200 +3  // estimated values
torsion      1    2   15    2    0.000 +1    1.700 -2    0.200 +3  // estimated values
torsion      3    1  237    2    0.000 +1    0.000 -2    0.360 +3  // estimated values
torsion    237    2   15    2    0.000 +1    1.700 -2    0.200 +3  // estimated values
torsion5   237    1    3  147    0.000 +1    0.160 -2    0.090 +3  // estimated values
torsion    237    1    3   47    0.000 +1    0.160 -2    0.090 +3  // estimated values

Bond Terms 
        At1       At2     R       BLen    Bconst      Eb
Bond: Ni(1  ) -  N(14 ) 2.074    1.990    1.060    = 0.4336  
Bond: Ni(1  ) -  O(17 ) 2.047    2.025    1.236    = 0.0431  
Bond: Ni(1  ) -  O(18 ) 2.103    2.025    1.236    = 0.4534  
Bond: Ni(1  ) -  O(19 ) 2.056    2.002    1.327    = 0.2436  
Bond: Ni(1  ) -  O(20 ) 2.036    2.002    1.327    = 0.0993  
Bond: Ni(1  ) -  O(23 ) 2.077    2.025    1.236    = 0.2165  
Bond:  S(2  ) -  C(4  ) 1.760    1.739    3.487    = 0.1033  
Bond:  S(2  ) -  C(13 ) 1.758    1.739    3.487    = 0.0891  
Bond:  N(3  ) -  C(4  ) 1.365    1.268    9.700    = 5.1493  
Bond:  N(3  ) -  C(10 ) 1.465    1.452    4.230    = 0.0530  
Bond:  N(3  ) -  C(15 ) 1.396    1.268    9.700    = 8.4660  
Bond:  C(4  ) -  N(14 ) 1.296    1.258    10.000   = 0.9353  
Bond:  C(5  ) -  C(7  ) 1.521    1.518    4.800    = 0.0031  
Bond:  C(5  ) -  O(20 ) 1.265    1.250    7.570    = 0.1253  
Bond:  C(5  ) -  O(22 ) 1.240    1.250    7.570    = 0.0612  
Bond:  C(6  ) -  C(10 ) 1.516    1.498    4.800    = 0.1115  
Bond:  C(6  ) -  O(19 ) 1.253    1.250    7.570    = 0.0053  
Bond:  C(6  ) -  O(21 ) 1.249    1.250    7.570    = 0.0008  
Bond:  C(7  ) -  H(8  ) 0.970    1.107    4.902    = 9.4240  
Bond:  C(7  ) -  H(9  ) 0.971    1.107    4.902    = 9.3032  
Bond:  C(7  ) -  N(14 ) 1.458    1.470    3.950    = 0.0442  
Bond:  C(10 ) -  H(11 ) 0.970    1.107    4.902    = 9.3554  
Bond:  C(10 ) -  H(12 ) 0.969    1.107    4.902    = 9.4984  
Bond:  C(13 ) -  C(15 ) 1.331    1.334    7.700    = 0.0061  
Bond:  C(13 ) -  C(24 ) 1.491    1.499    6.300    = 0.0284  
Bond:  C(15 ) -  H(16 ) 0.930    1.101    5.150    = 16.8056 
Bond:  C(24 ) -  H(25 ) 0.960    1.112    4.740    = 11.6405 
Bond:  C(24 ) -  H(26 ) 0.959    1.112    4.740    = 11.7547 
Bond:  C(24 ) -  H(27 ) 0.960    1.112    4.740    = 11.6096 

Angle Terms 
             At1      At2      At3     Angle     Thet0   Tconst      Ebend
Angle 1-3:  C(4  )-  S(2  )-  C(13 )  91.576    95.000   0.6950   = 0.1873  
Angle InP:  C(4  )-  N(3  )-  C(10 )  123.181   120.500  0.4900   = 0.0743  
Angle InP:  C(4  )-  N(3  )-  C(15 )  114.221   126.100  0.5500   = 1.9999  
Angle InP:  C(10 )-  N(3  )-  C(15 )  122.599   120.500  0.4900   = 0.0459  
Angle InP:  S(2  )-  C(4  )-  N(3  )  109.245   120.000  0.6950   = 2.0404  
Angle InP:  S(2  )-  C(4  )-  N(14 )  126.359   120.000  0.6950   = 0.5623  
Angle 1-3:  N(3  )-  C(4  )-  N(14 )  124.393   120.000  1.2000   = 0.4769  
Angle InP:  C(7  )-  C(5  )-  O(20 )  116.650   121.400  0.8000   = 0.4223  
Angle InP:  C(7  )-  C(5  )-  O(22 )  118.562   120.200  0.8000   = 0.0481  
Angle InP:  O(20 )-  C(5  )-  O(22 )  124.788   125.100  1.6000   = 0.0034  
Angle InP:  C(10 )-  C(6  )-  O(19 )  118.854   119.200  0.8000   = 0.0021  
Angle InP:  C(10 )-  C(6  )-  O(21 )  117.512   120.200  0.8000   = 0.1315  
Angle InP:  O(19 )-  C(6  )-  O(21 )  123.634   125.100  1.6000   = 0.0769  
Angle 1-3:  C(5  )-  C(7  )-  H(8  )  109.377   109.490  0.5400   = 0.0002  
Angle 1-3:  C(5  )-  C(7  )-  H(9  )  109.325   109.490  0.5400   = 0.0003  
Angle 1-3:  C(5  )-  C(7  )-  N(14 )  111.455   109.500  0.6950   = 0.0566  
Angle 1-3:  H(8  )-  C(7  )-  H(9  )  107.964   107.600  0.5500   = 0.0016  
Angle 1-3:  H(8  )-  C(7  )-  N(14 )  109.359   107.500  0.8030   = 0.0593  
Angle 1-3:  H(9  )-  C(7  )-  N(14 )  109.290   107.500  0.8030   = 0.0550  
Angle 1-3:  N(3  )-  C(10 )-  C(6  )  113.909   112.300  0.8500   = 0.0472  
Angle 1-3:  N(3  )-  C(10 )-  H(11 )  108.754   109.400  0.3600   = 0.0033  
Angle 1-3:  N(3  )-  C(10 )-  H(12 )  108.728   109.400  0.3600   = 0.0036  
Angle 1-3:  C(6  )-  C(10 )-  H(11 )  108.813   109.490  0.5400   = 0.0055  
Angle 1-3:  C(6  )-  C(10 )-  H(12 )  108.805   109.490  0.5400   = 0.0056  
Angle 1-3:  H(11 )-  C(10 )-  H(12 )  107.654   107.600  0.5500   = 0.0000  
Angle InP:  S(2  )-  C(13 )-  C(15 )  109.808   120.000  0.6950   = 1.8187  
Angle InP:  S(2  )-  C(13 )-  C(24 )  121.000   120.000  0.6950   = 0.0150  
Angle 1-3:  C(15 )-  C(13 )-  C(24 )  129.189   122.300  0.4700   = 0.4428  
Angle InP: Ni(1  )-  N(14 )-  C(4  )  128.400   128.000  0.4844   = 0.0017  
Angle InP: Ni(1  )-  N(14 )-  C(7  )  112.304   128.000  0.4844   = 3.2367  
Angle InP:  C(4  )-  N(14 )-  C(7  )  119.296   109.000  0.7200   = 1.4407  
Angle InP:  N(3  )-  C(15 )-  C(13 )  115.488   120.100  0.5500   = 0.2733  
Angle InP:  N(3  )-  C(15 )-  H(16 )  122.165   110.000  0.5000   = 1.3575  
Angle InP:  C(13 )-  C(15 )-  H(16 )  122.347   120.000  0.4900   = 0.0572  
Angle 1-3: Ni(1  )-  O(19 )-  C(6  )  124.800   125.610  0.2654   = 0.0039  
Angle 1-3: Ni(1  )-  O(20 )-  C(5  )  117.432   125.610  0.2654   = 0.4352  
Angle 1-3:  C(13 )-  C(24 )-  H(25 )  109.434   110.400  0.5500   = 0.0114  
Angle 1-3:  C(13 )-  C(24 )-  H(26 )  109.491   110.400  0.5500   = 0.0101  
Angle 1-3:  C(13 )-  C(24 )-  H(27 )  109.522   110.400  0.5500   = 0.0094  
Angle 1-3:  H(25 )-  C(24 )-  H(26 )  109.516   107.800  0.5500   = 0.0347  
Angle 1-3:  H(25 )-  C(24 )-  H(27 )  109.393   107.800  0.5500   = 0.0299  
Angle 1-3:  H(26 )-  C(24 )-  H(27 )  109.472   107.800  0.5500   = 0.0329  

Angle-Angle Interactions
             Angle 1                     Angle2          Thet1     Thet0      Thet2    Thet0   Const         Eaa
AA:  C(4  )-  N(3  )-  C(10 )  C(4  )-  N(3  )-  C(15 ): 122.771  120.500  - 113.861  126.100  0.058    =   0.0351
AA:  C(4  )-  N(3  )-  C(10 )  C(10 )-  N(3  )-  C(15 ): 122.771  120.500  - 122.203  120.500  0.058    =  -0.0049
AA:  C(4  )-  N(3  )-  C(15 )  C(10 )-  N(3  )-  C(15 ): 113.861  126.100  - 122.203  120.500  0.058    =   0.0263
AA:  C(7  )-  C(5  )-  O(20 )  C(7  )-  C(5  )-  O(22 ): 116.646  121.400  - 118.557  120.200  0.058    =  -0.0099
AA:  C(7  )-  C(5  )-  O(20 )  O(20 )-  C(5  )-  O(22 ): 116.646  121.400  - 124.781  125.100  0.058    =  -0.0019
AA:  C(7  )-  C(5  )-  O(22 )  O(20 )-  C(5  )-  O(22 ): 118.557  120.200  - 124.781  125.100  0.058    =  -0.0007
AA:  C(10 )-  C(6  )-  O(19 )  C(10 )-  C(6  )-  O(21 ): 118.853  119.200  - 117.510  120.200  0.058    =  -0.0012
AA:  C(10 )-  C(6  )-  O(19 )  O(19 )-  C(6  )-  O(21 ): 118.853  119.200  - 123.632  125.100  0.058    =  -0.0006
AA:  C(10 )-  C(6  )-  O(21 )  O(19 )-  C(6  )-  O(21 ): 117.510  120.200  - 123.632  125.100  0.058    =  -0.0050
AA:  C(5  )-  C(7  )-  H(8  )  C(5  )-  C(7  )-  H(9  ): 109.377  109.490  - 109.325  109.490  0.090    =  -0.0000
AA:  N(3  )-  C(10 )-  C(6  )  N(3  )-  C(10 )-  H(11 ): 113.909  112.300  - 108.754  109.400  0.072    =   0.0016
AA:  N(3  )-  C(10 )-  C(6  )  N(3  )-  C(10 )-  H(12 ): 113.909  112.300  - 108.728  109.400  0.072    =   0.0017
AA:  N(3  )-  C(10 )-  C(6  )  C(6  )-  C(10 )-  H(11 ): 113.909  112.300  - 108.813  109.490  0.072    =   0.0017
AA:  N(3  )-  C(10 )-  C(6  )  C(6  )-  C(10 )-  H(12 ): 113.909  112.300  - 108.805  109.490  0.072    =   0.0017
AA:  N(3  )-  C(10 )-  H(11 )  N(3  )-  C(10 )-  H(12 ): 108.754  109.400  - 108.728  109.400  0.090    =  -0.0009
AA:  N(3  )-  C(10 )-  H(11 )  C(6  )-  C(10 )-  H(11 ): 108.754  109.400  - 108.813  109.490  0.090    =  -0.0009
AA:  N(3  )-  C(10 )-  H(11 )  C(6  )-  C(10 )-  H(12 ): 108.754  109.400  - 108.805  109.490  0.090    =  -0.0009
AA:  N(3  )-  C(10 )-  H(12 )  C(6  )-  C(10 )-  H(11 ): 108.728  109.400  - 108.813  109.490  0.090    =  -0.0009
AA:  N(3  )-  C(10 )-  H(12 )  C(6  )-  C(10 )-  H(12 ): 108.728  109.400  - 108.805  109.490  0.090    =  -0.0009
AA:  C(6  )-  C(10 )-  H(11 )  C(6  )-  C(10 )-  H(12 ): 108.813  109.490  - 108.805  109.490  0.090    =  -0.0009
AA:  S(2  )-  C(13 )-  C(15 )  S(2  )-  C(13 )-  C(24 ): 109.805  120.000  - 120.997  120.000  0.058    =   0.0128
AA:  S(2  )-  C(13 )-  C(15 )  C(15 )-  C(13 )-  C(24 ): 109.805  120.000  - 129.189  122.300  0.058    =   0.0886
AA:  S(2  )-  C(13 )-  C(24 )  C(15 )-  C(13 )-  C(24 ): 120.997  120.000  - 129.189  122.300  0.058    =  -0.0087
AA:  N(3  )-  C(15 )-  C(13 )  N(3  )-  C(15 )-  H(16 ): 115.488  120.100  - 122.165  110.000  0.072    =   0.0885
AA:  N(3  )-  C(15 )-  C(13 )  C(13 )-  C(15 )-  H(16 ): 115.488  120.100  - 122.347  120.000  0.072    =   0.0171
AA:  N(3  )-  C(15 )-  H(16 )  C(13 )-  C(15 )-  H(16 ): 122.165  110.000  - 122.347  120.000  0.090    =  -0.0563
AA:  C(13 )-  C(24 )-  H(25 )  C(13 )-  C(24 )-  H(26 ): 109.434  110.400  - 109.491  110.400  0.090    =  -0.0017
AA:  C(13 )-  C(24 )-  H(25 )  C(13 )-  C(24 )-  H(27 ): 109.434  110.400  - 109.522  110.400  0.090    =  -0.0017
AA:  C(13 )-  C(24 )-  H(26 )  C(13 )-  C(24 )-  H(27 ): 109.491  110.400  - 109.522  110.400  0.090    =  -0.0016

Out of Plane Bending Terms
    At1   At2   At3   At4      Angle     Oopconst     Eoop
Oop: 4   - 3   - 10  - 15      3.613       0.700    = 0.1903  
Oop: 4   - 3   - 15  - 10      3.443       0.050    = 0.0124  
Oop: 10  - 3   - 15  - 4       3.697       0.700    = 0.1990  
Oop: 2   - 4   - 3   - 14      0.311       0.250    = 0.0005  
Oop: 2   - 4   - 14  - 3       0.295       0.050    = 0.0001  
Oop: 7   - 5   - 20  - 22      0.460       0.800    = 0.0037  
Oop: 7   - 5   - 22  - 20      0.451       0.800    = 0.0035  
Oop: 20  - 5   - 22  - 7       0.375       0.590    = 0.0018  
Oop: 10  - 6   - 19  - 21      0.235       0.800    = 0.0010  
Oop: 10  - 6   - 21  - 19      0.235       0.800    = 0.0010  
Oop: 19  - 6   - 21  - 10      0.194       0.590    = 0.0005  
Oop: 2   - 13  - 15  - 24      0.313       0.100    = 0.0002  
Oop: 2   - 13  - 24  - 15      0.351       0.200    = 0.0005  
Oop: 1   - 14  - 4   - 7       9.769       0.150    = 0.2723  
Oop: 1   - 14  - 7   - 4       11.003      0.150    = 0.3391  
Oop: 4   - 14  - 7   - 1       6.850       5.300    = 4.9403  
Oop: 3   - 15  - 13  - 16      0.019       0.110    = 0.0000  
Oop: 3   - 15  - 16  - 13      0.014       0.200    = 0.0000  
Oop: 13  - 15  - 16  - 3       0.013       0.050    = 0.0000  

Torsion Terms
        At1      At2      At3      At4       Types          Angle     V1      V2        V3         Etor
Tor:  Ni(1  )-  N(14 )-  C(4  )-  S(2  )    321 237 2 15       136.75    0.000    10.600   0.000    = 4.9764  
Tor:  Ni(1  )-  N(14 )-  C(4  )-  N(3  )    321 237 2 40       -42.17    0.000    10.600   0.000    = 4.7767  
Tor:  Ni(1  )-  N(14 )-  C(7  )-  C(5  )    321 237 1 3        19.77    0.000    0.000    0.000    = 0.0000  
Tor:  Ni(1  )-  N(14 )-  C(7  )-  H(8  )    321 237 1 5      -101.29    0.000    0.000    0.000    = 0.0000  
Tor:  Ni(1  )-  N(14 )-  C(7  )-  H(9  )    321 237 1 5       140.72    0.000    0.000    0.000    = 0.0000  
Tor:  Ni(1  )-  O(19 )-  C(6  )-  C(10 )    321 147 3 1       -37.87    0.000    1.327    0.000    = 0.4999  
Tor:  Ni(1  )-  O(19 )-  C(6  )-  O(21 )    321 147 3 47       141.34    0.000    1.327    0.000    = 0.5177  
Tor:  Ni(1  )-  O(20 )-  C(5  )-  C(7  )    321 147 3 1         5.46    0.000    1.327    0.000    = 0.0120  
Tor:  Ni(1  )-  O(20 )-  C(5  )-  O(22 )    321 147 3 47      -176.06    0.000    1.327    0.000    = 0.0063  
Tor:   S(2  )-  C(4  )-  N(3  )-  C(10 )    15 2 40 1       166.13    0.000    11.600   0.000    = 0.6671  
Tor:   S(2  )-  C(4  )-  N(3  )-  C(15 )    15 2 40 2        -1.77    0.000    11.600   0.000    = 0.0111  
Tor:   S(2  )-  C(4  )-  N(14 )-  C(7  )    15 2 237 1        -9.71    0.000    0.000    0.000    = 0.0000  
Tor:   S(2  )-  C(13 )-  C(15 )-  N(3  )    15 2 2 40        -0.20    0.000    11.600   0.000    = 0.0001  
Tor:   S(2  )-  C(13 )-  C(15 )-  H(16 )    15 2 2 5       179.74    0.000    11.600   0.000    = 0.0002  
Tor:   S(2  )-  C(13 )-  C(24 )-  H(25 )    15 2 1 5        65.17    0.000    0.160    0.090    = 0.1334  
Tor:   S(2  )-  C(13 )-  C(24 )-  H(26 )    15 2 1 5       -54.88    0.000    0.160    0.090    = 0.1086  
Tor:   S(2  )-  C(13 )-  C(24 )-  H(27 )    15 2 1 5      -174.92    0.000    0.160    0.090    = 0.0028  
Tor:   N(3  )-  C(4  )-  S(2  )-  C(13 )    40 2 15 2         1.39    0.000    1.700    0.200    = 0.2007  
Tor:   N(3  )-  C(4  )-  N(14 )-  C(7  )    40 2 237 1       171.37    0.000    0.000    0.000    = 0.0000  
Tor:   N(3  )-  C(10 )-  C(6  )-  O(19 )    40 1 3 147       -47.37    0.000    0.800    1.500    = 0.5912  
Tor:   N(3  )-  C(10 )-  C(6  )-  O(21 )    40 1 3 47       133.37    0.000    0.800    1.500    = 1.7462  
Tor:   N(3  )-  C(15 )-  C(13 )-  C(24 )    40 2 2 1       178.70    0.000    15.000   0.000    = 0.0078  
Tor:   C(4  )-  S(2  )-  C(13 )-  C(15 )    2 15 2 2        -0.68    0.000    1.700    0.200    = 0.2002  
Tor:   C(4  )-  S(2  )-  C(13 )-  C(24 )    2 15 2 1      -179.69    0.000    1.700    0.200    = 0.0001  
Tor:   C(4  )-  N(3  )-  C(10 )-  C(6  )    2 40 1 3        89.20    -0.700   -0.200   -0.550   = -0.8184 
Tor:   C(4  )-  N(3  )-  C(10 )-  H(11 )    2 40 1 5       -32.33    0.000    0.000    -0.316   = -0.1387 
Tor:   C(4  )-  N(3  )-  C(10 )-  H(12 )    2 40 1 5      -149.29    0.000    0.000    -0.316   = -0.1639 
Tor:   C(4  )-  N(3  )-  C(15 )-  C(13 )    2 40 2 2         1.34    0.000    14.000   0.000    = 0.0077  
Tor:   C(4  )-  N(3  )-  C(15 )-  H(16 )    2 40 2 5      -178.61    0.000    7.000    0.000    = 0.0041  
Tor:   C(4  )-  N(14 )-  C(7  )-  C(5  )    2 237 1 3       171.12    0.000    0.000    0.360    = 0.0191  
Tor:   C(4  )-  N(14 )-  C(7  )-  H(8  )    2 237 1 5        50.06    0.000    0.000    -0.500   = -0.0331 
Tor:   C(4  )-  N(14 )-  C(7  )-  H(9  )    2 237 1 5       -67.93    0.000    0.000    -0.500   = -0.0213 
Tor:   C(6  )-  C(10 )-  N(3  )-  C(15 )    3 1 40 2      -103.89    -0.700   -0.200   -0.550   = -0.9123 
Tor:   H(8  )-  C(7  )-  C(5  )-  O(20 )    5 1 3 147       103.84    -0.150   0.000    -0.100   = -0.1402 
Tor:   H(8  )-  C(7  )-  C(5  )-  O(22 )    5 1 3 47       -74.74    -0.150   0.000    -0.100   = -0.1089 
Tor:   H(9  )-  C(7  )-  C(5  )-  O(20 )    5 1 3 147      -138.14    -0.150   0.000    -0.100   = -0.0982 
Tor:   H(9  )-  C(7  )-  C(5  )-  O(22 )    5 1 3 47        43.29    -0.150   0.000    -0.100   = -0.1476 
Tor:   C(10 )-  N(3  )-  C(4  )-  N(14 )    1 40 2 237       -14.80    0.000    10.000   0.000    = 0.6524  
Tor:   C(10 )-  N(3  )-  C(15 )-  C(13 )    1 40 2 2      -166.64    0.000    14.000   0.000    = 0.7480  
Tor:   C(10 )-  N(3  )-  C(15 )-  H(16 )    1 40 2 5        13.42    0.000    14.000   0.000    = 0.7538  
Tor:   H(11 )-  C(10 )-  N(3  )-  C(15 )    5 1 40 2       134.57    0.000    0.000    -0.316   = -0.2722 
Tor:   H(11 )-  C(10 )-  C(6  )-  O(19 )    5 1 3 147        74.14    -0.150   0.000    -0.100   = -0.1086 
Tor:   H(11 )-  C(10 )-  C(6  )-  O(21 )    5 1 3 47      -105.12    -0.150   0.000    -0.100   = -0.1410 
Tor:   H(12 )-  C(10 )-  N(3  )-  C(15 )    5 1 40 2        17.62    0.000    0.000    -0.316   = -0.2534 
Tor:   H(12 )-  C(10 )-  C(6  )-  O(19 )    5 1 3 147      -168.83    -0.150   0.000    -0.100   = -0.0097 
Tor:   H(12 )-  C(10 )-  C(6  )-  O(21 )    5 1 3 47        11.91    -0.150   0.000    -0.100   = -0.2390 
Tor:   C(13 )-  S(2  )-  C(4  )-  N(14 )    2 15 2 237      -177.66    0.000    1.700    0.200    = 0.0036  
Tor:   N(14 )-  C(4  )-  N(3  )-  C(15 )    237 2 40 2       177.30    0.000    4.000    0.000    = 0.0089  
Tor:   N(14 )-  C(7  )-  C(5  )-  O(20 )    237 1 3 147       -17.21    0.000    0.160    0.090    = 0.0869  
Tor:   N(14 )-  C(7  )-  C(5  )-  O(22 )    237 1 3 47       164.21    0.000    0.160    0.090    = 0.0264  
Tor:   C(15 )-  C(13 )-  C(24 )-  H(25 )    2 2 1 5      -113.63    0.000    0.000    -0.090   = -0.0875 
Tor:   C(15 )-  C(13 )-  C(24 )-  H(26 )    2 2 1 5       126.33    0.000    0.000    -0.090   = -0.0876 
Tor:   C(15 )-  C(13 )-  C(24 )-  H(27 )    2 2 1 5         6.28    0.000    0.000    -0.090   = -0.0876 
Tor:   H(16 )-  C(15 )-  C(13 )-  C(24 )    5 2 2 1        -1.36    0.000    10.000   0.000    = 0.0056  

Stretch-Bend Terms
          At1     At2    At3      Angle     Anat   StbnCst1   StbnCst2  Estb
StrBnd:  C(4  )- S(2  )- C(13 ) : 91.576   95.000   -0.040   -0.040   = 0.0138  
StrBnd:  C(4  )- N(3  )- C(10 ) : 122.771  120.500  0.050    0.050    = 0.0314  
StrBnd:  C(4  )- N(3  )- C(15 ) : 113.861  126.100  0.050    0.050    = -0.3461 
StrBnd:  C(10 )- N(3  )- C(15 ) : 122.203  120.500  0.050    0.050    = 0.0303  
StrBnd:  S(2  )- C(4  )- N(3  ) : 109.243  120.000  0.130    0.130    = -0.4128 
StrBnd:  S(2  )- C(4  )- N(14 ) : 126.356  120.000  0.130    0.130    = 0.1217  
StrBnd:  N(3  )- C(4  )- N(14 ) : 124.393  120.000  0.130    0.130    = 0.1930  
StrBnd:  C(7  )- C(5  )- O(20 ) : 116.646  121.400  0.130    0.130    = -0.0287 
StrBnd:  C(7  )- C(5  )- O(22 ) : 118.557  120.200  0.130    0.130    = 0.0040  
StrBnd:  O(20 )- C(5  )- O(22 ) : 124.781  125.100  0.130    0.130    = -0.0005 
StrBnd:  C(10 )- C(6  )- O(19 ) : 118.853  119.200  0.130    0.130    = -0.0024 
StrBnd:  C(10 )- C(6  )- O(21 ) : 117.510  120.200  0.130    0.130    = -0.0151 
StrBnd:  O(19 )- C(6  )- O(21 ) : 123.632  125.100  0.130    0.130    = -0.0009 
StrBnd:  C(5  )- C(7  )- H(8  ) : 109.377  109.490  0.080    0.080    = -0.0001 
StrBnd:  C(5  )- C(7  )- H(9  ) : 109.325  109.490  0.080    0.080    = -0.0001 
StrBnd:  C(5  )- C(7  )- N(14 ) : 111.455  109.500  0.130    0.130    = -0.0059 
StrBnd:  H(8  )- C(7  )- N(14 ) : 109.359  107.500  0.080    0.080    = -0.0046 
StrBnd:  H(9  )- C(7  )- N(14 ) : 109.290  107.500  0.080    0.080    = -0.0044 
StrBnd:  N(3  )- C(10 )- C(6  ) : 113.909  112.300  0.130    0.130    = 0.0167  
StrBnd:  N(3  )- C(10 )- H(11 ) : 108.754  109.400  0.080    0.080    = -0.0017 
StrBnd:  N(3  )- C(10 )- H(12 ) : 108.728  109.400  0.080    0.080    = -0.0018 
StrBnd:  C(6  )- C(10 )- H(11 ) : 108.813  109.490  0.080    0.080    = -0.0025 
StrBnd:  C(6  )- C(10 )- H(12 ) : 108.805  109.490  0.080    0.080    = -0.0025 
StrBnd:  S(2  )- C(13 )- C(15 ) : 109.805  120.000  0.130    0.130    = -0.0532 
StrBnd:  S(2  )- C(13 )- C(24 ) : 120.997  120.000  0.130    0.130    = 0.0037  
StrBnd:  C(15 )- C(13 )- C(24 ) : 129.189  122.300  0.130    0.130    = -0.0251 
StrBnd:  C(4  )- N(14 )- C(7  ) : 116.167  109.000  0.050    0.050    = 0.0230  
StrBnd:  N(3  )- C(15 )- C(13 ) : 115.488  120.100  0.130    0.130    = -0.1885 
StrBnd:  N(3  )- C(15 )- H(16 ) : 122.165  110.000  0.080    0.080    = 0.3140  
StrBnd:  C(13 )- C(15 )- H(16 ) : 122.347  120.000  0.080    0.080    = -0.0016 
StrBnd:  C(13 )- C(24 )- H(25 ) : 109.434  110.400  0.080    0.080    = 0.0015  
StrBnd:  C(13 )- C(24 )- H(26 ) : 109.491  110.400  0.080    0.080    = 0.0014  
StrBnd:  C(13 )- C(24 )- H(27 ) : 109.522  110.400  0.080    0.080    = 0.0014  

VDW Terms - MM3 Buckingham Potential
          At1        At2    Rik    Radius     Eps          Evdw
VDW_MM3: Ni(1  ) -  S(2  ) 4.573    3.849    0.014    =  -0.0097
VDW_MM3: Ni(1  ) -  N(3  ) 3.467    3.629    0.007    =  -0.0067
VDW_MM3: Ni(1  ) -  H(8  ) 3.360    3.319    0.004    =  -0.0050
VDW_MM3: Ni(1  ) -  H(9  ) 3.631    3.319    0.004    =  -0.0042
VDW_MM3: Ni(1  ) -  C(10 ) 3.324    3.739    0.005    =  -0.0014
VDW_MM3: Ni(1  ) -  H(11 ) 3.123    3.319    0.004    =  -0.0042
VDW_MM3: Ni(1  ) -  H(12 ) 4.203    3.319    0.004    =  -0.0022
VDW_MM3: Ni(1  ) -  C(13 ) 5.364    3.659    0.007    =  -0.0017
VDW_MM3: Ni(1  ) -  C(15 ) 4.783    3.659    0.007    =  -0.0032
VDW_MM3: Ni(1  ) -  H(16 ) 5.338    3.319    0.004    =  -0.0006
VDW_MM3: Ni(1  ) -  O(21 ) 4.049    3.664    0.008    =  -0.0070
VDW_MM3: Ni(1  ) -  O(22 ) 4.055    3.664    0.008    =  -0.0070
VDW_MM3: Ni(1  ) -  C(24 ) 6.821    3.739    0.005    =  -0.0003
VDW_MM3: Ni(1  ) -  H(25 ) 7.260    3.319    0.004    =  -0.0001
VDW_MM3: Ni(1  ) -  H(26 ) 7.012    3.319    0.004    =  -0.0001
VDW_MM3: Ni(1  ) -  H(27 ) 7.207    3.319    0.004    =  -0.0001
VDW_MM3:  S(2  ) -  C(5  ) 4.487    4.090    0.106    =  -0.0997
VDW_MM3:  S(2  ) -  C(6  ) 4.887    4.090    0.106    =  -0.0706
VDW_MM3:  S(2  ) -  C(7  ) 2.993    4.190    0.074    =   1.3233
VDW_MM3:  S(2  ) -  H(8  ) 2.690    3.770    0.064    =   1.1513
VDW_MM3:  S(2  ) -  H(9  ) 3.023    3.770    0.064    =   0.2362
VDW_MM3:  S(2  ) -  C(10 ) 3.969    4.190    0.074    =  -0.0728
VDW_MM3:  S(2  ) -  H(11 ) 4.163    3.770    0.064    =  -0.0583
VDW_MM3:  S(2  ) -  H(12 ) 4.421    3.770    0.064    =  -0.0460
VDW_MM3:  S(2  ) -  H(16 ) 3.369    3.770    0.064    =  -0.0234
VDW_MM3:  S(2  ) -  O(17 ) 5.539    3.970    0.109    =  -0.0322
VDW_MM3:  S(2  ) -  O(18 ) 4.455    3.970    0.109    =  -0.0945
VDW_MM3:  S(2  ) -  O(19 ) 4.832    4.115    0.109    =  -0.0785
VDW_MM3:  S(2  ) -  O(20 ) 5.093    4.115    0.109    =  -0.0612
VDW_MM3:  S(2  ) -  O(21 ) 5.983    4.115    0.109    =  -0.0255
VDW_MM3:  S(2  ) -  O(22 ) 5.263    4.115    0.109    =  -0.0518
VDW_MM3:  S(2  ) -  O(23 ) 6.581    3.970    0.109    =  -0.0118
VDW_MM3:  S(2  ) -  H(25 ) 3.026    3.770    0.064    =   0.2326
VDW_MM3:  S(2  ) -  H(26 ) 2.961    3.770    0.064    =   0.3341
VDW_MM3:  S(2  ) -  H(27 ) 3.568    3.770    0.064    =  -0.0623
VDW_MM3:  N(3  ) -  C(5  ) 4.815    3.870    0.049    =  -0.0268
VDW_MM3:  N(3  ) -  C(7  ) 3.638    3.970    0.034    =  -0.0244
VDW_MM3:  N(3  ) -  H(8  ) 3.844    3.550    0.029    =  -0.0287
VDW_MM3:  N(3  ) -  H(9  ) 3.860    3.550    0.029    =  -0.0283
VDW_MM3:  N(3  ) -  O(17 ) 3.998    3.750    0.050    =  -0.0514
VDW_MM3:  N(3  ) -  O(18 ) 4.080    3.750    0.050    =  -0.0485
VDW_MM3:  N(3  ) -  O(19 ) 2.894    3.895    0.050    =   0.5695
VDW_MM3:  N(3  ) -  O(20 ) 4.862    3.895    0.050    =  -0.0271
VDW_MM3:  N(3  ) -  O(21 ) 3.504    3.895    0.050    =  -0.0239
VDW_MM3:  N(3  ) -  O(22 ) 5.919    3.895    0.050    =  -0.0091
VDW_MM3:  N(3  ) -  O(23 ) 5.310    3.750    0.050    =  -0.0137
VDW_MM3:  N(3  ) -  C(24 ) 3.755    3.970    0.034    =  -0.0333
VDW_MM3:  N(3  ) -  H(25 ) 4.181    3.550    0.029    =  -0.0208
VDW_MM3:  N(3  ) -  H(26 ) 4.218    3.550    0.029    =  -0.0200
VDW_MM3:  N(3  ) -  H(27 ) 3.989    3.550    0.029    =  -0.0253
VDW_MM3:  C(4  ) -  C(5  ) 3.646    3.900    0.056    =  -0.0504
VDW_MM3:  C(4  ) -  C(6  ) 3.337    3.900    0.056    =   0.0367
VDW_MM3:  C(4  ) -  H(8  ) 2.493    3.580    0.033    =   0.7864
VDW_MM3:  C(4  ) -  H(9  ) 2.595    3.580    0.033    =   0.5080
VDW_MM3:  C(4  ) -  H(11 ) 2.569    3.580    0.033    =   0.5686
VDW_MM3:  C(4  ) -  H(12 ) 3.149    3.580    0.033    =  -0.0021
VDW_MM3:  C(4  ) -  H(16 ) 3.112    3.580    0.033    =   0.0071
VDW_MM3:  C(4  ) -  O(17 ) 3.835    3.780    0.057    =  -0.0640
VDW_MM3:  C(4  ) -  O(18 ) 3.494    3.780    0.057    =  -0.0463
VDW_MM3:  C(4  ) -  O(19 ) 3.278    3.925    0.057    =   0.0885
VDW_MM3:  C(4  ) -  O(20 ) 3.922    3.925    0.057    =  -0.0643
VDW_MM3:  C(4  ) -  O(21 ) 4.515    3.925    0.057    =  -0.0451
VDW_MM3:  C(4  ) -  O(22 ) 4.686    3.925    0.057    =  -0.0383
VDW_MM3:  C(4  ) -  O(23 ) 5.058    3.780    0.057    =  -0.0214
VDW_MM3:  C(4  ) -  C(24 ) 3.982    4.000    0.039    =  -0.0435
VDW_MM3:  C(4  ) -  H(25 ) 4.300    3.580    0.033    =  -0.0217
VDW_MM3:  C(4  ) -  H(26 ) 4.284    3.580    0.033    =  -0.0221
VDW_MM3:  C(4  ) -  H(27 ) 4.476    3.580    0.033    =  -0.0178
VDW_MM3:  C(5  ) -  C(6  ) 5.483    3.880    0.056    =  -0.0154
VDW_MM3:  C(5  ) -  C(10 ) 5.201    3.980    0.039    =  -0.0165
VDW_MM3:  C(5  ) -  H(11 ) 4.772    3.560    0.033    =  -0.0123
VDW_MM3:  C(5  ) -  H(12 ) 6.037    3.560    0.033    =  -0.0032
VDW_MM3:  C(5  ) -  C(13 ) 5.979    3.900    0.056    =  -0.0096
VDW_MM3:  C(5  ) -  C(15 ) 5.957    3.900    0.056    =  -0.0098
VDW_MM3:  C(5  ) -  H(16 ) 6.734    3.560    0.033    =  -0.0016
VDW_MM3:  C(5  ) -  O(17 ) 3.601    3.760    0.057    =  -0.0597
VDW_MM3:  C(5  ) -  O(18 ) 3.497    3.760    0.057    =  -0.0494
VDW_MM3:  C(5  ) -  O(19 ) 4.788    3.905    0.057    =  -0.0338
VDW_MM3:  C(5  ) -  O(21 ) 6.673    3.905    0.057    =  -0.0052
VDW_MM3:  C(5  ) -  O(23 ) 4.192    3.760    0.057    =  -0.0510
VDW_MM3:  C(5  ) -  C(24 ) 7.288    3.980    0.039    =  -0.0023
VDW_MM3:  C(5  ) -  H(25 ) 7.468    3.560    0.033    =  -0.0009
VDW_MM3:  C(5  ) -  H(26 ) 7.386    3.560    0.033    =  -0.0009
VDW_MM3:  C(5  ) -  H(27 ) 7.938    3.560    0.033    =  -0.0006
VDW_MM3:  C(6  ) -  C(7  ) 4.908    3.980    0.039    =  -0.0222
VDW_MM3:  C(6  ) -  H(8  ) 5.278    3.560    0.033    =  -0.0070
VDW_MM3:  C(6  ) -  H(9  ) 5.362    3.560    0.033    =  -0.0064
VDW_MM3:  C(6  ) -  C(13 ) 4.635    3.900    0.056    =  -0.0381
VDW_MM3:  C(6  ) -  N(14 ) 3.471    3.870    0.049    =  -0.0208
VDW_MM3:  C(6  ) -  C(15 ) 3.475    3.900    0.056    =  -0.0178
VDW_MM3:  C(6  ) -  H(16 ) 3.560    3.560    0.033    =  -0.0375
VDW_MM3:  C(6  ) -  O(17 ) 3.189    3.760    0.057    =   0.0544
VDW_MM3:  C(6  ) -  O(18 ) 3.966    3.760    0.057    =  -0.0602
VDW_MM3:  C(6  ) -  O(20 ) 4.929    3.905    0.057    =  -0.0292
VDW_MM3:  C(6  ) -  O(22 ) 6.705    3.905    0.057    =  -0.0050
VDW_MM3:  C(6  ) -  O(23 ) 3.935    3.760    0.057    =  -0.0613
VDW_MM3:  C(6  ) -  C(24 ) 5.971    3.980    0.039    =  -0.0076
VDW_MM3:  C(6  ) -  H(25 ) 6.519    3.560    0.033    =  -0.0020
VDW_MM3:  C(6  ) -  H(26 ) 6.371    3.560    0.033    =  -0.0023
VDW_MM3:  C(6  ) -  H(27 ) 5.995    3.560    0.033    =  -0.0033
VDW_MM3:  C(7  ) -  C(10 ) 4.334    4.080    0.027    =  -0.0278
VDW_MM3:  C(7  ) -  H(11 ) 4.023    3.660    0.023    =  -0.0217
VDW_MM3:  C(7  ) -  H(12 ) 5.113    3.660    0.023    =  -0.0068
VDW_MM3:  C(7  ) -  C(13 ) 4.520    4.000    0.039    =  -0.0328
VDW_MM3:  C(7  ) -  C(15 ) 4.627    4.000    0.039    =  -0.0298
VDW_MM3:  C(7  ) -  H(16 ) 5.444    3.660    0.023    =  -0.0048
VDW_MM3:  C(7  ) -  O(17 ) 3.782    3.860    0.040    =  -0.0440
VDW_MM3:  C(7  ) -  O(18 ) 3.421    3.860    0.040    =  -0.0086
VDW_MM3:  C(7  ) -  O(19 ) 4.417    4.005    0.040    =  -0.0368
VDW_MM3:  C(7  ) -  O(21 ) 6.147    4.005    0.040    =  -0.0068
VDW_MM3:  C(7  ) -  O(23 ) 4.782    3.860    0.040    =  -0.0223
VDW_MM3:  C(7  ) -  C(24 ) 5.799    4.080    0.027    =  -0.0072
VDW_MM3:  C(7  ) -  H(25 ) 5.951    3.660    0.023    =  -0.0028
VDW_MM3:  C(7  ) -  H(26 ) 5.928    3.660    0.023    =  -0.0029
VDW_MM3:  C(7  ) -  H(27 ) 6.470    3.660    0.023    =  -0.0017
VDW_MM3:  H(8  ) -  C(10 ) 4.759    3.660    0.023    =  -0.0101
VDW_MM3:  H(8  ) -  H(11 ) 4.592    3.240    0.020    =  -0.0054
VDW_MM3:  H(8  ) -  H(12 ) 5.528    3.240    0.020    =  -0.0018
VDW_MM3:  H(8  ) -  C(13 ) 4.338    3.580    0.033    =  -0.0208
VDW_MM3:  H(8  ) -  C(15 ) 4.648    3.580    0.033    =  -0.0147
VDW_MM3:  H(8  ) -  H(16 ) 5.490    3.240    0.020    =  -0.0019
VDW_MM3:  H(8  ) -  O(17 ) 4.535    3.440    0.034    =  -0.0139
VDW_MM3:  H(8  ) -  O(18 ) 3.293    3.440    0.034    =  -0.0356
VDW_MM3:  H(8  ) -  O(19 ) 4.713    2.350    0.167    =   0.0012   HB
VDW_MM3:  H(8  ) -  O(20 ) 2.853    3.585    0.034    =   0.1460   HB
VDW_MM3:  H(8  ) -  O(21 ) 6.527    3.585    0.034    =  -0.0021
VDW_MM3:  H(8  ) -  O(22 ) 2.688    3.585    0.034    =   0.3475
VDW_MM3:  H(8  ) -  O(23 ) 5.163    3.440    0.034    =  -0.0067
VDW_MM3:  H(8  ) -  C(24 ) 5.503    3.660    0.023    =  -0.0045
VDW_MM3:  H(8  ) -  H(25 ) 5.684    3.240    0.020    =  -0.0015
VDW_MM3:  H(8  ) -  H(26 ) 5.506    3.240    0.020    =  -0.0019
VDW_MM3:  H(8  ) -  H(27 ) 6.223    3.240    0.020    =  -0.0009
VDW_MM3:  H(9  ) -  C(10 ) 4.565    3.660    0.023    =  -0.0125
VDW_MM3:  H(9  ) -  H(11 ) 4.171    3.240    0.020    =  -0.0092
VDW_MM3:  H(9  ) -  H(12 ) 5.258    3.240    0.020    =  -0.0025
VDW_MM3:  H(9  ) -  C(13 ) 4.563    3.580    0.033    =  -0.0162
VDW_MM3:  H(9  ) -  C(15 ) 4.755    3.580    0.033    =  -0.0130
VDW_MM3:  H(9  ) -  H(16 ) 5.572    3.240    0.020    =  -0.0017
VDW_MM3:  H(9  ) -  O(17 ) 4.112    3.440    0.034    =  -0.0228
VDW_MM3:  H(9  ) -  O(18 ) 4.301    3.440    0.034    =  -0.0183
VDW_MM3:  H(9  ) -  O(19 ) 5.039    2.350    0.167    =   0.0022   HB
VDW_MM3:  H(9  ) -  O(20 ) 3.017    3.585    0.034    =   0.0422   HB
VDW_MM3:  H(9  ) -  O(21 ) 6.576    3.585    0.034    =  -0.0020
VDW_MM3:  H(9  ) -  O(22 ) 2.523    3.585    0.034    =   0.7217
VDW_MM3:  H(9  ) -  O(23 ) 5.512    3.440    0.034    =  -0.0045
VDW_MM3:  H(9  ) -  C(24 ) 5.772    3.660    0.023    =  -0.0034
VDW_MM3:  H(9  ) -  H(25 ) 5.792    3.240    0.020    =  -0.0014
VDW_MM3:  H(9  ) -  H(26 ) 5.968    3.240    0.020    =  -0.0012
VDW_MM3:  H(9  ) -  H(27 ) 6.471    3.240    0.020    =  -0.0007
VDW_MM3:  C(10 ) -  C(13 ) 3.666    4.000    0.039    =  -0.0279
VDW_MM3:  C(10 ) -  N(14 ) 2.910    3.970    0.034    =   0.4554
VDW_MM3:  C(10 ) -  H(16 ) 2.693    3.660    0.023    =   0.2962
VDW_MM3:  C(10 ) -  O(17 ) 3.254    3.860    0.040    =   0.0467
VDW_MM3:  C(10 ) -  O(18 ) 4.485    3.860    0.040    =  -0.0300
VDW_MM3:  C(10 ) -  O(20 ) 4.977    4.005    0.040    =  -0.0219
VDW_MM3:  C(10 ) -  O(22 ) 6.351    4.005    0.040    =  -0.0056
VDW_MM3:  C(10 ) -  O(23 ) 4.852    3.860    0.040    =  -0.0207
VDW_MM3:  C(10 ) -  C(24 ) 5.032    4.080    0.027    =  -0.0154
VDW_MM3:  C(10 ) -  H(25 ) 5.435    3.660    0.023    =  -0.0048
VDW_MM3:  C(10 ) -  H(26 ) 5.568    3.660    0.023    =  -0.0042
VDW_MM3:  C(10 ) -  H(27 ) 5.114    3.660    0.023    =  -0.0068
VDW_MM3:  H(11 ) -  C(13 ) 4.143    3.580    0.033    =  -0.0256
VDW_MM3:  H(11 ) -  N(14 ) 2.680    2.350    0.167    =  -0.0245   HB
VDW_MM3:  H(11 ) -  C(15 ) 3.124    3.580    0.033    =   0.0039
VDW_MM3:  H(11 ) -  H(16 ) 3.412    3.240    0.020    =  -0.0210
VDW_MM3:  H(11 ) -  O(17 ) 2.611    3.440    0.034    =   0.2957
VDW_MM3:  H(11 ) -  O(18 ) 4.630    3.440    0.034    =  -0.0124
VDW_MM3:  H(11 ) -  O(19 ) 2.687    3.585    0.034    =   0.3484   HB
VDW_MM3:  H(11 ) -  O(20 ) 4.569    2.350    0.167    =  -0.0032   HB
VDW_MM3:  H(11 ) -  O(21 ) 2.847    3.585    0.034    =   0.1508
VDW_MM3:  H(11 ) -  O(22 ) 5.870    3.585    0.034    =  -0.0040
VDW_MM3:  H(11 ) -  O(23 ) 4.683    3.440    0.034    =  -0.0116
VDW_MM3:  H(11 ) -  C(24 ) 5.547    3.660    0.023    =  -0.0043
VDW_MM3:  H(11 ) -  H(25 ) 5.847    3.240    0.020    =  -0.0013
VDW_MM3:  H(11 ) -  H(26 ) 6.102    3.240    0.020    =  -0.0010
VDW_MM3:  H(11 ) -  H(27 ) 5.713    3.240    0.020    =  -0.0015
VDW_MM3:  H(12 ) -  C(13 ) 3.798    3.580    0.033    =  -0.0346
VDW_MM3:  H(12 ) -  N(14 ) 3.726    2.350    0.167    =   0.0184   HB
VDW_MM3:  H(12 ) -  C(15 ) 2.538    3.580    0.033    =   0.6514
VDW_MM3:  H(12 ) -  H(16 ) 2.463    3.240    0.020    =   0.1692
VDW_MM3:  H(12 ) -  O(17 ) 3.943    3.440    0.034    =  -0.0274
VDW_MM3:  H(12 ) -  O(18 ) 5.328    3.440    0.034    =  -0.0055
VDW_MM3:  H(12 ) -  O(19 ) 3.090    3.585    0.034    =   0.0150   HB
VDW_MM3:  H(12 ) -  O(20 ) 5.849    2.350    0.167    =   0.0013   HB
VDW_MM3:  H(12 ) -  O(21 ) 2.404    3.585    0.034    =   1.1735
VDW_MM3:  H(12 ) -  O(22 ) 7.159    3.585    0.034    =  -0.0012
VDW_MM3:  H(12 ) -  O(23 ) 5.634    3.440    0.034    =  -0.0040
VDW_MM3:  H(12 ) -  C(24 ) 5.017    3.660    0.023    =  -0.0076
VDW_MM3:  H(12 ) -  H(25 ) 5.389    3.240    0.020    =  -0.0021
VDW_MM3:  H(12 ) -  H(26 ) 5.643    3.240    0.020    =  -0.0016
VDW_MM3:  H(12 ) -  H(27 ) 4.967    3.240    0.020    =  -0.0034
VDW_MM3:  C(13 ) -  N(14 ) 3.806    3.890    0.049    =  -0.0540
VDW_MM3:  C(13 ) -  O(17 ) 6.167    3.780    0.057    =  -0.0068
VDW_MM3:  C(13 ) -  O(18 ) 5.299    3.780    0.057    =  -0.0165
VDW_MM3:  C(13 ) -  O(19 ) 4.926    3.925    0.057    =  -0.0301
VDW_MM3:  C(13 ) -  O(20 ) 6.377    3.925    0.057    =  -0.0070
VDW_MM3:  C(13 ) -  O(21 ) 5.478    3.925    0.057    =  -0.0169
VDW_MM3:  C(13 ) -  O(22 ) 6.876    3.925    0.057    =  -0.0045
VDW_MM3:  C(13 ) -  O(23 ) 7.273    3.780    0.057    =  -0.0025
VDW_MM3:  N(14 ) -  C(15 ) 3.548    3.890    0.049    =  -0.0324
VDW_MM3:  N(14 ) -  H(16 ) 4.292    2.350    0.167    =   0.0072   HB
VDW_MM3:  N(14 ) -  O(21 ) 4.708    3.895    0.050    =  -0.0317
VDW_MM3:  N(14 ) -  O(22 ) 3.588    3.895    0.050    =  -0.0388
VDW_MM3:  N(14 ) -  C(24 ) 5.244    3.970    0.034    =  -0.0136
VDW_MM3:  N(14 ) -  H(25 ) 5.525    2.350    0.167    =   0.0005   HB
VDW_MM3:  N(14 ) -  H(26 ) 5.490    2.350    0.167    =   0.0004   HB
VDW_MM3:  N(14 ) -  H(27 ) 5.767    2.350    0.167    =   0.0008   HB
VDW_MM3:  C(15 ) -  O(17 ) 5.383    3.780    0.057    =  -0.0151
VDW_MM3:  C(15 ) -  O(18 ) 5.031    3.780    0.057    =  -0.0221
VDW_MM3:  C(15 ) -  O(19 ) 3.987    3.925    0.057    =  -0.0640
VDW_MM3:  C(15 ) -  O(20 ) 6.127    3.925    0.057    =  -0.0089
VDW_MM3:  C(15 ) -  O(21 ) 4.216    3.925    0.057    =  -0.0575
VDW_MM3:  C(15 ) -  O(22 ) 6.992    3.925    0.057    =  -0.0040
VDW_MM3:  C(15 ) -  O(23 ) 6.580    3.780    0.057    =  -0.0046
VDW_MM3:  C(15 ) -  H(25 ) 3.058    3.580    0.033    =   0.0237
VDW_MM3:  C(15 ) -  H(26 ) 3.112    3.580    0.033    =   0.0071
VDW_MM3:  C(15 ) -  H(27 ) 2.637    3.580    0.033    =   0.4204
VDW_MM3:  H(16 ) -  O(17 ) 5.822    3.440    0.034    =  -0.0033
VDW_MM3:  H(16 ) -  O(18 ) 5.615    3.440    0.034    =  -0.0041
VDW_MM3:  H(16 ) -  O(19 ) 4.254    2.350    0.167    =   0.0019   HB
VDW_MM3:  H(16 ) -  O(20 ) 6.825    2.350    0.167    =   0.0004   HB
VDW_MM3:  H(16 ) -  O(21 ) 4.056    3.585    0.034    =  -0.0288
VDW_MM3:  H(16 ) -  O(22 ) 7.795    3.585    0.034    =  -0.0007
VDW_MM3:  H(16 ) -  O(23 ) 7.007    3.440    0.034    =  -0.0011
VDW_MM3:  H(16 ) -  C(24 ) 2.766    3.660    0.023    =   0.2120
VDW_MM3:  H(16 ) -  H(25 ) 3.303    3.240    0.020    =  -0.0222
VDW_MM3:  H(16 ) -  H(26 ) 3.384    3.240    0.020    =  -0.0214
VDW_MM3:  H(16 ) -  H(27 ) 2.567    3.240    0.020    =   0.0916
VDW_MM3:  O(17 ) -  O(21 ) 4.008    3.785    0.059    =  -0.0613
VDW_MM3:  O(17 ) -  O(22 ) 4.602    3.785    0.059    =  -0.0361
VDW_MM3:  O(17 ) -  C(24 ) 7.653    3.860    0.040    =  -0.0015
VDW_MM3:  O(17 ) -  H(25 ) 7.955    3.440    0.034    =  -0.0005
VDW_MM3:  O(17 ) -  H(26 ) 8.046    3.440    0.034    =  -0.0005
VDW_MM3:  O(17 ) -  H(27 ) 7.973    3.440    0.034    =  -0.0005
VDW_MM3:  O(18 ) -  O(21 ) 5.005    3.785    0.059    =  -0.0234
VDW_MM3:  O(18 ) -  O(22 ) 4.563    3.785    0.059    =  -0.0376
VDW_MM3:  O(18 ) -  C(24 ) 6.557    3.860    0.040    =  -0.0037
VDW_MM3:  O(18 ) -  H(25 ) 7.124    3.440    0.034    =  -0.0010
VDW_MM3:  O(18 ) -  H(26 ) 6.482    3.440    0.034    =  -0.0017
VDW_MM3:  O(18 ) -  H(27 ) 6.982    3.440    0.034    =  -0.0011
VDW_MM3:  O(19 ) -  O(22 ) 6.023    3.930    0.059    =  -0.0101
VDW_MM3:  O(19 ) -  C(24 ) 6.301    4.005    0.040    =  -0.0059
VDW_MM3:  O(19 ) -  H(25 ) 6.890    2.350    0.167    =   0.0003   HB
VDW_MM3:  O(19 ) -  H(26 ) 6.556    2.350    0.167    =   0.0002   HB
VDW_MM3:  O(19 ) -  H(27 ) 6.445    2.350    0.167    =   0.0001   HB
VDW_MM3:  O(20 ) -  O(21 ) 6.038    3.930    0.059    =  -0.0100
VDW_MM3:  O(20 ) -  C(24 ) 7.770    4.005    0.040    =  -0.0017
VDW_MM3:  O(20 ) -  H(25 ) 8.061    2.350    0.167    =   0.0001   HB
VDW_MM3:  O(20 ) -  H(26 ) 7.883    2.350    0.167    =   0.0000   HB
VDW_MM3:  O(20 ) -  H(27 ) 8.329    2.350    0.167    =   0.0001   HB
VDW_MM3:  O(21 ) -  O(22 ) 7.889    3.930    0.059    =  -0.0020
VDW_MM3:  O(21 ) -  O(23 ) 4.604    3.785    0.059    =  -0.0360
VDW_MM3:  O(21 ) -  C(24 ) 6.686    4.005    0.040    =  -0.0041
VDW_MM3:  O(21 ) -  H(25 ) 7.259    3.585    0.034    =  -0.0011
VDW_MM3:  O(21 ) -  H(26 ) 7.126    3.585    0.034    =  -0.0013
VDW_MM3:  O(21 ) -  H(27 ) 6.560    3.585    0.034    =  -0.0021
VDW_MM3:  O(22 ) -  O(23 ) 5.178    3.785    0.059    =  -0.0194
VDW_MM3:  O(22 ) -  C(24 ) 8.092    4.005    0.040    =  -0.0013
VDW_MM3:  O(22 ) -  H(25 ) 8.181    3.585    0.034    =  -0.0005
VDW_MM3:  O(22 ) -  H(26 ) 8.155    3.585    0.034    =  -0.0006
VDW_MM3:  O(22 ) -  H(27 ) 8.804    3.585    0.034    =  -0.0004
VDW_MM3:  O(23 ) -  C(24 ) 8.699    3.860    0.040    =  -0.0007
VDW_MM3:  O(23 ) -  H(25 ) 9.212    3.440    0.034    =  -0.0002
VDW_MM3:  O(23 ) -  H(26 ) 8.843    3.440    0.034    =  -0.0003
VDW_MM3:  O(23 ) -  H(27 ) 9.011    3.440    0.034    =  -0.0002

Bond Dipole Terms
     At1     At2          At3     At4      Bmom-i     Bmom-j     Rik           Edd
DD:  C(4  )-  S(2  ) --  C(10 )-  N(3  ) :  0.167     1.640      40.506    =  -0.2147
DD:  C(4  )-  S(2  ) --  C(15 )-  N(3  ) :  0.167     0.500      18.134    =  -0.1219
DD:  C(4  )-  S(2  ) --  C(7  )-  C(5  ) :  0.167     1.180      92.501    =   0.0365
DD:  C(4  )-  S(2  ) --  C(5  )-  O(20 ) :  0.167     1.900      163.206   =  -0.0072
DD:  C(4  )-  S(2  ) --  C(5  )-  O(22 ) :  0.167     1.900      189.466   =   0.0402
DD:  C(4  )-  S(2  ) --  C(10 )-  C(6  ) :  0.167     1.010      123.452   =   0.0349
DD:  C(4  )-  S(2  ) --  C(6  )-  O(19 ) :  0.167     1.900      142.626   =  -0.0043
DD:  C(4  )-  S(2  ) --  C(6  )-  O(21 ) :  0.167     1.900      221.189   =   0.0526
DD:  C(4  )-  S(2  ) --  C(7  )-  N(14 ) :  0.167     1.260      25.236    =  -0.2519
DD:  C(4  )-  S(2  ) --  C(24 )-  C(13 ) :  0.167     0.900      48.606    =   0.0593
DD:  C(4  )-  S(2  ) --  C(15 )-  H(16 ) :  0.167     -0.600     33.244    =  -0.0117
DD:  C(13 )-  S(2  ) --  C(4  )-  N(3  ) :  0.167     0.500      19.858    =  -0.0994
DD:  C(13 )-  S(2  ) --  C(10 )-  N(3  ) :  0.167     1.640      69.039    =  -0.0281
DD:  C(13 )-  S(2  ) --  C(15 )-  N(3  ) :  0.167     0.500      17.903    =   0.1250
DD:  C(13 )-  S(2  ) --  C(4  )-  N(14 ) :  0.167     1.150      39.179    =  -0.0818
DD:  C(13 )-  S(2  ) --  C(7  )-  C(5  ) :  0.167     1.180      238.541   =  -0.0369
DD:  C(13 )-  S(2  ) --  C(5  )-  O(20 ) :  0.167     1.900      355.559   =  -0.0215
DD:  C(13 )-  S(2  ) --  C(5  )-  O(22 ) :  0.167     1.900      386.333   =  -0.0158
DD:  C(13 )-  S(2  ) --  C(10 )-  C(6  ) :  0.167     1.010      191.714   =   0.0066
DD:  C(13 )-  S(2  ) --  C(6  )-  O(19 ) :  0.167     1.900      228.608   =   0.0224
DD:  C(13 )-  S(2  ) --  C(6  )-  O(21 ) :  0.167     1.900      301.795   =  -0.0052
DD:  C(13 )-  S(2  ) --  C(7  )-  N(14 ) :  0.167     1.260      100.394   =  -0.0001
DD:  C(13 )-  S(2  ) --  C(15 )-  H(16 ) :  0.167     -0.600     18.348    =  -0.1023
DD:  C(4  )-  N(3  ) --  C(7  )-  C(5  ) :  0.500     1.180      94.496    =   0.2126
DD:  C(4  )-  N(3  ) --  C(5  )-  O(20 ) :  0.500     1.900      131.988   =   0.0896
DD:  C(4  )-  N(3  ) --  C(5  )-  O(22 ) :  0.500     1.900      180.769   =   0.1175
DD:  C(4  )-  N(3  ) --  C(10 )-  C(6  ) :  0.500     1.010      25.866    =  -0.4460
DD:  C(4  )-  N(3  ) --  C(6  )-  O(19 ) :  0.500     1.900      40.663    =  -0.3468
DD:  C(4  )-  N(3  ) --  C(6  )-  O(21 ) :  0.500     1.900      67.817    =  -0.2132
DD:  C(4  )-  N(3  ) --  C(7  )-  N(14 ) :  0.500     1.260      25.549    =  -0.6181
DD:  C(4  )-  N(3  ) --  C(24 )-  C(13 ) :  0.500     0.900      58.521    =   0.0488
DD:  C(4  )-  N(3  ) --  C(15 )-  H(16 ) :  0.500     -0.600     13.019    =   0.2955
DD:  C(10 )-  N(3  ) --  C(4  )-  N(14 ) :  1.640     1.150      18.454    =  -2.4231
DD:  C(10 )-  N(3  ) --  C(7  )-  C(5  ) :  1.640     1.180      191.131   =  -0.2422
DD:  C(10 )-  N(3  ) --  C(5  )-  O(20 ) :  1.640     1.900      214.300   =  -0.1810
DD:  C(10 )-  N(3  ) --  C(5  )-  O(22 ) :  1.640     1.900      305.701   =  -0.0687
DD:  C(10 )-  N(3  ) --  C(6  )-  O(19 ) :  1.640     1.900      18.871    =   3.3114
DD:  C(10 )-  N(3  ) --  C(6  )-  O(21 ) :  1.640     1.900      24.778    =   2.3066
DD:  C(10 )-  N(3  ) --  C(7  )-  N(14 ) :  1.640     1.260      72.036    =   0.3937
DD:  C(10 )-  N(3  ) --  C(24 )-  C(13 ) :  1.640     0.900      107.805   =   0.5277
DD:  C(10 )-  N(3  ) --  C(15 )-  H(16 ) :  1.640     -0.600     11.743    =   1.3619
DD:  C(15 )-  N(3  ) --  C(4  )-  N(14 ) :  0.500     1.150      22.887    =  -0.5286
DD:  C(15 )-  N(3  ) --  C(7  )-  C(5  ) :  0.500     1.180      223.087   =  -0.0527
DD:  C(15 )-  N(3  ) --  C(5  )-  O(20 ) :  0.500     1.900      277.069   =   0.0122
DD:  C(15 )-  N(3  ) --  C(5  )-  O(22 ) :  0.500     1.900      355.016   =  -0.0716
DD:  C(15 )-  N(3  ) --  C(10 )-  C(6  ) :  0.500     1.010      28.251    =  -0.4178
DD:  C(15 )-  N(3  ) --  C(6  )-  O(19 ) :  0.500     1.900      53.446    =  -0.1159
DD:  C(15 )-  N(3  ) --  C(6  )-  O(21 ) :  0.500     1.900      65.507    =  -0.3324
DD:  C(15 )-  N(3  ) --  C(7  )-  N(14 ) :  0.500     1.260      86.471    =   0.2312
DD:  C(15 )-  N(3  ) --  C(24 )-  C(13 ) :  0.500     0.900      29.683    =  -0.4040
DD:  C(4  )-  N(14 ) --  C(7  )-  C(5  ) :  1.150     1.180      27.090    =  -1.0183
DD:  C(4  )-  N(14 ) --  C(5  )-  O(20 ) :  1.150     1.900      48.994    =  -0.1676
DD:  C(4  )-  N(14 ) --  C(5  )-  O(22 ) :  1.150     1.900      73.059    =  -0.8006
DD:  C(4  )-  N(14 ) --  C(10 )-  C(6  ) :  1.150     1.010      48.353    =   0.2989
DD:  C(4  )-  N(14 ) --  C(6  )-  O(19 ) :  1.150     1.900      52.040    =   0.4010
DD:  C(4  )-  N(14 ) --  C(6  )-  O(21 ) :  1.150     1.900      99.934    =   0.0391
DD:  C(4  )-  N(14 ) --  C(24 )-  C(13 ) :  1.150     0.900      113.084   =  -0.3314
DD:  C(4  )-  N(14 ) --  C(15 )-  H(16 ) :  1.150     -0.600     44.686    =  -0.3272
DD:  C(7  )-  C(5  ) --  C(10 )-  C(6  ) :  1.180     1.010      268.435   =   0.0884
DD:  C(7  )-  C(5  ) --  C(6  )-  O(19 ) :  1.180     1.900      212.607   =   0.0392
DD:  C(7  )-  C(5  ) --  C(6  )-  O(21 ) :  1.180     1.900      362.438   =   0.0977
DD:  C(7  )-  C(5  ) --  C(24 )-  C(13 ) :  1.180     0.900      461.400   =  -0.0813
DD:  C(7  )-  C(5  ) --  C(15 )-  H(16 ) :  1.180     -0.600     263.009   =  -0.0649
DD:  C(5  )-  O(20 ) --  C(10 )-  C(6  ) :  1.900     1.010      248.085   =   0.1183
DD:  C(5  )-  O(20 ) --  C(6  )-  O(19 ) :  1.900     1.900      171.614   =   0.3374
DD:  C(5  )-  O(20 ) --  C(6  )-  O(21 ) :  1.900     1.900      300.190   =  -0.1084
DD:  C(5  )-  O(20 ) --  C(7  )-  N(14 ) :  1.900     1.260      16.657    =   2.9367
DD:  C(5  )-  O(20 ) --  C(24 )-  C(13 ) :  1.900     0.900      598.642   =  -0.0178
DD:  C(5  )-  O(20 ) --  C(15 )-  H(16 ) :  1.900     -0.600     309.442   =  -0.0264
DD:  C(5  )-  O(22 ) --  C(10 )-  C(6  ) :  1.900     1.010      383.237   =   0.0173
DD:  C(5  )-  O(22 ) --  C(6  )-  O(19 ) :  1.900     1.900      291.541   =  -0.2119
DD:  C(5  )-  O(22 ) --  C(6  )-  O(21 ) :  1.900     1.900      462.163   =   0.2202
DD:  C(5  )-  O(22 ) --  C(7  )-  N(14 ) :  1.900     1.260      25.294    =   1.6858
DD:  C(5  )-  O(22 ) --  C(24 )-  C(13 ) :  1.900     0.900      642.973   =  -0.0715
DD:  C(5  )-  O(22 ) --  C(15 )-  H(16 ) :  1.900     -0.600     377.371   =  -0.0468
DD:  C(10 )-  C(6  ) --  C(7  )-  N(14 ) :  1.010     1.260      125.059   =  -0.1625
DD:  C(10 )-  C(6  ) --  C(24 )-  C(13 ) :  1.010     0.900      246.816   =  -0.0984
DD:  C(10 )-  C(6  ) --  C(15 )-  H(16 ) :  1.010     -0.600     37.085    =  -0.1004
DD:  C(6  )-  O(19 ) --  C(7  )-  N(14 ) :  1.900     1.260      110.451   =   0.1542
DD:  C(6  )-  O(19 ) --  C(24 )-  C(13 ) :  1.900     0.900      296.788   =  -0.0360
DD:  C(6  )-  O(19 ) --  C(15 )-  H(16 ) :  1.900     -0.600     62.146    =   0.0840
DD:  C(6  )-  O(21 ) --  C(7  )-  N(14 ) :  1.900     1.260      202.127   =  -0.4045
DD:  C(6  )-  O(21 ) --  C(24 )-  C(13 ) :  1.900     0.900      337.319   =  -0.1316
DD:  C(6  )-  O(21 ) --  C(15 )-  H(16 ) :  1.900     -0.600     61.844    =  -0.1686
DD:  C(7  )-  N(14 ) --  C(24 )-  C(13 ) :  1.260     0.900      238.576   =   0.1140
DD:  C(7  )-  N(14 ) --  C(15 )-  H(16 ) :  1.260     -0.600     122.079   =   0.0955
DD:  C(24 )-  C(13 ) --  C(15 )-  H(16 ) :  0.900     -0.600     12.101    =   0.7566

Stretch-Torsion Terms
          At1     At2    At3     At4     Angle     Dr   StrTorConst    Phi3   Estb
StrTor:  S(2  )- C(13 )- C(24 )- H(25 ) : 0.420    -0.008   0.270    0.036    = 0.0005  
StrTor:  S(2  )- C(13 )- C(24 )- H(26 ) : 0.575    -0.008   0.270    0.036    = 0.0005  
StrTor:  S(2  )- C(13 )- C(24 )- H(27 ) : -0.996   -0.008   0.270    0.035    = 0.0004  
StrTor:  N(3  )- C(10 )- C(6  )- O(19 ) : 0.677    0.018    0.100    0.211    = -0.0023 
StrTor:  N(3  )- C(10 )- C(6  )- O(21 ) : -0.687   0.018    0.100    1.765    = -0.0195 
StrTor:  H(8  )- C(7  )- C(5  )- O(20 ) : -0.239   0.003    0.100    1.663    = -0.0030 
StrTor:  H(8  )- C(7  )- C(5  )- O(22 ) : 0.263    0.003    0.100    0.283    = -0.0005 
StrTor:  H(9  )- C(7  )- C(5  )- O(20 ) : -0.745   0.003    0.100    1.582    = -0.0029 
StrTor:  H(9  )- C(7  )- C(5  )- O(22 ) : 0.728    0.003    0.100    0.359    = -0.0006 
StrTor:  H(11 )- C(10 )- C(6  )- O(19 ) : 0.273    0.018    0.100    0.262    = -0.0029 
StrTor:  H(11 )- C(10 )- C(6  )- O(21 ) : -0.261   0.018    0.100    1.712    = -0.0189 
StrTor:  H(12 )- C(10 )- C(6  )- O(19 ) : -0.981   0.018    0.100    0.166    = -0.0018 
StrTor:  H(12 )- C(10 )- C(6  )- O(21 ) : 0.978    0.018    0.100    1.812    = -0.0200 
StrTor:  N(14 )- C(7  )- C(5  )- O(20 ) : 0.955    0.003    0.100    1.621    = -0.0029 
StrTor:  N(14 )- C(7  )- C(5  )- O(22 ) : -0.962   0.003    0.100    0.323    = -0.0006 

POS Metal Atom Angles (At1 - Metal - At2
                 At1        At2    Rik    Radius     Eps   Posterm       Evdw
High Coord 1,3:  N(14 ) -  O(17 ) 2.932    3.750    0.050     1.00 =   0.2848
High Coord 1,3:  N(14 ) -  O(18 ) 2.963    3.750    0.050     1.00 =   0.2404
High Coord 1,3:  N(14 ) -  O(19 ) 3.111    3.895    0.050     1.00 =   0.2009
High Coord 1,3:  N(14 ) -  O(20 ) 2.657    3.895    0.050     1.00 =   1.4566
High Coord 1,3:  O(17 ) -  O(19 ) 2.972    3.785    0.059     1.00 =   0.3124
High Coord 1,3:  O(17 ) -  O(20 ) 2.919    3.785    0.059     1.00 =   0.4078
High Coord 1,3:  O(17 ) -  O(23 ) 2.908    3.640    0.059     1.00 =   0.2345
High Coord 1,3:  O(18 ) -  O(19 ) 2.830    3.785    0.059     1.00 =   0.6188
High Coord 1,3:  O(18 ) -  O(20 ) 2.934    3.785    0.059     1.00 =   0.3791
High Coord 1,3:  O(18 ) -  O(23 ) 2.942    3.640    0.059     1.00 =   0.1895
High Coord 1,3:  O(19 ) -  O(23 ) 2.899    3.785    0.059     1.00 =   0.4491
High Coord 1,3:  O(20 ) -  O(23 ) 2.974    3.785    0.059     1.00 =   0.3086

Force Field: MM3
Structure: AGOSUL

   1  Ni   321    -2.703900  -0.316200   0.075500 0
   2  S     15     1.108600   2.112600  -0.616100 0
   3  N     40     0.752200  -0.233900   0.337700 0
   4  C      2     0.050600   0.917100   0.124600 0
   5  C      3    -3.238000   2.458700   0.442500 0
   6  C      3    -0.586100  -2.340500   0.471700 0
   7  C      1    -1.724900   2.430100   0.293500 0
   8  H      5    -1.479800   2.793900  -0.571500 0
   9  H      5    -1.324100   2.989500   0.978000 0
  10  C      1     0.261500  -1.314300   1.197600 0
  11  H      5    -0.263000  -0.927200   1.916300 0
  12  H      5     1.021800  -1.763500   1.597500 0
  13  C      2     2.452000   0.978400  -0.642700 0
  14  N    237    -1.202900   1.074300   0.413000 0
  15  C      2     2.074100  -0.180700  -0.109400 0
  16  H      5     2.650000  -0.907300  -0.039200 0
  17  O    206    -2.813800  -0.720700   2.079500 0
  18  O    206    -2.584800   0.037300  -1.994600 0
  19  O    147    -1.498800  -1.942000  -0.288900 0
  20  O    147    -3.842800   1.355700   0.304600 0
  21  O     47    -0.338000  -3.546200   0.681800 0
  22  O     47    -3.791500   3.546200   0.660300 0
  23  O    206    -4.366600  -1.519500  -0.245800 0
  24  C      1     3.782500   1.376500  -1.185700 0
  25  H      5     4.161400   2.062500  -0.631400 0
  26  H      5     3.677100   1.708500  -2.079500 0
  27  H      5     4.366600   0.614600  -1.194100 0

Initial Energy : 157.764108
Str: 106.062981    Bnd: 15.520721    Tor: 12.905742
StrBnd: -0.342515 VDW: 12.619721     QQ: 4.929951
OOP: 5.966228 AA: 0.175844     Strtor: -0.074566
Urey: 0.000000
Dielectric Const: 1.500000

 10   40.170480    4.652994   0.403319   0.009212  
 20   38.194798    4.114346   0.270480   0.018351  
 30   36.011341    3.854690   0.167676   0.013564  
 40   35.108524    1.450474   0.029047   0.004002  
 50   34.843961    1.349000   0.026382   0.005506  
 60   34.579783    1.253395   0.019488   0.006329  
 70   34.452544    0.843121   0.010435   0.004322  
 80   34.372760    0.746535   0.006704   0.003332  
 90   34.290404    0.710254   0.006166   0.003173  
 96   34.258841    0.486526   0.004272   0.002699  

 Truncated Newton Raphson 
Iter    F Value    G RMS     F Move    X Move
Precond - Incomplete Cholesky is Unstable
Precond - Incomplete Cholesky is Unstable
Precond - Incomplete Cholesky is Unstable
Precond - Incomplete Cholesky is Unstable

Bond Terms 
        At1       At2     R       BLen    Bconst      Eb
Bond: Ni(1  ) -  N(14 ) 2.097    1.990    1.060    = 0.6659  
Bond: Ni(1  ) -  O(17 ) 2.065    2.025    1.236    = 0.1277  
Bond: Ni(1  ) -  O(18 ) 2.080    2.025    1.236    = 0.2396  
Bond: Ni(1  ) -  O(19 ) 2.025    2.002    1.327    = 0.0483  
Bond: Ni(1  ) -  O(20 ) 2.059    2.002    1.327    = 0.2711  
Bond: Ni(1  ) -  O(23 ) 2.071    2.025    1.236    = 0.1665  
Bond:  S(2  ) -  C(4  ) 1.757    1.739    3.487    = 0.0738  
Bond:  S(2  ) -  C(13 ) 1.733    1.739    3.487    = 0.0080  
Bond:  N(3  ) -  C(4  ) 1.278    1.268    9.700    = 0.0620  
Bond:  N(3  ) -  C(10 ) 1.467    1.452    4.230    = 0.0630  
Bond:  N(3  ) -  C(15 ) 1.278    1.268    9.700    = 0.0618  
Bond:  C(4  ) -  N(14 ) 1.271    1.258    10.000   = 0.1118  
Bond:  C(5  ) -  C(7  ) 1.545    1.518    4.800    = 0.2324  
Bond:  C(5  ) -  O(20 ) 1.254    1.250    7.570    = 0.0073  
Bond:  C(5  ) -  O(22 ) 1.253    1.250    7.570    = 0.0048  
Bond:  C(6  ) -  C(10 ) 1.524    1.498    4.800    = 0.2213  
Bond:  C(6  ) -  O(19 ) 1.250    1.250    7.570    = 0.0001  
Bond:  C(6  ) -  O(21 ) 1.253    1.250    7.570    = 0.0050  
Bond:  C(7  ) -  H(8  ) 1.110    1.107    4.902    = 0.0026  
Bond:  C(7  ) -  H(9  ) 1.110    1.107    4.902    = 0.0033  
Bond:  C(7  ) -  N(14 ) 1.484    1.470    3.950    = 0.0514  
Bond:  C(10 ) -  H(11 ) 1.106    1.107    4.902    = 0.0001  
Bond:  C(10 ) -  H(12 ) 1.110    1.107    4.902    = 0.0028  
Bond:  C(13 ) -  C(15 ) 1.335    1.334    7.700    = 0.0007  
Bond:  C(13 ) -  C(24 ) 1.502    1.499    6.300    = 0.0030  
Bond:  C(15 ) -  H(16 ) 1.104    1.101    5.150    = 0.0031  
Bond:  C(24 ) -  H(25 ) 1.113    1.112    4.740    = 0.0002  
Bond:  C(24 ) -  H(26 ) 1.113    1.112    4.740    = 0.0002  
Bond:  C(24 ) -  H(27 ) 1.113    1.112    4.740    = 0.0002  

Angle Terms 
             At1      At2      At3     Angle     Thet0   Tconst      Ebend
Angle 1-3:  C(4  )-  S(2  )-  C(13 )  86.488    95.000   0.6950   = 1.2402  
Angle InP:  C(4  )-  N(3  )-  C(10 )  123.600   120.500  0.4900   = 0.0988  
Angle InP:  C(4  )-  N(3  )-  C(15 )  115.962   126.100  0.5500   = 1.4230  
Angle InP:  C(10 )-  N(3  )-  C(15 )  120.438   120.500  0.4900   = 0.0000  
Angle InP:  S(2  )-  C(4  )-  N(3  )  112.005   120.000  0.6950   = 1.0865  
Angle InP:  S(2  )-  C(4  )-  N(14 )  124.363   120.000  0.6950   = 0.2725  
Angle 1-3:  N(3  )-  C(4  )-  N(14 )  123.595   120.000  1.2000   = 0.3229  
Angle InP:  C(7  )-  C(5  )-  O(20 )  118.344   121.400  0.8000   = 0.1708  
Angle InP:  C(7  )-  C(5  )-  O(22 )  118.098   120.200  0.8000   = 0.0797  
Angle InP:  O(20 )-  C(5  )-  O(22 )  123.558   125.100  1.6000   = 0.0852  
Angle InP:  C(10 )-  C(6  )-  O(19 )  116.374   119.200  0.8000   = 0.1456  
Angle InP:  C(10 )-  C(6  )-  O(21 )  119.483   120.200  0.8000   = 0.0091  
Angle InP:  O(19 )-  C(6  )-  O(21 )  124.143   125.100  1.6000   = 0.0325  
Angle 1-3:  C(5  )-  C(7  )-  H(8  )  109.610   109.490  0.5400   = 0.0002  
Angle 1-3:  C(5  )-  C(7  )-  H(9  )  109.962   109.490  0.5400   = 0.0026  
Angle 1-3:  C(5  )-  C(7  )-  N(14 )  107.321   109.500  0.6950   = 0.0746  
Angle 1-3:  H(8  )-  C(7  )-  H(9  )  110.216   107.600  0.5500   = 0.0795  
Angle 1-3:  H(8  )-  C(7  )-  N(14 )  109.299   107.500  0.8030   = 0.0555  
Angle 1-3:  H(9  )-  C(7  )-  N(14 )  110.381   107.500  0.8030   = 0.1402  
Angle 1-3:  N(3  )-  C(10 )-  C(6  )  113.136   112.300  0.8500   = 0.0129  
Angle 1-3:  N(3  )-  C(10 )-  H(11 )  108.383   109.400  0.3600   = 0.0083  
Angle 1-3:  N(3  )-  C(10 )-  H(12 )  110.756   109.400  0.3600   = 0.0142  
Angle 1-3:  C(6  )-  C(10 )-  H(11 )  110.387   109.490  0.5400   = 0.0094  
Angle 1-3:  C(6  )-  C(10 )-  H(12 )  109.225   109.490  0.5400   = 0.0008  
Angle 1-3:  H(11 )-  C(10 )-  H(12 )  104.613   107.600  0.5500   = 0.1121  
Angle InP:  S(2  )-  C(13 )-  C(15 )  111.069   120.000  0.6950   = 1.3730  
Angle InP:  S(2  )-  C(13 )-  C(24 )  122.216   120.000  0.6950   = 0.0725  
Angle 1-3:  C(15 )-  C(13 )-  C(24 )  126.713   122.300  0.4700   = 0.1884  
Angle InP: Ni(1  )-  N(14 )-  C(4  )  130.108   128.000  0.4844   = 0.0458  
Angle InP: Ni(1  )-  N(14 )-  C(7  )  115.870   128.000  0.4844   = 1.8429  
Angle InP:  C(4  )-  N(14 )-  C(7  )  114.023   109.000  0.7200   = 0.3706  
Angle InP:  N(3  )-  C(15 )-  C(13 )  114.502   120.100  0.5500   = 0.4080  
Angle InP:  N(3  )-  C(15 )-  H(16 )  119.517   110.000  0.5000   = 0.8649  
Angle InP:  C(13 )-  C(15 )-  H(16 )  125.980   120.000  0.4900   = 0.3526  
Angle 1-3: Ni(1  )-  O(19 )-  C(6  )  118.801   125.610  0.2654   = 0.2962  
Angle 1-3: Ni(1  )-  O(20 )-  C(5  )  120.138   125.610  0.2654   = 0.1878  
Angle 1-3:  C(13 )-  C(24 )-  H(25 )  111.103   110.400  0.5500   = 0.0059  
Angle 1-3:  C(13 )-  C(24 )-  H(26 )  111.089   110.400  0.5500   = 0.0057  
Angle 1-3:  C(13 )-  C(24 )-  H(27 )  111.673   110.400  0.5500   = 0.0192  
Angle 1-3:  H(25 )-  C(24 )-  H(26 )  107.758   107.800  0.5500   = 0.0000  
Angle 1-3:  H(25 )-  C(24 )-  H(27 )  107.518   107.800  0.5500   = 0.0010  
Angle 1-3:  H(26 )-  C(24 )-  H(27 )  107.508   107.800  0.5500   = 0.0010  

Angle-Angle Interactions
             Angle 1                     Angle2          Thet1     Thet0      Thet2    Thet0   Const         Eaa
AA:  C(4  )-  N(3  )-  C(10 )  C(4  )-  N(3  )-  C(15 ): 123.584  120.500  - 115.946  126.100  0.058    =   0.0395
AA:  C(4  )-  N(3  )-  C(10 )  C(10 )-  N(3  )-  C(15 ): 123.584  120.500  - 120.424  120.500  0.058    =   0.0003
AA:  C(4  )-  N(3  )-  C(15 )  C(10 )-  N(3  )-  C(15 ): 115.946  126.100  - 120.424  120.500  0.058    =  -0.0010
AA:  C(7  )-  C(5  )-  O(20 )  C(7  )-  C(5  )-  O(22 ): 118.344  121.400  - 118.098  120.200  0.058    =  -0.0081
AA:  C(7  )-  C(5  )-  O(20 )  O(20 )-  C(5  )-  O(22 ): 118.344  121.400  - 123.558  125.100  0.058    =  -0.0059
AA:  C(7  )-  C(5  )-  O(22 )  O(20 )-  C(5  )-  O(22 ): 118.098  120.200  - 123.558  125.100  0.058    =  -0.0041
AA:  C(10 )-  C(6  )-  O(19 )  C(10 )-  C(6  )-  O(21 ): 116.366  119.200  - 119.474  120.200  0.058    =  -0.0026
AA:  C(10 )-  C(6  )-  O(19 )  O(19 )-  C(6  )-  O(21 ): 116.366  119.200  - 124.131  125.100  0.058    =  -0.0035
AA:  C(10 )-  C(6  )-  O(21 )  O(19 )-  C(6  )-  O(21 ): 119.474  120.200  - 124.131  125.100  0.058    =  -0.0009
AA:  C(5  )-  C(7  )-  H(8  )  C(5  )-  C(7  )-  H(9  ): 109.610  109.490  - 109.962  109.490  0.090    =  -0.0001
AA:  N(3  )-  C(10 )-  C(6  )  N(3  )-  C(10 )-  H(11 ): 113.136  112.300  - 108.383  109.400  0.072    =   0.0013
AA:  N(3  )-  C(10 )-  C(6  )  N(3  )-  C(10 )-  H(12 ): 113.136  112.300  - 110.756  109.400  0.072    =  -0.0018
AA:  N(3  )-  C(10 )-  C(6  )  C(6  )-  C(10 )-  H(11 ): 113.136  112.300  - 110.387  109.490  0.072    =  -0.0012
AA:  N(3  )-  C(10 )-  C(6  )  C(6  )-  C(10 )-  H(12 ): 113.136  112.300  - 109.225  109.490  0.072    =   0.0003
AA:  N(3  )-  C(10 )-  H(11 )  N(3  )-  C(10 )-  H(12 ): 108.383  109.400  - 110.756  109.400  0.090    =   0.0027
AA:  N(3  )-  C(10 )-  H(11 )  C(6  )-  C(10 )-  H(11 ): 108.383  109.400  - 110.387  109.490  0.090    =   0.0018
AA:  N(3  )-  C(10 )-  H(11 )  C(6  )-  C(10 )-  H(12 ): 108.383  109.400  - 109.225  109.490  0.090    =  -0.0005
AA:  N(3  )-  C(10 )-  H(12 )  C(6  )-  C(10 )-  H(11 ): 110.756  109.400  - 110.387  109.490  0.090    =  -0.0024
AA:  N(3  )-  C(10 )-  H(12 )  C(6  )-  C(10 )-  H(12 ): 110.756  109.400  - 109.225  109.490  0.090    =   0.0007
AA:  C(6  )-  C(10 )-  H(11 )  C(6  )-  C(10 )-  H(12 ): 110.387  109.490  - 109.225  109.490  0.090    =   0.0005
AA:  S(2  )-  C(13 )-  C(15 )  S(2  )-  C(13 )-  C(24 ): 111.067  120.000  - 122.215  120.000  0.058    =   0.0250
AA:  S(2  )-  C(13 )-  C(15 )  C(15 )-  C(13 )-  C(24 ): 111.067  120.000  - 126.713  122.300  0.058    =   0.0498
AA:  S(2  )-  C(13 )-  C(24 )  C(15 )-  C(13 )-  C(24 ): 122.215  120.000  - 126.713  122.300  0.058    =  -0.0123
AA:  N(3  )-  C(15 )-  C(13 )  N(3  )-  C(15 )-  H(16 ): 114.502  120.100  - 119.517  110.000  0.072    =   0.0841
AA:  N(3  )-  C(15 )-  C(13 )  C(13 )-  C(15 )-  H(16 ): 114.502  120.100  - 125.980  120.000  0.072    =   0.0528
AA:  N(3  )-  C(15 )-  H(16 )  C(13 )-  C(15 )-  H(16 ): 119.517  110.000  - 125.980  120.000  0.090    =  -0.1123
AA:  C(13 )-  C(24 )-  H(25 )  C(13 )-  C(24 )-  H(26 ): 111.103  110.400  - 111.089  110.400  0.090    =  -0.0010
AA:  C(13 )-  C(24 )-  H(25 )  C(13 )-  C(24 )-  H(27 ): 111.103  110.400  - 111.673  110.400  0.090    =  -0.0018
AA:  C(13 )-  C(24 )-  H(26 )  C(13 )-  C(24 )-  H(27 ): 111.089  110.400  - 111.673  110.400  0.090    =  -0.0017

Out of Plane Bending Terms
    At1   At2   At3   At4      Angle     Oopconst     Eoop
Oop: 4   - 3   - 10  - 15      0.742       0.700    = 0.0084  
Oop: 4   - 3   - 15  - 10      0.646       0.050    = 0.0005  
Oop: 10  - 3   - 15  - 4       0.742       0.700    = 0.0084  
Oop: 2   - 4   - 3   - 14      1.073       0.250    = 0.0062  
Oop: 2   - 4   - 14  - 3       1.067       0.050    = 0.0012  
Oop: 7   - 5   - 20  - 22      0.087       0.800    = 0.0001  
Oop: 7   - 5   - 22  - 20      0.087       0.800    = 0.0001  
Oop: 20  - 5   - 22  - 7       0.071       0.590    = 0.0001  
Oop: 10  - 6   - 19  - 21      0.601       0.800    = 0.0063  
Oop: 10  - 6   - 21  - 19      0.602       0.800    = 0.0063  
Oop: 19  - 6   - 21  - 10      0.494       0.590    = 0.0031  
Oop: 2   - 13  - 15  - 24      0.224       0.100    = 0.0001  
Oop: 2   - 13  - 24  - 15      0.252       0.200    = 0.0003  
Oop: 1   - 14  - 4   - 7       1.723       0.150    = 0.0095  
Oop: 1   - 14  - 7   - 4       2.012       0.150    = 0.0129  
Oop: 4   - 14  - 7   - 1       1.219       5.300    = 0.1697  
Oop: 3   - 15  - 13  - 16      0.076       0.110    = 0.0000  
Oop: 3   - 15  - 16  - 13      0.063       0.200    = 0.0000  
Oop: 13  - 15  - 16  - 3       0.066       0.050    = 0.0000  

Torsion Terms
        At1      At2      At3      At4       Types          Angle     V1      V2        V3         Etor
Tor:  Ni(1  )-  N(14 )-  C(4  )-  S(2  )    321 237 2 15       162.62    0.000    10.600   0.000    = 0.9455  
Tor:  Ni(1  )-  N(14 )-  C(4  )-  N(3  )    321 237 2 40       -13.71    0.000    10.600   0.000    = 0.5954  
Tor:  Ni(1  )-  N(14 )-  C(7  )-  C(5  )    321 237 1 3         9.54    0.000    0.000    0.000    = 0.0000  
Tor:  Ni(1  )-  N(14 )-  C(7  )-  H(8  )    321 237 1 5      -109.26    0.000    0.000    0.000    = 0.0000  
Tor:  Ni(1  )-  N(14 )-  C(7  )-  H(9  )    321 237 1 5       129.36    0.000    0.000    0.000    = 0.0000  
Tor:  Ni(1  )-  O(19 )-  C(6  )-  C(10 )    321 147 3 1         7.59    0.000    1.327    0.000    = 0.0231  
Tor:  Ni(1  )-  O(19 )-  C(6  )-  O(21 )    321 147 3 47      -170.43    0.000    1.327    0.000    = 0.0367  
Tor:  Ni(1  )-  O(20 )-  C(5  )-  C(7  )    321 147 3 1        -1.15    0.000    1.327    0.000    = 0.0005  
Tor:  Ni(1  )-  O(20 )-  C(5  )-  O(22 )    321 147 3 47       179.14    0.000    1.327    0.000    = 0.0003  
Tor:   S(2  )-  C(4  )-  N(3  )-  C(10 )    15 2 40 1       176.69    0.000    11.600   0.000    = 0.0386  
Tor:   S(2  )-  C(4  )-  N(3  )-  C(15 )    15 2 40 2        -0.85    0.000    11.600   0.000    = 0.0026  
Tor:   S(2  )-  C(4  )-  N(14 )-  C(7  )    15 2 237 1       -23.44    0.000    0.000    0.000    = 0.0000  
Tor:   S(2  )-  C(13 )-  C(15 )-  N(3  )    15 2 2 40         0.76    0.000    11.600   0.000    = 0.0021  
Tor:   S(2  )-  C(13 )-  C(15 )-  H(16 )    15 2 2 5      -178.99    0.000    11.600   0.000    = 0.0036  
Tor:   S(2  )-  C(13 )-  C(24 )-  H(25 )    15 2 1 5        59.84    0.000    0.160    0.090    = 0.1196  
Tor:   S(2  )-  C(13 )-  C(24 )-  H(26 )    15 2 1 5       -60.11    0.000    0.160    0.090    = 0.1203  
Tor:   S(2  )-  C(13 )-  C(24 )-  H(27 )    15 2 1 5       179.87    0.000    0.160    0.090    = 0.0000  
Tor:   N(3  )-  C(4  )-  S(2  )-  C(13 )    40 2 15 2         1.03    0.000    1.700    0.200    = 0.2004  
Tor:   N(3  )-  C(4  )-  N(14 )-  C(7  )    40 2 237 1       160.23    0.000    0.000    0.000    = 0.0000  
Tor:   N(3  )-  C(10 )-  C(6  )-  O(19 )    40 1 3 147       -91.68    0.000    0.800    1.500    = 1.6154  
Tor:   N(3  )-  C(10 )-  C(6  )-  O(21 )    40 1 3 47        86.43    0.000    0.800    1.500    = 1.4075  
Tor:   N(3  )-  C(15 )-  C(13 )-  C(24 )    40 2 2 1       180.00    0.000    15.000   0.000    = 0.0000  
Tor:   C(4  )-  S(2  )-  C(13 )-  C(15 )    2 15 2 2        -0.98    0.000    1.700    0.200    = 0.2004  
Tor:   C(4  )-  S(2  )-  C(13 )-  C(24 )    2 15 2 1       179.76    0.000    1.700    0.200    = 0.0000  
Tor:   C(4  )-  N(3  )-  C(10 )-  C(6  )    2 40 1 3        86.04    -0.700   -0.200   -0.550   = -0.7916 
Tor:   C(4  )-  N(3  )-  C(10 )-  H(11 )    2 40 1 5       -36.72    0.000    0.000    -0.316   = -0.1035 
Tor:   C(4  )-  N(3  )-  C(10 )-  H(12 )    2 40 1 5      -150.94    0.000    0.000    -0.316   = -0.1502 
Tor:   C(4  )-  N(3  )-  C(15 )-  C(13 )    2 40 2 2         0.06    0.000    14.000   0.000    = 0.0000  
Tor:   C(4  )-  N(3  )-  C(15 )-  H(16 )    2 40 2 5       179.84    0.000    7.000    0.000    = 0.0001  
Tor:   C(4  )-  N(14 )-  C(7  )-  C(5  )    2 237 1 3      -165.31    0.000    0.000    0.360    = 0.0507  
Tor:   C(4  )-  N(14 )-  C(7  )-  H(8  )    2 237 1 5        75.90    0.000    0.000    -0.500   = -0.0817 
Tor:   C(4  )-  N(14 )-  C(7  )-  H(9  )    2 237 1 5       -45.48    0.000    0.000    -0.500   = -0.0688 
Tor:   C(6  )-  C(10 )-  N(3  )-  C(15 )    3 1 40 2       -96.51    -0.700   -0.200   -0.550   = -0.8747 
Tor:   H(8  )-  C(7  )-  C(5  )-  O(20 )    5 1 3 147       113.03    -0.150   0.000    -0.100   = -0.1424 
Tor:   H(8  )-  C(7  )-  C(5  )-  O(22 )    5 1 3 47       -67.24    -0.150   0.000    -0.100   = -0.1076 
Tor:   H(9  )-  C(7  )-  C(5  )-  O(20 )    5 1 3 147      -125.66    -0.150   0.000    -0.100   = -0.1291 
Tor:   H(9  )-  C(7  )-  C(5  )-  O(22 )    5 1 3 47        54.07    -0.150   0.000    -0.100   = -0.1214 
Tor:   C(10 )-  N(3  )-  C(4  )-  N(14 )    1 40 2 237        -6.57    0.000    10.000   0.000    = 0.1310  
Tor:   C(10 )-  N(3  )-  C(15 )-  C(13 )    1 40 2 2      -177.57    0.000    14.000   0.000    = 0.0252  
Tor:   C(10 )-  N(3  )-  C(15 )-  H(16 )    1 40 2 5         2.21    0.000    14.000   0.000    = 0.0208  
Tor:   H(11 )-  C(10 )-  N(3  )-  C(15 )    5 1 40 2       140.72    0.000    0.000    -0.316   = -0.2318 
Tor:   H(11 )-  C(10 )-  C(6  )-  O(19 )    5 1 3 147        29.96    -0.150   0.000    -0.100   = -0.1901 
Tor:   H(11 )-  C(10 )-  C(6  )-  O(21 )    5 1 3 47      -151.93    -0.150   0.000    -0.100   = -0.0538 
Tor:   H(12 )-  C(10 )-  N(3  )-  C(15 )    5 1 40 2        26.50    0.000    0.000    -0.316   = -0.1868 
Tor:   H(12 )-  C(10 )-  C(6  )-  O(19 )    5 1 3 147       144.46    -0.150   0.000    -0.100   = -0.0783 
Tor:   H(12 )-  C(10 )-  C(6  )-  O(21 )    5 1 3 47       -37.43    -0.150   0.000    -0.100   = -0.1656 
Tor:   C(13 )-  S(2  )-  C(4  )-  N(14 )    2 15 2 237      -175.68    0.000    1.700    0.200    = 0.0122  
Tor:   N(14 )-  C(4  )-  N(3  )-  C(15 )    237 2 40 2       175.88    0.000    4.000    0.000    = 0.0206  
Tor:   N(14 )-  C(7  )-  C(5  )-  O(20 )    237 1 3 147        -5.56    0.000    0.160    0.090    = 0.0896  
Tor:   N(14 )-  C(7  )-  C(5  )-  O(22 )    237 1 3 47       174.16    0.000    0.160    0.090    = 0.0037  
Tor:   C(15 )-  C(13 )-  C(24 )-  H(25 )    2 2 1 5      -119.31    0.000    0.000    -0.090   = -0.0900 
Tor:   C(15 )-  C(13 )-  C(24 )-  H(26 )    2 2 1 5       120.74    0.000    0.000    -0.090   = -0.0900 
Tor:   C(15 )-  C(13 )-  C(24 )-  H(27 )    2 2 1 5         0.73    0.000    0.000    -0.090   = -0.0900 
Tor:   H(16 )-  C(15 )-  C(13 )-  C(24 )    5 2 2 1         0.23    0.000    10.000   0.000    = 0.0002  

Stretch-Bend Terms
          At1     At2    At3      Angle     Anat   StbnCst1   StbnCst2  Estb
StrBnd:  C(4  )- S(2  )- C(13 ) : 86.488   95.000   -0.040   -0.040   = 0.0102  
StrBnd:  C(4  )- N(3  )- C(10 ) : 123.584  120.500  0.050    0.050    = 0.0094  
StrBnd:  C(4  )- N(3  )- C(15 ) : 115.946  126.100  0.050    0.050    = -0.0243 
StrBnd:  C(10 )- N(3  )- C(15 ) : 120.424  120.500  0.050    0.050    = -0.0002 
StrBnd:  S(2  )- C(4  )- N(3  ) : 111.983  120.000  0.130    0.130    = -0.0709 
StrBnd:  S(2  )- C(4  )- N(14 ) : 124.335  120.000  0.130    0.130    = 0.0428  
StrBnd:  N(3  )- C(4  )- N(14 ) : 123.595  120.000  0.130    0.130    = 0.0261  
StrBnd:  C(7  )- C(5  )- O(20 ) : 118.344  121.400  0.130    0.130    = -0.0305 
StrBnd:  C(7  )- C(5  )- O(22 ) : 118.098  120.200  0.130    0.130    = -0.0205 
StrBnd:  O(20 )- C(5  )- O(22 ) : 123.558  125.100  0.130    0.130    = -0.0034 
StrBnd:  C(10 )- C(6  )- O(19 ) : 116.366  119.200  0.130    0.130    = -0.0238 
StrBnd:  C(10 )- C(6  )- O(21 ) : 119.474  120.200  0.130    0.130    = -0.0069 
StrBnd:  O(19 )- C(6  )- O(21 ) : 124.131  125.100  0.130    0.130    = -0.0008 
StrBnd:  C(5  )- C(7  )- H(8  ) : 109.610  109.490  0.080    0.080    = 0.0006  
StrBnd:  C(5  )- C(7  )- H(9  ) : 109.962  109.490  0.080    0.080    = 0.0025  
StrBnd:  C(5  )- C(7  )- N(14 ) : 107.321  109.500  0.130    0.130    = -0.0288 
StrBnd:  H(8  )- C(7  )- N(14 ) : 109.299  107.500  0.080    0.080    = 0.0049  
StrBnd:  H(9  )- C(7  )- N(14 ) : 110.381  107.500  0.080    0.080    = 0.0079  
StrBnd:  N(3  )- C(10 )- C(6  ) : 113.136  112.300  0.130    0.130    = 0.0111  
StrBnd:  N(3  )- C(10 )- H(11 ) : 108.383  109.400  0.080    0.080    = -0.0030 
StrBnd:  N(3  )- C(10 )- H(12 ) : 110.756  109.400  0.080    0.080    = 0.0040  
StrBnd:  C(6  )- C(10 )- H(11 ) : 110.387  109.490  0.080    0.080    = 0.0047  
StrBnd:  C(6  )- C(10 )- H(12 ) : 109.225  109.490  0.080    0.080    = -0.0014 
StrBnd:  S(2  )- C(13 )- C(15 ) : 111.067  120.000  0.130    0.130    = 0.0131  
StrBnd:  S(2  )- C(13 )- C(24 ) : 122.215  120.000  0.130    0.130    = -0.0022 
StrBnd:  C(15 )- C(13 )- C(24 ) : 126.713  122.300  0.130    0.130    = 0.0053  
StrBnd:  C(4  )- N(14 )- C(7  ) : 113.929  109.000  0.050    0.050    = 0.0163  
StrBnd:  N(3  )- C(15 )- C(13 ) : 114.502  120.100  0.130    0.130    = -0.0194 
StrBnd:  N(3  )- C(15 )- H(16 ) : 119.517  110.000  0.080    0.080    = 0.0182  
StrBnd:  C(13 )- C(15 )- H(16 ) : 125.980  120.000  0.080    0.080    = 0.0013  
StrBnd:  C(13 )- C(24 )- H(25 ) : 111.103  110.400  0.080    0.080    = 0.0004  
StrBnd:  C(13 )- C(24 )- H(26 ) : 111.089  110.400  0.080    0.080    = 0.0004  
StrBnd:  C(13 )- C(24 )- H(27 ) : 111.673  110.400  0.080    0.080    = 0.0007  

VDW Terms - MM3 Buckingham Potential
          At1        At2    Rik    Radius     Eps          Evdw
VDW_MM3: Ni(1  ) -  S(2  ) 4.707    3.849    0.014    =  -0.0085
VDW_MM3: Ni(1  ) -  N(3  ) 3.384    3.629    0.007    =  -0.0058
VDW_MM3: Ni(1  ) -  H(8  ) 3.630    3.319    0.004    =  -0.0042
VDW_MM3: Ni(1  ) -  H(9  ) 3.790    3.319    0.004    =  -0.0036
VDW_MM3: Ni(1  ) -  C(10 ) 2.938    3.739    0.005    =   0.0271
VDW_MM3: Ni(1  ) -  H(11 ) 2.442    3.319    0.004    =   0.0571
VDW_MM3: Ni(1  ) -  H(12 ) 3.866    3.319    0.004    =  -0.0033
VDW_MM3: Ni(1  ) -  C(13 ) 5.344    3.659    0.007    =  -0.0017
VDW_MM3: Ni(1  ) -  C(15 ) 4.647    3.659    0.007    =  -0.0037
VDW_MM3: Ni(1  ) -  H(16 ) 5.215    3.319    0.004    =  -0.0007
VDW_MM3: Ni(1  ) -  O(21 ) 4.054    3.664    0.008    =  -0.0070
VDW_MM3: Ni(1  ) -  O(22 ) 4.107    3.664    0.008    =  -0.0067
VDW_MM3: Ni(1  ) -  C(24 ) 6.838    3.739    0.005    =  -0.0003
VDW_MM3: Ni(1  ) -  H(25 ) 7.346    3.319    0.004    =  -0.0001
VDW_MM3: Ni(1  ) -  H(26 ) 7.210    3.319    0.004    =  -0.0001
VDW_MM3: Ni(1  ) -  H(27 ) 7.261    3.319    0.004    =  -0.0001
VDW_MM3:  S(2  ) -  C(5  ) 4.458    4.090    0.106    =  -0.1019
VDW_MM3:  S(2  ) -  C(6  ) 4.772    4.090    0.106    =  -0.0786
VDW_MM3:  S(2  ) -  C(7  ) 2.921    4.190    0.074    =   1.7155
VDW_MM3:  S(2  ) -  H(8  ) 2.841    3.770    0.064    =   0.6010
VDW_MM3:  S(2  ) -  H(9  ) 2.776    3.770    0.064    =   0.8032
VDW_MM3:  S(2  ) -  C(10 ) 3.958    4.190    0.074    =  -0.0716
VDW_MM3:  S(2  ) -  H(11 ) 4.242    3.770    0.064    =  -0.0545
VDW_MM3:  S(2  ) -  H(12 ) 4.544    3.770    0.064    =  -0.0405
VDW_MM3:  S(2  ) -  H(16 ) 3.536    3.770    0.064    =  -0.0587
VDW_MM3:  S(2  ) -  O(17 ) 5.889    3.970    0.109    =  -0.0227
VDW_MM3:  S(2  ) -  O(18 ) 4.841    3.970    0.109    =  -0.0658
VDW_MM3:  S(2  ) -  O(19 ) 5.138    4.115    0.109    =  -0.0586
VDW_MM3:  S(2  ) -  O(20 ) 5.101    4.115    0.109    =  -0.0607
VDW_MM3:  S(2  ) -  O(21 ) 5.407    4.115    0.109    =  -0.0449
VDW_MM3:  S(2  ) -  O(22 ) 5.235    4.115    0.109    =  -0.0532
VDW_MM3:  S(2  ) -  O(23 ) 6.716    3.970    0.109    =  -0.0104
VDW_MM3:  S(2  ) -  H(25 ) 3.078    3.770    0.064    =   0.1679
VDW_MM3:  S(2  ) -  H(26 ) 3.079    3.770    0.064    =   0.1660
VDW_MM3:  S(2  ) -  H(27 ) 3.705    3.770    0.064    =  -0.0704
VDW_MM3:  N(3  ) -  C(5  ) 4.626    3.870    0.049    =  -0.0325
VDW_MM3:  N(3  ) -  C(7  ) 3.513    3.970    0.034    =  -0.0064
VDW_MM3:  N(3  ) -  H(8  ) 3.946    3.550    0.029    =  -0.0263
VDW_MM3:  N(3  ) -  H(9  ) 3.646    3.550    0.029    =  -0.0323
VDW_MM3:  N(3  ) -  O(17 ) 4.234    3.750    0.050    =  -0.0426
VDW_MM3:  N(3  ) -  O(18 ) 4.241    3.750    0.050    =  -0.0423
VDW_MM3:  N(3  ) -  O(19 ) 3.195    3.895    0.050    =   0.1198
VDW_MM3:  N(3  ) -  O(20 ) 4.652    3.895    0.050    =  -0.0335
VDW_MM3:  N(3  ) -  O(21 ) 3.195    3.895    0.050    =   0.1203
VDW_MM3:  N(3  ) -  O(22 ) 5.751    3.895    0.050    =  -0.0107
VDW_MM3:  N(3  ) -  O(23 ) 5.333    3.750    0.050    =  -0.0133
VDW_MM3:  N(3  ) -  C(24 ) 3.637    3.970    0.034    =  -0.0243
VDW_MM3:  N(3  ) -  H(25 ) 4.202    3.550    0.029    =  -0.0203
VDW_MM3:  N(3  ) -  H(26 ) 4.206    3.550    0.029    =  -0.0202
VDW_MM3:  N(3  ) -  H(27 ) 3.931    3.550    0.029    =  -0.0267
VDW_MM3:  C(4  ) -  C(5  ) 3.589    3.900    0.056    =  -0.0426
VDW_MM3:  C(4  ) -  C(6  ) 3.252    3.900    0.056    =   0.0901
VDW_MM3:  C(4  ) -  H(8  ) 2.683    3.580    0.033    =   0.3394
VDW_MM3:  C(4  ) -  H(9  ) 2.501    3.580    0.033    =   0.7588
VDW_MM3:  C(4  ) -  H(11 ) 2.578    3.580    0.033    =   0.5480
VDW_MM3:  C(4  ) -  H(12 ) 3.204    3.580    0.033    =  -0.0131
VDW_MM3:  C(4  ) -  H(16 ) 3.100    3.580    0.033    =   0.0104
VDW_MM3:  C(4  ) -  O(17 ) 4.212    3.780    0.057    =  -0.0511
VDW_MM3:  C(4  ) -  O(18 ) 3.665    3.780    0.057    =  -0.0620
VDW_MM3:  C(4  ) -  O(19 ) 3.530    3.925    0.057    =  -0.0269
VDW_MM3:  C(4  ) -  O(20 ) 3.858    3.925    0.057    =  -0.0636
VDW_MM3:  C(4  ) -  O(21 ) 4.127    3.925    0.057    =  -0.0607
VDW_MM3:  C(4  ) -  O(22 ) 4.652    3.925    0.057    =  -0.0396
VDW_MM3:  C(4  ) -  O(23 ) 5.120    3.780    0.057    =  -0.0200
VDW_MM3:  C(4  ) -  C(24 ) 3.877    4.000    0.039    =  -0.0419
VDW_MM3:  C(4  ) -  H(25 ) 4.304    3.580    0.033    =  -0.0216
VDW_MM3:  C(4  ) -  H(26 ) 4.301    3.580    0.033    =  -0.0217
VDW_MM3:  C(4  ) -  H(27 ) 4.455    3.580    0.033    =  -0.0183
VDW_MM3:  C(5  ) -  C(6  ) 5.405    3.880    0.056    =  -0.0167
VDW_MM3:  C(5  ) -  C(10 ) 4.932    3.980    0.039    =  -0.0217
VDW_MM3:  C(5  ) -  H(11 ) 4.333    3.560    0.033    =  -0.0204
VDW_MM3:  C(5  ) -  H(12 ) 5.819    3.560    0.033    =  -0.0039
VDW_MM3:  C(5  ) -  C(13 ) 5.824    3.900    0.056    =  -0.0112
VDW_MM3:  C(5  ) -  C(15 ) 5.722    3.900    0.056    =  -0.0124
VDW_MM3:  C(5  ) -  H(16 ) 6.590    3.560    0.033    =  -0.0019
VDW_MM3:  C(5  ) -  O(17 ) 3.724    3.760    0.057    =  -0.0641
VDW_MM3:  C(5  ) -  O(18 ) 3.352    3.760    0.057    =  -0.0188
VDW_MM3:  C(5  ) -  O(19 ) 4.814    3.905    0.057    =  -0.0329
VDW_MM3:  C(5  ) -  O(21 ) 6.599    3.905    0.057    =  -0.0055
VDW_MM3:  C(5  ) -  O(23 ) 4.107    3.760    0.057    =  -0.0547
VDW_MM3:  C(5  ) -  C(24 ) 7.200    3.980    0.039    =  -0.0025
VDW_MM3:  C(5  ) -  H(25 ) 7.384    3.560    0.033    =  -0.0009
VDW_MM3:  C(5  ) -  H(26 ) 7.509    3.560    0.033    =  -0.0009
VDW_MM3:  C(5  ) -  H(27 ) 7.925    3.560    0.033    =  -0.0006
VDW_MM3:  C(6  ) -  C(7  ) 4.853    3.980    0.039    =  -0.0235
VDW_MM3:  C(6  ) -  H(8  ) 5.281    3.560    0.033    =  -0.0070
VDW_MM3:  C(6  ) -  H(9  ) 5.363    3.560    0.033    =  -0.0064
VDW_MM3:  C(6  ) -  C(13 ) 4.434    3.900    0.056    =  -0.0461
VDW_MM3:  C(6  ) -  N(14 ) 3.378    3.870    0.049    =   0.0055
VDW_MM3:  C(6  ) -  C(15 ) 3.299    3.900    0.056    =   0.0583
VDW_MM3:  C(6  ) -  H(16 ) 3.359    3.560    0.033    =  -0.0322
VDW_MM3:  C(6  ) -  O(17 ) 3.689    3.760    0.057    =  -0.0635
VDW_MM3:  C(6  ) -  O(18 ) 3.708    3.760    0.057    =  -0.0639
VDW_MM3:  C(6  ) -  O(20 ) 4.844    3.905    0.057    =  -0.0319
VDW_MM3:  C(6  ) -  O(22 ) 6.657    3.905    0.057    =  -0.0053
VDW_MM3:  C(6  ) -  O(23 ) 4.023    3.760    0.057    =  -0.0581
VDW_MM3:  C(6  ) -  C(24 ) 5.714    3.980    0.039    =  -0.0098
VDW_MM3:  C(6  ) -  H(25 ) 6.465    3.560    0.033    =  -0.0021
VDW_MM3:  C(6  ) -  H(26 ) 6.125    3.560    0.033    =  -0.0029
VDW_MM3:  C(6  ) -  H(27 ) 5.762    3.560    0.033    =  -0.0042
VDW_MM3:  C(7  ) -  C(10 ) 4.215    4.080    0.027    =  -0.0294
VDW_MM3:  C(7  ) -  H(11 ) 3.862    3.660    0.023    =  -0.0243
VDW_MM3:  C(7  ) -  H(12 ) 5.090    3.660    0.023    =  -0.0070
VDW_MM3:  C(7  ) -  C(13 ) 4.365    4.000    0.039    =  -0.0371
VDW_MM3:  C(7  ) -  C(15 ) 4.447    4.000    0.039    =  -0.0348
VDW_MM3:  C(7  ) -  H(16 ) 5.392    3.660    0.023    =  -0.0050
VDW_MM3:  C(7  ) -  O(17 ) 4.181    3.860    0.040    =  -0.0390
VDW_MM3:  C(7  ) -  O(18 ) 3.366    3.860    0.040    =   0.0052
VDW_MM3:  C(7  ) -  O(19 ) 4.557    4.005    0.040    =  -0.0328
VDW_MM3:  C(7  ) -  O(21 ) 5.944    4.005    0.040    =  -0.0083
VDW_MM3:  C(7  ) -  O(23 ) 4.792    3.860    0.040    =  -0.0220
VDW_MM3:  C(7  ) -  C(24 ) 5.696    4.080    0.027    =  -0.0079
VDW_MM3:  C(7  ) -  H(25 ) 5.879    3.660    0.023    =  -0.0030
VDW_MM3:  C(7  ) -  H(26 ) 5.981    3.660    0.023    =  -0.0027
VDW_MM3:  C(7  ) -  H(27 ) 6.465    3.660    0.023    =  -0.0017
VDW_MM3:  H(8  ) -  C(10 ) 4.815    3.660    0.023    =  -0.0095
VDW_MM3:  H(8  ) -  H(11 ) 4.622    3.240    0.020    =  -0.0052
VDW_MM3:  H(8  ) -  H(12 ) 5.723    3.240    0.020    =  -0.0015
VDW_MM3:  H(8  ) -  C(13 ) 4.447    3.580    0.033    =  -0.0184
VDW_MM3:  H(8  ) -  C(15 ) 4.739    3.580    0.033    =  -0.0132
VDW_MM3:  H(8  ) -  H(16 ) 5.726    3.240    0.020    =  -0.0015
VDW_MM3:  H(8  ) -  O(17 ) 5.049    3.440    0.034    =  -0.0076
VDW_MM3:  H(8  ) -  O(18 ) 3.341    3.440    0.034    =  -0.0372
VDW_MM3:  H(8  ) -  O(19 ) 4.954    2.350    0.167    =   0.0012   HB
VDW_MM3:  H(8  ) -  O(20 ) 3.025    3.585    0.034    =   0.0391   HB
VDW_MM3:  H(8  ) -  O(21 ) 6.272    3.585    0.034    =  -0.0027
VDW_MM3:  H(8  ) -  O(22 ) 2.733    3.585    0.034    =   0.2787
VDW_MM3:  H(8  ) -  O(23 ) 5.251    3.440    0.034    =  -0.0060
VDW_MM3:  H(8  ) -  C(24 ) 5.664    3.660    0.023    =  -0.0038
VDW_MM3:  H(8  ) -  H(25 ) 5.876    3.240    0.020    =  -0.0013
VDW_MM3:  H(8  ) -  H(26 ) 5.775    3.240    0.020    =  -0.0014
VDW_MM3:  H(8  ) -  H(27 ) 6.509    3.240    0.020    =  -0.0007
VDW_MM3:  H(9  ) -  C(10 ) 4.462    3.660    0.023    =  -0.0140
VDW_MM3:  H(9  ) -  H(11 ) 4.081    3.240    0.020    =  -0.0103
VDW_MM3:  H(9  ) -  H(12 ) 5.204    3.240    0.020    =  -0.0026
VDW_MM3:  H(9  ) -  C(13 ) 4.214    3.580    0.033    =  -0.0238
VDW_MM3:  H(9  ) -  C(15 ) 4.424    3.580    0.033    =  -0.0189
VDW_MM3:  H(9  ) -  H(16 ) 5.370    3.240    0.020    =  -0.0022
VDW_MM3:  H(9  ) -  O(17 ) 4.552    3.440    0.034    =  -0.0136
VDW_MM3:  H(9  ) -  O(18 ) 4.362    3.440    0.034    =  -0.0170
VDW_MM3:  H(9  ) -  O(19 ) 5.245    2.350    0.167    =   0.0018   HB
VDW_MM3:  H(9  ) -  O(20 ) 3.095    3.585    0.034    =   0.0134   HB
VDW_MM3:  H(9  ) -  O(21 ) 6.432    3.585    0.034    =  -0.0023
VDW_MM3:  H(9  ) -  O(22 ) 2.659    3.585    0.034    =   0.3967
VDW_MM3:  H(9  ) -  O(23 ) 5.601    3.440    0.034    =  -0.0041
VDW_MM3:  H(9  ) -  C(24 ) 5.446    3.660    0.023    =  -0.0047
VDW_MM3:  H(9  ) -  H(25 ) 5.459    3.240    0.020    =  -0.0020
VDW_MM3:  H(9  ) -  H(26 ) 5.826    3.240    0.020    =  -0.0013
VDW_MM3:  H(9  ) -  H(27 ) 6.239    3.240    0.020    =  -0.0009
VDW_MM3:  C(10 ) -  C(13 ) 3.574    4.000    0.039    =  -0.0141
VDW_MM3:  C(10 ) -  N(14 ) 2.800    3.970    0.034    =   0.7009
VDW_MM3:  C(10 ) -  H(16 ) 2.551    3.660    0.023    =   0.5414
VDW_MM3:  C(10 ) -  O(17 ) 3.355    3.860    0.040    =   0.0085
VDW_MM3:  C(10 ) -  O(18 ) 4.252    3.860    0.040    =  -0.0369
VDW_MM3:  C(10 ) -  O(20 ) 4.591    4.005    0.040    =  -0.0318
VDW_MM3:  C(10 ) -  O(22 ) 6.130    4.005    0.040    =  -0.0069
VDW_MM3:  C(10 ) -  O(23 ) 4.600    3.860    0.040    =  -0.0268
VDW_MM3:  C(10 ) -  C(24 ) 4.915    4.080    0.027    =  -0.0173
VDW_MM3:  C(10 ) -  H(25 ) 5.499    3.660    0.023    =  -0.0045
VDW_MM3:  C(10 ) -  H(26 ) 5.522    3.660    0.023    =  -0.0044
VDW_MM3:  C(10 ) -  H(27 ) 5.007    3.660    0.023    =  -0.0077
VDW_MM3:  H(11 ) -  C(13 ) 4.173    3.580    0.033    =  -0.0248
VDW_MM3:  H(11 ) -  N(14 ) 2.577    2.350    0.167    =  -0.0250   HB
VDW_MM3:  H(11 ) -  C(15 ) 3.121    3.580    0.033    =   0.0048
VDW_MM3:  H(11 ) -  H(16 ) 3.406    3.240    0.020    =  -0.0211
VDW_MM3:  H(11 ) -  O(17 ) 2.424    3.440    0.034    =   0.7139
VDW_MM3:  H(11 ) -  O(18 ) 4.153    3.440    0.034    =  -0.0217
VDW_MM3:  H(11 ) -  O(19 ) 2.498    3.585    0.034    =   0.8021   HB
VDW_MM3:  H(11 ) -  O(20 ) 3.907    2.350    0.167    =  -0.0128   HB
VDW_MM3:  H(11 ) -  O(21 ) 3.191    3.585    0.034    =  -0.0101
VDW_MM3:  H(11 ) -  O(22 ) 5.497    3.585    0.034    =  -0.0059
VDW_MM3:  H(11 ) -  O(23 ) 4.097    3.440    0.034    =  -0.0232
VDW_MM3:  H(11 ) -  C(24 ) 5.576    3.660    0.023    =  -0.0041
VDW_MM3:  H(11 ) -  H(25 ) 6.037    3.240    0.020    =  -0.0011
VDW_MM3:  H(11 ) -  H(26 ) 6.222    3.240    0.020    =  -0.0009
VDW_MM3:  H(11 ) -  H(27 ) 5.759    3.240    0.020    =  -0.0014
VDW_MM3:  H(12 ) -  C(13 ) 3.824    3.580    0.033    =  -0.0340
VDW_MM3:  H(12 ) -  N(14 ) 3.737    2.350    0.167    =   0.0206   HB
VDW_MM3:  H(12 ) -  C(15 ) 2.525    3.580    0.033    =   0.6874
VDW_MM3:  H(12 ) -  H(16 ) 2.313    3.240    0.020    =   0.3608
VDW_MM3:  H(12 ) -  O(17 ) 3.894    3.440    0.034    =  -0.0288
VDW_MM3:  H(12 ) -  O(18 ) 5.257    3.440    0.034    =  -0.0060
VDW_MM3:  H(12 ) -  O(19 ) 3.129    3.585    0.034    =   0.0040   HB
VDW_MM3:  H(12 ) -  O(20 ) 5.482    2.350    0.167    =   0.0020   HB
VDW_MM3:  H(12 ) -  O(21 ) 2.567    3.585    0.034    =   0.5994
VDW_MM3:  H(12 ) -  O(22 ) 6.981    3.585    0.034    =  -0.0014
VDW_MM3:  H(12 ) -  O(23 ) 5.387    3.440    0.034    =  -0.0052
VDW_MM3:  H(12 ) -  C(24 ) 4.984    3.660    0.023    =  -0.0079
VDW_MM3:  H(12 ) -  H(25 ) 5.536    3.240    0.020    =  -0.0018
VDW_MM3:  H(12 ) -  H(26 ) 5.697    3.240    0.020    =  -0.0015
VDW_MM3:  H(12 ) -  H(27 ) 4.887    3.240    0.020    =  -0.0038
VDW_MM3:  C(13 ) -  N(14 ) 3.649    3.890    0.049    =  -0.0454
VDW_MM3:  C(13 ) -  O(17 ) 6.320    3.780    0.057    =  -0.0059
VDW_MM3:  C(13 ) -  O(18 ) 5.703    3.780    0.057    =  -0.0108
VDW_MM3:  C(13 ) -  O(19 ) 5.188    3.925    0.057    =  -0.0229
VDW_MM3:  C(13 ) -  O(20 ) 6.235    3.925    0.057    =  -0.0080
VDW_MM3:  C(13 ) -  O(21 ) 4.740    3.925    0.057    =  -0.0363
VDW_MM3:  C(13 ) -  O(22 ) 6.733    3.925    0.057    =  -0.0051
VDW_MM3:  C(13 ) -  O(23 ) 7.338    3.780    0.057    =  -0.0024
VDW_MM3:  N(14 ) -  C(15 ) 3.364    3.890    0.049    =   0.0172
VDW_MM3:  N(14 ) -  H(16 ) 4.219    2.350    0.167    =   0.0089   HB
VDW_MM3:  N(14 ) -  O(21 ) 4.469    3.895    0.050    =  -0.0400
VDW_MM3:  N(14 ) -  O(22 ) 3.603    3.895    0.050    =  -0.0409
VDW_MM3:  N(14 ) -  C(24 ) 5.120    3.970    0.034    =  -0.0155
VDW_MM3:  N(14 ) -  H(25 ) 5.505    2.350    0.167    =   0.0007   HB
VDW_MM3:  N(14 ) -  H(26 ) 5.478    2.350    0.167    =   0.0006   HB
VDW_MM3:  N(14 ) -  H(27 ) 5.723    2.350    0.167    =   0.0009   HB
VDW_MM3:  C(15 ) -  O(17 ) 5.445    3.780    0.057    =  -0.0142
VDW_MM3:  C(15 ) -  O(18 ) 5.309    3.780    0.057    =  -0.0163
VDW_MM3:  C(15 ) -  O(19 ) 4.214    3.925    0.057    =  -0.0576
VDW_MM3:  C(15 ) -  O(20 ) 5.873    3.925    0.057    =  -0.0113
VDW_MM3:  C(15 ) -  O(21 ) 3.586    3.925    0.057    =  -0.0391
VDW_MM3:  C(15 ) -  O(22 ) 6.776    3.925    0.057    =  -0.0049
VDW_MM3:  C(15 ) -  O(23 ) 6.563    3.780    0.057    =  -0.0047
VDW_MM3:  C(15 ) -  H(25 ) 3.193    3.580    0.033    =  -0.0111
VDW_MM3:  C(15 ) -  H(26 ) 3.200    3.580    0.033    =  -0.0123
VDW_MM3:  C(15 ) -  H(27 ) 2.682    3.580    0.033    =   0.3425
VDW_MM3:  H(16 ) -  O(17 ) 5.824    3.440    0.034    =  -0.0033
VDW_MM3:  H(16 ) -  O(18 ) 5.981    3.440    0.034    =  -0.0028
VDW_MM3:  H(16 ) -  O(19 ) 4.466    2.350    0.167    =   0.0011   HB
VDW_MM3:  H(16 ) -  O(20 ) 6.627    2.350    0.167    =   0.0005   HB
VDW_MM3:  H(16 ) -  O(21 ) 3.352    3.585    0.034    =  -0.0310
VDW_MM3:  H(16 ) -  O(22 ) 7.677    3.585    0.034    =  -0.0008
VDW_MM3:  H(16 ) -  O(23 ) 7.007    3.440    0.034    =  -0.0011
VDW_MM3:  H(16 ) -  C(24 ) 2.857    3.660    0.023    =   0.1347
VDW_MM3:  H(16 ) -  H(25 ) 3.550    3.240    0.020    =  -0.0188
VDW_MM3:  H(16 ) -  H(26 ) 3.563    3.240    0.020    =  -0.0186
VDW_MM3:  H(16 ) -  H(27 ) 2.613    3.240    0.020    =   0.0668
VDW_MM3:  O(17 ) -  O(21 ) 4.860    3.785    0.059    =  -0.0274
VDW_MM3:  O(17 ) -  O(22 ) 4.702    3.785    0.059    =  -0.0325
VDW_MM3:  O(17 ) -  C(24 ) 7.788    3.860    0.040    =  -0.0013
VDW_MM3:  O(17 ) -  H(25 ) 8.162    3.440    0.034    =  -0.0004
VDW_MM3:  O(17 ) -  H(26 ) 8.373    3.440    0.034    =  -0.0004
VDW_MM3:  O(17 ) -  H(27 ) 8.093    3.440    0.034    =  -0.0005
VDW_MM3:  O(18 ) -  O(21 ) 4.607    3.785    0.059    =  -0.0359
VDW_MM3:  O(18 ) -  O(22 ) 4.392    3.785    0.059    =  -0.0446
VDW_MM3:  O(18 ) -  C(24 ) 7.079    3.860    0.040    =  -0.0024
VDW_MM3:  O(18 ) -  H(25 ) 7.689    3.440    0.034    =  -0.0006
VDW_MM3:  O(18 ) -  H(26 ) 7.157    3.440    0.034    =  -0.0010
VDW_MM3:  O(18 ) -  H(27 ) 7.610    3.440    0.034    =  -0.0007
VDW_MM3:  O(19 ) -  O(22 ) 6.052    3.930    0.059    =  -0.0099
VDW_MM3:  O(19 ) -  C(24 ) 6.558    4.005    0.040    =  -0.0046
VDW_MM3:  O(19 ) -  H(25 ) 7.279    2.350    0.167    =   0.0003   HB
VDW_MM3:  O(19 ) -  H(26 ) 6.886    2.350    0.167    =   0.0001   HB
VDW_MM3:  O(19 ) -  H(27 ) 6.742    2.350    0.167    =   0.0001   HB
VDW_MM3:  O(20 ) -  O(21 ) 6.064    3.930    0.059    =  -0.0097
VDW_MM3:  O(20 ) -  C(24 ) 7.694    4.005    0.040    =  -0.0018
VDW_MM3:  O(20 ) -  H(25 ) 7.993    2.350    0.167    =   0.0001   HB
VDW_MM3:  O(20 ) -  H(26 ) 8.040    2.350    0.167    =   0.0001   HB
VDW_MM3:  O(20 ) -  H(27 ) 8.309    2.350    0.167    =   0.0001   HB
VDW_MM3:  O(21 ) -  O(22 ) 7.851    3.930    0.059    =  -0.0021
VDW_MM3:  O(21 ) -  O(23 ) 5.014    3.785    0.059    =  -0.0232
VDW_MM3:  O(21 ) -  C(24 ) 5.797    4.005    0.040    =  -0.0096
VDW_MM3:  O(21 ) -  H(25 ) 6.650    3.585    0.034    =  -0.0019
VDW_MM3:  O(21 ) -  H(26 ) 6.140    3.585    0.034    =  -0.0031
VDW_MM3:  O(21 ) -  H(27 ) 5.661    3.585    0.034    =  -0.0050
VDW_MM3:  O(22 ) -  O(23 ) 5.056    3.785    0.059    =  -0.0222
VDW_MM3:  O(22 ) -  C(24 ) 8.022    4.005    0.040    =  -0.0014
VDW_MM3:  O(22 ) -  H(25 ) 8.089    3.585    0.034    =  -0.0006
VDW_MM3:  O(22 ) -  H(26 ) 8.301    3.585    0.034    =  -0.0005
VDW_MM3:  O(22 ) -  H(27 ) 8.813    3.585    0.034    =  -0.0004
VDW_MM3:  O(23 ) -  C(24 ) 8.815    3.860    0.040    =  -0.0006
VDW_MM3:  O(23 ) -  H(25 ) 9.378    3.440    0.034    =  -0.0002
VDW_MM3:  O(23 ) -  H(26 ) 9.133    3.440    0.034    =  -0.0002
VDW_MM3:  O(23 ) -  H(27 ) 9.184    3.440    0.034    =  -0.0002

Bond Dipole Terms
     At1     At2          At3     At4      Bmom-i     Bmom-j     Rik           Edd
DD:  C(4  )-  S(2  ) --  C(10 )-  N(3  ) :  0.167     1.640      38.605    =  -0.2407
DD:  C(4  )-  S(2  ) --  C(15 )-  N(3  ) :  0.167     0.500      15.418    =  -0.1326
DD:  C(4  )-  S(2  ) --  C(7  )-  C(5  ) :  0.167     1.180      89.562    =   0.0337
DD:  C(4  )-  S(2  ) --  C(5  )-  O(20 ) :  0.167     1.900      157.784   =  -0.0090
DD:  C(4  )-  S(2  ) --  C(5  )-  O(22 ) :  0.167     1.900      186.422   =   0.0429
DD:  C(4  )-  S(2  ) --  C(10 )-  C(6  ) :  0.167     1.010      116.373   =   0.0382
DD:  C(4  )-  S(2  ) --  C(6  )-  O(19 ) :  0.167     1.900      152.321   =   0.0145
DD:  C(4  )-  S(2  ) --  C(6  )-  O(21 ) :  0.167     1.900      178.539   =   0.0536
DD:  C(4  )-  S(2  ) --  C(7  )-  N(14 ) :  0.167     1.260      23.692    =  -0.2651
DD:  C(4  )-  S(2  ) --  C(24 )-  C(13 ) :  0.167     0.900      44.842    =   0.0580
DD:  C(4  )-  S(2  ) --  C(15 )-  H(16 ) :  0.167     -0.600     39.936    =  -0.0196
DD:  C(13 )-  S(2  ) --  C(4  )-  N(3  ) :  0.167     0.500      16.718    =  -0.1065
DD:  C(13 )-  S(2  ) --  C(10 )-  N(3  ) :  0.167     1.640      64.412    =  -0.0410
DD:  C(13 )-  S(2  ) --  C(15 )-  N(3  ) :  0.167     0.500      15.799    =   0.1263
DD:  C(13 )-  S(2  ) --  C(4  )-  N(14 ) :  0.167     1.150      33.840    =  -0.0747
DD:  C(13 )-  S(2  ) --  C(7  )-  C(5  ) :  0.167     1.180      221.670   =  -0.0391
DD:  C(13 )-  S(2  ) --  C(5  )-  O(20 ) :  0.167     1.900      331.103   =  -0.0235
DD:  C(13 )-  S(2  ) --  C(5  )-  O(22 ) :  0.167     1.900      365.633   =  -0.0148
DD:  C(13 )-  S(2  ) --  C(10 )-  C(6  ) :  0.167     1.010      175.193   =   0.0079
DD:  C(13 )-  S(2  ) --  C(6  )-  O(19 ) :  0.167     1.900      235.717   =   0.0264
DD:  C(13 )-  S(2  ) --  C(6  )-  O(21 ) :  0.167     1.900      230.116   =  -0.0140
DD:  C(13 )-  S(2  ) --  C(7  )-  N(14 ) :  0.167     1.260      90.387    =  -0.0036
DD:  C(13 )-  S(2  ) --  C(15 )-  H(16 ) :  0.167     -0.600     24.417    =  -0.0962
DD:  C(4  )-  N(3  ) --  C(7  )-  C(5  ) :  0.500     1.180      81.893    =   0.2257
DD:  C(4  )-  N(3  ) --  C(5  )-  O(20 ) :  0.500     1.900      111.289   =   0.1030
DD:  C(4  )-  N(3  ) --  C(5  )-  O(22 ) :  0.500     1.900      159.004   =   0.1206
DD:  C(4  )-  N(3  ) --  C(10 )-  C(6  ) :  0.500     1.010      23.180    =  -0.4653
DD:  C(4  )-  N(3  ) --  C(6  )-  O(19 ) :  0.500     1.900      43.602    =  -0.3863
DD:  C(4  )-  N(3  ) --  C(6  )-  O(21 ) :  0.500     1.900      52.223    =  -0.1571
DD:  C(4  )-  N(3  ) --  C(7  )-  N(14 ) :  0.500     1.260      22.008    =  -0.6645
DD:  C(4  )-  N(3  ) --  C(24 )-  C(13 ) :  0.500     0.900      49.483    =   0.0494
DD:  C(4  )-  N(3  ) --  C(15 )-  H(16 ) :  0.500     -0.600     13.272    =   0.3494
DD:  C(10 )-  N(3  ) --  C(4  )-  N(14 ) :  1.640     1.150      15.762    =  -2.7826
DD:  C(10 )-  N(3  ) --  C(7  )-  C(5  ) :  1.640     1.180      170.478   =  -0.2856
DD:  C(10 )-  N(3  ) --  C(5  )-  O(20 ) :  1.640     1.900      179.253   =  -0.2808
DD:  C(10 )-  N(3  ) --  C(5  )-  O(22 ) :  1.640     1.900      274.683   =  -0.0485
DD:  C(10 )-  N(3  ) --  C(6  )-  O(19 ) :  1.640     1.900      21.456    =   2.6231
DD:  C(10 )-  N(3  ) --  C(6  )-  O(21 ) :  1.640     1.900      21.804    =   2.6993
DD:  C(10 )-  N(3  ) --  C(7  )-  N(14 ) :  1.640     1.260      65.335    =   0.4349
DD:  C(10 )-  N(3  ) --  C(24 )-  C(13 ) :  1.640     0.900      99.026    =   0.5781
DD:  C(10 )-  N(3  ) --  C(15 )-  H(16 ) :  1.640     -0.600     11.584    =   1.6185
DD:  C(15 )-  N(3  ) --  C(4  )-  N(14 ) :  0.500     1.150      17.387    =  -0.6368
DD:  C(15 )-  N(3  ) --  C(7  )-  C(5  ) :  0.500     1.180      183.969   =  -0.0559
DD:  C(15 )-  N(3  ) --  C(5  )-  O(20 ) :  0.500     1.900      221.843   =   0.0170
DD:  C(15 )-  N(3  ) --  C(5  )-  O(22 ) :  0.500     1.900      296.343   =  -0.0837
DD:  C(15 )-  N(3  ) --  C(10 )-  C(6  ) :  0.500     1.010      23.403    =  -0.4453
DD:  C(15 )-  N(3  ) --  C(6  )-  O(19 ) :  0.500     1.900      54.100    =  -0.1558
DD:  C(15 )-  N(3  ) --  C(6  )-  O(21 ) :  0.500     1.900      44.991    =  -0.3814
DD:  C(15 )-  N(3  ) --  C(7  )-  N(14 ) :  0.500     1.260      70.677    =   0.2605
DD:  C(15 )-  N(3  ) --  C(24 )-  C(13 ) :  0.500     0.900      25.404    =  -0.4127
DD:  C(4  )-  N(14 ) --  C(7  )-  C(5  ) :  1.150     1.180      25.973    =  -0.9609
DD:  C(4  )-  N(14 ) --  C(5  )-  O(20 ) :  1.150     1.900      45.376    =  -0.1230
DD:  C(4  )-  N(14 ) --  C(5  )-  O(22 ) :  1.150     1.900      70.930    =  -0.8297
DD:  C(4  )-  N(14 ) --  C(10 )-  C(6  ) :  1.150     1.010      43.286    =   0.2897
DD:  C(4  )-  N(14 ) --  C(6  )-  O(19 ) :  1.150     1.900      53.114    =   0.5907
DD:  C(4  )-  N(14 ) --  C(6  )-  O(21 ) :  1.150     1.900      82.957    =  -0.0733
DD:  C(4  )-  N(14 ) --  C(24 )-  C(13 ) :  1.150     0.900      101.042   =  -0.3689
DD:  C(4  )-  N(14 ) --  C(15 )-  H(16 ) :  1.150     -0.600     47.252    =  -0.3531
DD:  C(7  )-  C(5  ) --  C(10 )-  C(6  ) :  1.180     1.010      251.849   =   0.0694
DD:  C(7  )-  C(5  ) --  C(6  )-  O(19 ) :  1.180     1.900      215.531   =   0.1049
DD:  C(7  )-  C(5  ) --  C(6  )-  O(21 ) :  1.180     1.900      349.056   =   0.0526
DD:  C(7  )-  C(5  ) --  C(24 )-  C(13 ) :  1.180     0.900      442.742   =  -0.0874
DD:  C(7  )-  C(5  ) --  C(15 )-  H(16 ) :  1.180     -0.600     291.739   =  -0.0673
DD:  C(5  )-  O(20 ) --  C(10 )-  C(6  ) :  1.900     1.010      218.312   =   0.0618
DD:  C(5  )-  O(20 ) --  C(6  )-  O(19 ) :  1.900     1.900      165.268   =   0.3689
DD:  C(5  )-  O(20 ) --  C(6  )-  O(21 ) :  1.900     1.900      290.607   =  -0.1777
DD:  C(5  )-  O(20 ) --  C(7  )-  N(14 ) :  1.900     1.260      16.493    =   2.9730
DD:  C(5  )-  O(20 ) --  C(24 )-  C(13 ) :  1.900     0.900      568.300   =  -0.0221
DD:  C(5  )-  O(20 ) --  C(15 )-  H(16 ) :  1.900     -0.600     329.522   =  -0.0304
DD:  C(5  )-  O(22 ) --  C(10 )-  C(6  ) :  1.900     1.010      360.101   =   0.0489
DD:  C(5  )-  O(22 ) --  C(6  )-  O(19 ) :  1.900     1.900      290.771   =  -0.1705
DD:  C(5  )-  O(22 ) --  C(6  )-  O(21 ) :  1.900     1.900      456.586   =   0.2270
DD:  C(5  )-  O(22 ) --  C(7  )-  N(14 ) :  1.900     1.260      26.177    =   1.5706
DD:  C(5  )-  O(22 ) --  C(24 )-  C(13 ) :  1.900     0.900      623.789   =  -0.0767
DD:  C(5  )-  O(22 ) --  C(15 )-  H(16 ) :  1.900     -0.600     418.937   =  -0.0480
DD:  C(10 )-  C(6  ) --  C(7  )-  N(14 ) :  1.010     1.260      118.571   =  -0.1707
DD:  C(10 )-  C(6  ) --  C(24 )-  C(13 ) :  1.010     0.900      222.822   =  -0.0986
DD:  C(10 )-  C(6  ) --  C(15 )-  H(16 ) :  1.010     -0.600     36.476    =  -0.0946
DD:  C(6  )-  O(19 ) --  C(7  )-  N(14 ) :  1.900     1.260      113.738   =   0.0514
DD:  C(6  )-  O(19 ) --  C(24 )-  C(13 ) :  1.900     0.900      302.230   =  -0.0919
DD:  C(6  )-  O(19 ) --  C(15 )-  H(16 ) :  1.900     -0.600     75.163    =   0.0516
DD:  C(6  )-  O(21 ) --  C(7  )-  N(14 ) :  1.900     1.260      186.897   =  -0.3981
DD:  C(6  )-  O(21 ) --  C(24 )-  C(13 ) :  1.900     0.900      251.462   =  -0.1029
DD:  C(6  )-  O(21 ) --  C(15 )-  H(16 ) :  1.900     -0.600     49.712    =  -0.2332
DD:  C(7  )-  N(14 ) --  C(24 )-  C(13 ) :  1.260     0.900      224.320   =   0.1201
DD:  C(7  )-  N(14 ) --  C(15 )-  H(16 ) :  1.260     -0.600     135.789   =   0.1004
DD:  C(24 )-  C(13 ) --  C(15 )-  H(16 ) :  0.900     -0.600     15.658    =   0.7305

Stretch-Torsion Terms
          At1     At2    At3     At4     Angle     Dr   StrTorConst    Phi3   Estb
StrTor:  S(2  )- C(13 )- C(24 )- H(25 ) : 0.502    0.003    0.270    0.000    = -0.0000 
StrTor:  S(2  )- C(13 )- C(24 )- H(26 ) : 0.498    0.003    0.270    0.000    = -0.0000 
StrTor:  S(2  )- C(13 )- C(24 )- H(27 ) : -1.000   0.003    0.270    0.000    = -0.0000 
StrTor:  N(3  )- C(10 )- C(6  )- O(19 ) : -0.029   0.026    0.100    1.088    = -0.0171 
StrTor:  N(3  )- C(10 )- C(6  )- O(21 ) : 0.062    0.026    0.100    0.814    = -0.0128 
StrTor:  H(8  )- C(7  )- C(5  )- O(20 ) : -0.391   0.027    0.100    1.934    = -0.0311 
StrTor:  H(8  )- C(7  )- C(5  )- O(22 ) : 0.387    0.027    0.100    0.071    = -0.0011 
StrTor:  H(9  )- C(7  )- C(5  )- O(20 ) : -0.583   0.027    0.100    1.956    = -0.0315 
StrTor:  H(9  )- C(7  )- C(5  )- O(22 ) : 0.587    0.027    0.100    0.048    = -0.0008 
StrTor:  H(11 )- C(10 )- C(6  )- O(19 ) : 0.866    0.026    0.100    1.002    = -0.0157 
StrTor:  H(11 )- C(10 )- C(6  )- O(21 ) : -0.882   0.026    0.100    0.899    = -0.0141 
StrTor:  H(12 )- C(10 )- C(6  )- O(19 ) : -0.814   0.026    0.100    1.286    = -0.0202 
StrTor:  H(12 )- C(10 )- C(6  )- O(21 ) : 0.794    0.026    0.100    0.621    = -0.0097 
StrTor:  N(14 )- C(7  )- C(5  )- O(20 ) : 0.995    0.027    0.100    1.958    = -0.0315 
StrTor:  N(14 )- C(7  )- C(5  )- O(22 ) : -0.995   0.027    0.100    0.046    = -0.0007 

POS Metal Atom Angles (At1 - Metal - At2
                 At1        At2    Rik    Radius     Eps   Posterm       Evdw
High Coord 1,3:  N(14 ) -  O(18 ) 2.772    3.750    0.050     1.00 =   0.6066
High Coord 1,3:  N(14 ) -  O(19 ) 3.203    3.895    0.050     1.00 =   0.1133
High Coord 1,3:  N(14 ) -  O(20 ) 2.603    3.895    0.050     1.00 =   1.7757
High Coord 1,3:  O(17 ) -  O(20 ) 2.796    3.785    0.059     1.00 =   0.7166
High Coord 1,3:  O(17 ) -  O(23 ) 2.696    3.640    0.059     1.00 =   0.6956
High Coord 1,3:  O(18 ) -  O(19 ) 2.748    3.785    0.059     1.00 =   0.8816
High Coord 1,3:  O(18 ) -  O(20 ) 2.848    3.785    0.059     1.00 =   0.5684
High Coord 1,3:  O(18 ) -  O(23 ) 2.728    3.640    0.059     1.00 =   0.5997
High Coord 1,3:  O(19 ) -  O(23 ) 2.855    3.785    0.059     1.00 =   0.5507
High Coord 1,3:  O(20 ) -  O(23 ) 2.912    3.785    0.059     1.00 =   0.4215


Final Energy : 34.206568
Str: 2.438180    Bnd: 11.512594    Tor: 1.918694
StrBnd: -0.056081 VDW: 14.258199     QQ: 3.990518
OOP: 0.233215 AA: 0.097686     Strtor: -0.186436
Urey: 0.000000
Dielectric Const: 1.500000

Dielectric: 1.500000
