 
Following Parameters Were Estimated
 
dipole     277  382     0.0000  // estimated
bond       277  382    13.5647     1.7680   // estimated
dipole5    147  382     0.0000  // estimated
bond5      147  382     1.0668     2.3048   // estimated
dipole     206  382     0.0000  // estimated
bond       206  382     0.9708     2.3282   // estimated
bond5        3  147     7.5700     1.2500  // equiv bond   3 47
angle5       3  147  382     0.2134   137.0608     0.0000     0.0000   // estimated
torsion     47    3  147  382    0.000 +1    1.067 -2    0.000 +3  // estimated values
torsion5     3    3  147  382    0.000 +1    1.067 -2    0.000 +3  // estimated values

Bond Terms 
        At1       At2     R       BLen    Bconst      Eb
Bond:  U(1  ) -  O(2  ) 1.747    1.768    13.565   = 0.4363  
Bond:  U(1  ) -  O(3  ) 1.741    1.768    13.565   = 0.7586  
Bond:  U(1  ) -  O(4  ) 2.408    2.305    1.067    = 0.6301  
Bond:  U(1  ) -  O(5  ) 2.336    2.305    1.067    = 0.0693  
Bond:  U(1  ) -  O(8  ) 2.399    2.305    1.067    = 0.5446  
Bond:  U(1  ) -  O(9  ) 2.387    2.305    1.067    = 0.4264  
Bond:  U(1  ) -  O(12 ) 2.390    2.328    0.971    = 0.2312  
Bond:  O(4  ) -  C(13 ) 1.264    1.243    7.570    = 0.2289  
Bond:  O(5  ) -  C(14 ) 1.274    1.243    7.570    = 0.4927  
Bond:  O(6  ) -  C(14 ) 1.221    1.243    7.570    = 0.2916  
Bond:  O(7  ) -  C(13 ) 1.197    1.243    7.570    = 1.3224  
Bond:  O(8  ) -  C(15 ) 1.272    1.243    7.570    = 0.4312  
Bond:  O(9  ) -  C(16 ) 1.293    1.243    7.570    = 1.1853  
Bond:  O(10 ) -  C(15 ) 1.219    1.243    7.570    = 0.3392  
Bond:  O(11 ) -  C(16 ) 1.214    1.243    7.570    = 0.4930  
Bond:  C(13 ) -  C(14 ) 1.573    1.785    9.600    = 53.6574 
Bond:  C(15 ) -  C(16 ) 1.567    1.785    9.600    = 57.2814 

Angle Terms 
             At1      At2      At3     Angle     Thet0   Tconst      Ebend
Angle 1-3:  U(1  )-  O(4  )-  C(13 )  121.632   137.061  0.2134   = 1.3725  
Angle 1-3:  U(1  )-  O(5  )-  C(14 )  123.993   137.061  0.2134   = 0.9538  
Angle 1-3:  U(1  )-  O(8  )-  C(15 )  122.901   137.061  0.2134   = 1.1366  
Angle 1-3:  U(1  )-  O(9  )-  C(16 )  123.648   137.061  0.2134   = 1.0096  
Angle InP:  O(4  )-  C(13 )-  O(7  )  128.382   125.100  1.6000   = 0.3606  
Angle InP:  O(4  )-  C(13 )-  C(14 )  113.279   116.000  0.8000   = 0.1348  
Angle InP:  O(7  )-  C(13 )-  C(14 )  118.339   116.000  0.8000   = 0.0928  
Angle InP:  O(5  )-  C(14 )-  O(6  )  127.280   125.100  1.6000   = 0.1616  
Angle InP:  O(5  )-  C(14 )-  C(13 )  113.844   116.000  0.8000   = 0.0839  
Angle InP:  O(6  )-  C(14 )-  C(13 )  118.876   116.000  0.8000   = 0.1392  
Angle InP:  O(8  )-  C(15 )-  O(10 )  126.910   125.100  1.6000   = 0.1120  
Angle InP:  O(8  )-  C(15 )-  C(16 )  113.430   116.000  0.8000   = 0.1200  
Angle InP:  O(10 )-  C(15 )-  C(16 )  119.660   116.000  0.8000   = 0.2230  
Angle InP:  O(9  )-  C(16 )-  O(11 )  125.913   125.100  1.6000   = 0.0229  
Angle InP:  O(9  )-  C(16 )-  C(15 )  112.111   116.000  0.8000   = 0.2798  
Angle InP:  O(11 )-  C(16 )-  C(15 )  121.976   116.000  0.8000   = 0.5749  

Angle-Angle Interactions
             Angle 1                     Angle2          Thet1     Thet0      Thet2    Thet0   Const         Eaa
AA:  O(4  )-  C(13 )-  O(7  )  O(4  )-  C(13 )-  C(14 ): 128.372  125.100  - 113.273  116.000  0.058    =   0.0113
AA:  O(4  )-  C(13 )-  O(7  )  O(7  )-  C(13 )-  C(14 ): 128.372  125.100  - 118.332  116.000  0.058    =  -0.0096
AA:  O(4  )-  C(13 )-  C(14 )  O(7  )-  C(13 )-  C(14 ): 113.273  116.000  - 118.332  116.000  0.058    =   0.0080
AA:  O(5  )-  C(14 )-  O(6  )  O(5  )-  C(14 )-  C(13 ): 127.223  125.100  - 113.810  116.000  0.058    =   0.0059
AA:  O(5  )-  C(14 )-  O(6  )  O(6  )-  C(14 )-  C(13 ): 127.223  125.100  - 118.836  116.000  0.058    =  -0.0076
AA:  O(5  )-  C(14 )-  C(13 )  O(6  )-  C(14 )-  C(13 ): 113.810  116.000  - 118.836  116.000  0.058    =   0.0078
AA:  O(8  )-  C(15 )-  O(10 )  O(8  )-  C(15 )-  C(16 ): 126.910  125.100  - 113.429  116.000  0.058    =   0.0059
AA:  O(8  )-  C(15 )-  O(10 )  O(10 )-  C(15 )-  C(16 ): 126.910  125.100  - 119.659  116.000  0.058    =  -0.0084
AA:  O(8  )-  C(15 )-  C(16 )  O(10 )-  C(15 )-  C(16 ): 113.429  116.000  - 119.659  116.000  0.058    =   0.0119
AA:  O(9  )-  C(16 )-  O(11 )  O(9  )-  C(16 )-  C(15 ): 125.908  125.100  - 112.108  116.000  0.058    =   0.0040
AA:  O(9  )-  C(16 )-  O(11 )  O(11 )-  C(16 )-  C(15 ): 125.908  125.100  - 121.972  116.000  0.058    =  -0.0061
AA:  O(9  )-  C(16 )-  C(15 )  O(11 )-  C(16 )-  C(15 ): 112.108  116.000  - 121.972  116.000  0.058    =   0.0293

Out of Plane Bending Terms
    At1   At2   At3   At4      Angle     Oopconst     Eoop
Oop: 4   - 13  - 7   - 14      0.427       1.000    = 0.0040  
Oop: 4   - 13  - 14  - 7       0.561       0.800    = 0.0055  
Oop: 7   - 13  - 14  - 4       0.531       0.800    = 0.0049  
Oop: 5   - 14  - 6   - 13      1.011       1.000    = 0.0221  
Oop: 5   - 14  - 13  - 6       1.303       0.800    = 0.0292  
Oop: 6   - 14  - 13  - 5       1.248       0.800    = 0.0268  
Oop: 8   - 15  - 10  - 16      0.127       1.000    = 0.0004  
Oop: 8   - 15  - 16  - 10      0.164       0.800    = 0.0005  
Oop: 10  - 15  - 16  - 8       0.157       0.800    = 0.0004  
Oop: 9   - 16  - 11  - 15      0.306       1.000    = 0.0020  
Oop: 9   - 16  - 15  - 11      0.395       0.800    = 0.0027  
Oop: 11  - 16  - 15  - 9       0.371       0.800    = 0.0024  

Torsion Terms
        At1      At2      At3      At4       Types          Angle     V1      V2        V3         Etor
Tor:   U(1  )-  O(4  )-  C(13 )-  O(7  )    382 147 3 47       169.65    0.000    1.067    0.000    = 0.0344  
Tor:   U(1  )-  O(4  )-  C(13 )-  C(14 )    382 147 3 3       -12.18    0.000    1.067    0.000    = 0.0475  
Tor:   U(1  )-  O(5  )-  C(14 )-  O(6  )    382 147 3 47      -176.19    0.000    1.067    0.000    = 0.0047  
Tor:   U(1  )-  O(5  )-  C(14 )-  C(13 )    382 147 3 3        -0.44    0.000    1.067    0.000    = 0.0001  
Tor:   U(1  )-  O(8  )-  C(15 )-  O(10 )    382 147 3 47      -164.45    0.000    1.067    0.000    = 0.0767  
Tor:   U(1  )-  O(8  )-  C(15 )-  C(16 )    382 147 3 3        16.08    0.000    1.067    0.000    = 0.0818  
Tor:   U(1  )-  O(9  )-  C(16 )-  O(11 )    382 147 3 47       166.50    0.000    1.067    0.000    = 0.0581  
Tor:   U(1  )-  O(9  )-  C(16 )-  C(15 )    382 147 3 3       -12.26    0.000    1.067    0.000    = 0.0481  
Tor:   O(4  )-  C(13 )-  C(14 )-  O(5  )    147 3 3 147         8.18    0.000    7.500    0.000    = 0.1517  
Tor:   O(4  )-  C(13 )-  C(14 )-  O(6  )    147 3 3 47      -175.68    0.000    7.500    0.000    = 0.0425  
Tor:   O(5  )-  C(14 )-  C(13 )-  O(7  )    147 3 3 47      -173.45    0.000    7.500    0.000    = 0.0975  
Tor:   O(6  )-  C(14 )-  C(13 )-  O(7  )    47 3 3 47         2.69    0.000    7.500    0.000    = 0.0165  
Tor:   O(8  )-  C(15 )-  C(16 )-  O(9  )    147 3 3 147        -2.48    0.000    7.500    0.000    = 0.0140  
Tor:   O(8  )-  C(15 )-  C(16 )-  O(11 )    147 3 3 47       178.70    0.000    7.500    0.000    = 0.0039  
Tor:   O(9  )-  C(16 )-  C(15 )-  O(10 )    147 3 3 47       178.01    0.000    7.500    0.000    = 0.0091  
Tor:   O(10 )-  C(15 )-  C(16 )-  O(11 )    47 3 3 47        -0.81    0.000    7.500    0.000    = 0.0015  

Stretch-Bend Terms
          At1     At2    At3      Angle     Anat   StbnCst1   StbnCst2  Estb
StrBnd:  O(4  )- C(13 )- O(7  ) : 128.372  125.100  0.130    0.130    = -0.0271 
StrBnd:  O(4  )- C(13 )- C(14 ) : 113.273  116.000  0.130    0.130    = 0.1708  
StrBnd:  O(7  )- C(13 )- C(14 ) : 118.332  116.000  0.130    0.130    = -0.1974 
StrBnd:  O(5  )- C(14 )- O(6  ) : 127.223  125.100  0.130    0.130    = 0.0061  
StrBnd:  O(5  )- C(14 )- C(13 ) : 113.810  116.000  0.130    0.130    = 0.1298  
StrBnd:  O(6  )- C(14 )- C(13 ) : 118.836  116.000  0.130    0.130    = -0.2179 
StrBnd:  O(8  )- C(15 )- O(10 ) : 126.910  125.100  0.130    0.130    = 0.0030  
StrBnd:  O(8  )- C(15 )- C(16 ) : 113.429  116.000  0.130    0.130    = 0.1588  
StrBnd:  O(10 )- C(15 )- C(16 ) : 119.659  116.000  0.130    0.130    = -0.2899 
StrBnd:  O(9  )- C(16 )- O(11 ) : 125.908  125.100  0.130    0.130    = 0.0054  
StrBnd:  O(9  )- C(16 )- C(15 ) : 112.108  116.000  0.130    0.130    = 0.2145  
StrBnd:  O(11 )- C(16 )- C(15 ) : 121.972  116.000  0.130    0.130    = -0.4824 

VDW Terms - MM3 Buckingham Potential
          At1        At2    Rik    Radius     Eps          Evdw
VDW_MM3:  U(1  ) -  O(6  ) 4.412    3.986    0.008    =  -0.0070
VDW_MM3:  U(1  ) -  O(7  ) 4.422    3.986    0.008    =  -0.0069
VDW_MM3:  U(1  ) -  O(10 ) 4.442    3.986    0.008    =  -0.0068
VDW_MM3:  U(1  ) -  O(11 ) 4.448    3.986    0.008    =  -0.0068
VDW_MM3:  O(2  ) -  O(6  ) 4.655    4.065    0.059    =  -0.0472
VDW_MM3:  O(2  ) -  O(7  ) 4.548    4.065    0.059    =  -0.0517
VDW_MM3:  O(2  ) -  O(10 ) 5.042    4.065    0.059    =  -0.0327
VDW_MM3:  O(2  ) -  O(11 ) 4.970    4.065    0.059    =  -0.0351
VDW_MM3:  O(2  ) -  C(13 ) 3.545    4.040    0.057    =  -0.0006
VDW_MM3:  O(2  ) -  C(14 ) 3.594    4.040    0.057    =  -0.0164
VDW_MM3:  O(2  ) -  C(15 ) 3.900    4.040    0.057    =  -0.0613
VDW_MM3:  O(2  ) -  C(16 ) 3.862    4.040    0.057    =  -0.0592
VDW_MM3:  O(3  ) -  O(6  ) 4.865    4.065    0.059    =  -0.0389
VDW_MM3:  O(3  ) -  O(7  ) 4.933    4.065    0.059    =  -0.0364
VDW_MM3:  O(3  ) -  O(10 ) 4.556    4.065    0.059    =  -0.0513
VDW_MM3:  O(3  ) -  O(11 ) 4.602    4.065    0.059    =  -0.0494
VDW_MM3:  O(3  ) -  C(13 ) 3.821    4.040    0.057    =  -0.0561
VDW_MM3:  O(3  ) -  C(14 ) 3.765    4.040    0.057    =  -0.0504
VDW_MM3:  O(3  ) -  C(15 ) 3.564    4.040    0.057    =  -0.0073
VDW_MM3:  O(3  ) -  C(16 ) 3.600    4.040    0.057    =  -0.0183
VDW_MM3:  O(4  ) -  O(6  ) 3.471    3.930    0.059    =  -0.0087
VDW_MM3:  O(4  ) -  O(10 ) 6.696    3.930    0.059    =  -0.0054
VDW_MM3:  O(4  ) -  O(11 ) 6.815    3.930    0.059    =  -0.0049
VDW_MM3:  O(4  ) -  C(15 ) 5.588    3.905    0.057    =  -0.0147
VDW_MM3:  O(4  ) -  C(16 ) 5.679    3.905    0.057    =  -0.0134
VDW_MM3:  O(5  ) -  O(7  ) 3.458    3.930    0.059    =  -0.0041
VDW_MM3:  O(5  ) -  O(10 ) 4.993    3.930    0.059    =  -0.0290
VDW_MM3:  O(5  ) -  O(11 ) 6.124    3.930    0.059    =  -0.0092
VDW_MM3:  O(5  ) -  C(15 ) 4.138    3.905    0.057    =  -0.0596
VDW_MM3:  O(5  ) -  C(16 ) 4.921    3.905    0.057    =  -0.0294
VDW_MM3:  O(6  ) -  O(7  ) 2.730    3.930    0.059    =   1.4234
VDW_MM3:  O(6  ) -  O(8  ) 5.013    3.930    0.059    =  -0.0284
VDW_MM3:  O(6  ) -  O(9  ) 6.640    3.930    0.059    =  -0.0057
VDW_MM3:  O(6  ) -  O(10 ) 6.982    3.930    0.059    =  -0.0042
VDW_MM3:  O(6  ) -  O(11 ) 8.351    3.930    0.059    =  -0.0014
VDW_MM3:  O(6  ) -  O(12 ) 6.178    3.785    0.059    =  -0.0070
VDW_MM3:  O(6  ) -  C(15 ) 6.268    3.905    0.057    =  -0.0075
VDW_MM3:  O(6  ) -  C(16 ) 7.150    3.905    0.057    =  -0.0034
VDW_MM3:  O(7  ) -  O(8  ) 6.137    3.930    0.059    =  -0.0091
VDW_MM3:  O(7  ) -  O(9  ) 6.771    3.930    0.059    =  -0.0051
VDW_MM3:  O(7  ) -  O(10 ) 8.331    3.930    0.059    =  -0.0015
VDW_MM3:  O(7  ) -  O(11 ) 8.867    3.930    0.059    =  -0.0010
VDW_MM3:  O(7  ) -  O(12 ) 5.102    3.785    0.059    =  -0.0211
VDW_MM3:  O(7  ) -  C(15 ) 7.333    3.905    0.057    =  -0.0029
VDW_MM3:  O(7  ) -  C(16 ) 7.687    3.905    0.057    =  -0.0022
VDW_MM3:  O(8  ) -  O(11 ) 3.493    3.930    0.059    =  -0.0160
VDW_MM3:  O(8  ) -  C(13 ) 4.965    3.905    0.057    =  -0.0281
VDW_MM3:  O(8  ) -  C(14 ) 4.157    3.905    0.057    =  -0.0589
VDW_MM3:  O(9  ) -  O(10 ) 3.486    3.930    0.059    =  -0.0136
VDW_MM3:  O(9  ) -  C(13 ) 5.624    3.905    0.057    =  -0.0142
VDW_MM3:  O(9  ) -  C(14 ) 5.516    3.905    0.057    =  -0.0158
VDW_MM3:  O(10 ) -  O(11 ) 2.813    3.930    0.059    =   1.0324
VDW_MM3:  O(10 ) -  O(12 ) 6.200    3.785    0.059    =  -0.0068
VDW_MM3:  O(10 ) -  C(13 ) 7.159    3.905    0.057    =  -0.0034
VDW_MM3:  O(10 ) -  C(14 ) 6.258    3.905    0.057    =  -0.0076
VDW_MM3:  O(11 ) -  O(12 ) 5.087    3.785    0.059    =  -0.0214
VDW_MM3:  O(11 ) -  C(13 ) 7.689    3.905    0.057    =  -0.0022
VDW_MM3:  O(11 ) -  C(14 ) 7.334    3.905    0.057    =  -0.0029
VDW_MM3:  O(12 ) -  C(13 ) 4.222    3.760    0.057    =  -0.0497
VDW_MM3:  O(12 ) -  C(14 ) 4.968    3.760    0.057    =  -0.0229
VDW_MM3:  O(12 ) -  C(15 ) 5.003    3.760    0.057    =  -0.0221
VDW_MM3:  O(12 ) -  C(16 ) 4.257    3.760    0.057    =  -0.0481
VDW_MM3:  C(13 ) -  C(15 ) 6.146    3.880    0.056    =  -0.0079
VDW_MM3:  C(13 ) -  C(16 ) 6.505    3.880    0.056    =  -0.0057
VDW_MM3:  C(14 ) -  C(15 ) 5.410    3.880    0.056    =  -0.0166
VDW_MM3:  C(14 ) -  C(16 ) 6.126    3.880    0.056    =  -0.0081

Bond Dipole Terms
     At1     At2          At3     At4      Bmom-i     Bmom-j     Rik           Edd
DD:  C(13 )-  O(4  ) --  C(14 )-  O(5  ) :  1.900     1.900      14.520    =   4.4420
DD:  C(13 )-  O(4  ) --  C(14 )-  O(6  ) :  1.900     1.900      21.117    =   2.4111
DD:  C(13 )-  O(4  ) --  C(15 )-  O(8  ) :  1.900     1.900      235.056   =   0.0701
DD:  C(13 )-  O(4  ) --  C(16 )-  O(9  ) :  1.900     1.900      284.628   =   0.2907
DD:  C(13 )-  O(4  ) --  C(15 )-  O(10 ) :  1.900     1.900      397.063   =  -0.1481
DD:  C(13 )-  O(4  ) --  C(16 )-  O(11 ) :  1.900     1.900      451.928   =  -0.1288
DD:  C(14 )-  O(5  ) --  C(13 )-  O(7  ) :  1.900     1.900      20.723    =   2.4215
DD:  C(14 )-  O(5  ) --  C(15 )-  O(8  ) :  1.900     1.900      115.480   =   0.9579
DD:  C(14 )-  O(5  ) --  C(16 )-  O(9  ) :  1.900     1.900      232.759   =   0.1007
DD:  C(14 )-  O(5  ) --  C(15 )-  O(10 ) :  1.900     1.900      215.987   =  -0.3551
DD:  C(14 )-  O(5  ) --  C(16 )-  O(11 ) :  1.900     1.900      354.992   =  -0.2820
DD:  C(14 )-  O(6  ) --  C(13 )-  O(7  ) :  1.900     1.900      14.535    =   4.2741
DD:  C(14 )-  O(6  ) --  C(15 )-  O(8  ) :  1.900     1.900      217.394   =  -0.3449
DD:  C(14 )-  O(6  ) --  C(16 )-  O(9  ) :  1.900     1.900      399.148   =  -0.1597
DD:  C(14 )-  O(6  ) --  C(15 )-  O(10 ) :  1.900     1.900      353.585   =   0.2036
DD:  C(14 )-  O(6  ) --  C(16 )-  O(11 ) :  1.900     1.900      560.440   =   0.1553
DD:  C(13 )-  O(7  ) --  C(15 )-  O(8  ) :  1.900     1.900      352.405   =  -0.2681
DD:  C(13 )-  O(7  ) --  C(16 )-  O(9  ) :  1.900     1.900      450.664   =  -0.1448
DD:  C(13 )-  O(7  ) --  C(15 )-  O(10 ) :  1.900     1.900      551.946   =   0.1554
DD:  C(13 )-  O(7  ) --  C(16 )-  O(11 ) :  1.900     1.900      659.412   =   0.1481
DD:  C(15 )-  O(8  ) --  C(16 )-  O(9  ) :  1.900     1.900      14.447    =   4.5306
DD:  C(15 )-  O(8  ) --  C(16 )-  O(11 ) :  1.900     1.900      21.529    =   2.4855
DD:  C(16 )-  O(9  ) --  C(15 )-  O(10 ) :  1.900     1.900      21.624    =   2.4199
DD:  C(15 )-  O(10 ) --  C(16 )-  O(11 ) :  1.900     1.900      15.542    =   4.1598

POS Metal Atom Angles (At1 - Metal - At2
                 At1        At2    Rik    Radius     Eps   Posterm       Evdw
High Coord 1,3:  O(2  ) -  O(3  ) 3.487    4.200    0.059     1.00 =   0.1059
High Coord 1,3:  O(2  ) -  O(4  ) 2.908    4.065    0.059     1.00 =   1.0406
High Coord 1,3:  O(2  ) -  O(5  ) 2.900    4.065    0.059     1.00 =   1.0723
High Coord 1,3:  O(2  ) -  O(8  ) 3.038    4.065    0.059     1.00 =   0.6209
High Coord 1,3:  O(2  ) -  O(9  ) 2.945    4.065    0.059     1.00 =   0.9007
High Coord 1,3:  O(2  ) -  O(12 ) 2.914    3.920    0.059     1.00 =   0.6647
High Coord 1,3:  O(3  ) -  O(4  ) 3.003    4.065    0.059     1.00 =   0.7168
High Coord 1,3:  O(3  ) -  O(5  ) 2.975    4.065    0.059     1.00 =   0.8014
High Coord 1,3:  O(3  ) -  O(8  ) 2.961    4.065    0.059     1.00 =   0.8472
High Coord 1,3:  O(3  ) -  O(9  ) 2.970    4.065    0.059     1.00 =   0.8161
High Coord 1,3:  O(3  ) -  O(12 ) 2.933    3.920    0.059     1.00 =   0.6112
High Coord 1,3:  O(4  ) -  O(5  ) 2.592    3.930    0.059     1.00 =   2.3558
High Coord 1,3:  O(4  ) -  O(12 ) 2.973    3.785    0.059     1.00 =   0.3100
High Coord 1,3:  O(5  ) -  O(8  ) 2.884    3.930    0.059     1.00 =   0.7761
High Coord 1,3:  O(8  ) -  O(9  ) 2.560    3.930    0.059     1.00 =   2.6360
High Coord 1,3:  O(9  ) -  O(12 ) 2.992    3.785    0.059     1.00 =   0.2801

Force Field: MM3
Structure: QELQAA [UO2(oxalate)2(aquo)]-2 complex

   1  U    382     0.037700   0.301600  -0.405100 0
   2  O    277     0.239000  -1.024400  -1.525200 0
   3  O    277    -0.123700   1.676800   0.650400 0
   4  O    147     2.438000   0.483600  -0.365400 0
   5  O    147     1.052800  -0.987400   1.257800 0
   6  O     47     2.906200  -1.794400   2.211100 0
   7  O     47     4.337500  -0.406500   0.346700 0
   8  O    147    -1.775900  -0.778900   0.735300 0
   9  O    147    -2.130800   0.711900  -1.315400 0
  10  O     47    -3.933500  -0.738200   1.291600 0
  11  O     47    -4.337500   0.841800  -1.000600 0
  12  O    206     0.510800   1.794400  -2.211100 0
  13  C      3     3.148400  -0.273300   0.355900 0
  14  C      3     2.313900  -1.091300   1.408300 0
  15  C      3    -2.991600  -0.438300   0.578600 0
  16  C      3    -3.231400   0.449200  -0.690400 0

Initial Energy : 168.812885
Str: 118.819769    Bnd: 6.778230    Tor: 0.688057
StrBnd: -0.526312 VDW: 15.504884     QQ: 27.394939
OOP: 0.100943 AA: 0.052376     Strtor: 0.000000
Urey: 0.000000
Dielectric Const: 1.500000

 10   41.831473    3.011881   0.151543   0.006607  
 20   41.161359    2.356589   0.035967   0.004897  
 30   40.883645    1.385835   0.005490   0.001500  
 38   40.820230    0.441972   0.001041   0.000510  

 Truncated Newton Raphson 
Iter    F Value    G RMS     F Move    X Move
Precond - Incomplete Cholesky is Unstable
Precond - Incomplete Cholesky is Unstable
Precond - Incomplete Cholesky is Unstable
Precond - Incomplete Cholesky is Unstable

Bond Terms 
        At1       At2     R       BLen    Bconst      Eb
Bond:  U(1  ) -  O(2  ) 1.773    1.768    13.565   = 0.0230  
Bond:  U(1  ) -  O(3  ) 1.773    1.768    13.565   = 0.0230  
Bond:  U(1  ) -  O(4  ) 2.411    2.305    1.067    = 0.6714  
Bond:  U(1  ) -  O(5  ) 2.407    2.305    1.067    = 0.6236  
Bond:  U(1  ) -  O(8  ) 2.407    2.305    1.067    = 0.6236  
Bond:  U(1  ) -  O(9  ) 2.411    2.305    1.067    = 0.6714  
Bond:  U(1  ) -  O(12 ) 2.391    2.328    0.971    = 0.2378  
Bond:  O(4  ) -  C(13 ) 1.243    1.243    7.570    = 0.0000  
Bond:  O(5  ) -  C(14 ) 1.243    1.243    7.570    = 0.0001  
Bond:  O(6  ) -  C(14 ) 1.243    1.243    7.570    = 0.0000  
Bond:  O(7  ) -  C(13 ) 1.243    1.243    7.570    = 0.0000  
Bond:  O(8  ) -  C(15 ) 1.243    1.243    7.570    = 0.0001  
Bond:  O(9  ) -  C(16 ) 1.243    1.243    7.570    = 0.0000  
Bond:  O(10 ) -  C(15 ) 1.243    1.243    7.570    = 0.0000  
Bond:  O(11 ) -  C(16 ) 1.243    1.243    7.570    = 0.0000  
Bond:  C(13 ) -  C(14 ) 1.794    1.785    9.600    = 0.0520  
Bond:  C(15 ) -  C(16 ) 1.794    1.785    9.600    = 0.0520  

Angle Terms 
             At1      At2      At3     Angle     Thet0   Tconst      Ebend
Angle 1-3:  U(1  )-  O(4  )-  C(13 )  122.295   137.061  0.2134   = 1.2459  
Angle 1-3:  U(1  )-  O(5  )-  C(14 )  122.442   137.061  0.2134   = 1.2188  
Angle 1-3:  U(1  )-  O(8  )-  C(15 )  122.442   137.061  0.2134   = 1.2188  
Angle 1-3:  U(1  )-  O(9  )-  C(16 )  122.295   137.061  0.2134   = 1.2459  
Angle InP:  O(4  )-  C(13 )-  O(7  )  126.777   125.100  1.6000   = 0.0963  
Angle InP:  O(4  )-  C(13 )-  C(14 )  112.746   116.000  0.8000   = 0.1942  
Angle InP:  O(7  )-  C(13 )-  C(14 )  120.477   116.000  0.8000   = 0.3298  
Angle InP:  O(5  )-  C(14 )-  O(6  )  126.788   125.100  1.6000   = 0.0976  
Angle InP:  O(5  )-  C(14 )-  C(13 )  112.746   116.000  0.8000   = 0.1942  
Angle InP:  O(6  )-  C(14 )-  C(13 )  120.466   116.000  0.8000   = 0.3282  
Angle InP:  O(8  )-  C(15 )-  O(10 )  126.788   125.100  1.6000   = 0.0976  
Angle InP:  O(8  )-  C(15 )-  C(16 )  112.746   116.000  0.8000   = 0.1942  
Angle InP:  O(10 )-  C(15 )-  C(16 )  120.466   116.000  0.8000   = 0.3282  
Angle InP:  O(9  )-  C(16 )-  O(11 )  126.777   125.100  1.6000   = 0.0963  
Angle InP:  O(9  )-  C(16 )-  C(15 )  112.746   116.000  0.8000   = 0.1942  
Angle InP:  O(11 )-  C(16 )-  C(15 )  120.477   116.000  0.8000   = 0.3298  

Angle-Angle Interactions
             Angle 1                     Angle2          Thet1     Thet0      Thet2    Thet0   Const         Eaa
AA:  O(4  )-  C(13 )-  O(7  )  O(4  )-  C(13 )-  C(14 ): 126.777  125.100  - 112.746  116.000  0.058    =   0.0069
AA:  O(4  )-  C(13 )-  O(7  )  O(7  )-  C(13 )-  C(14 ): 126.777  125.100  - 120.477  116.000  0.058    =  -0.0095
AA:  O(4  )-  C(13 )-  C(14 )  O(7  )-  C(13 )-  C(14 ): 112.746  116.000  - 120.477  116.000  0.058    =   0.0184
AA:  O(5  )-  C(14 )-  O(6  )  O(5  )-  C(14 )-  C(13 ): 126.788  125.100  - 112.746  116.000  0.058    =   0.0069
AA:  O(5  )-  C(14 )-  O(6  )  O(6  )-  C(14 )-  C(13 ): 126.788  125.100  - 120.466  116.000  0.058    =  -0.0095
AA:  O(5  )-  C(14 )-  C(13 )  O(6  )-  C(14 )-  C(13 ): 112.746  116.000  - 120.466  116.000  0.058    =   0.0183
AA:  O(8  )-  C(15 )-  O(10 )  O(8  )-  C(15 )-  C(16 ): 126.788  125.100  - 112.746  116.000  0.058    =   0.0069
AA:  O(8  )-  C(15 )-  O(10 )  O(10 )-  C(15 )-  C(16 ): 126.788  125.100  - 120.466  116.000  0.058    =  -0.0095
AA:  O(8  )-  C(15 )-  C(16 )  O(10 )-  C(15 )-  C(16 ): 112.746  116.000  - 120.466  116.000  0.058    =   0.0183
AA:  O(9  )-  C(16 )-  O(11 )  O(9  )-  C(16 )-  C(15 ): 126.777  125.100  - 112.746  116.000  0.058    =   0.0069
AA:  O(9  )-  C(16 )-  O(11 )  O(11 )-  C(16 )-  C(15 ): 126.777  125.100  - 120.477  116.000  0.058    =  -0.0095
AA:  O(9  )-  C(16 )-  C(15 )  O(11 )-  C(16 )-  C(15 ): 112.746  116.000  - 120.477  116.000  0.058    =   0.0184

Out of Plane Bending Terms
    At1   At2   At3   At4      Angle     Oopconst     Eoop
Oop: 4   - 13  - 7   - 14      0.000       1.000    = 0.0000  
Oop: 4   - 13  - 14  - 7       0.000       0.800    = 0.0000  
Oop: 7   - 13  - 14  - 4       0.000       0.800    = 0.0000  
Oop: 5   - 14  - 6   - 13      0.000       1.000    = 0.0000  
Oop: 5   - 14  - 13  - 6       0.000       0.800    = 0.0000  
Oop: 6   - 14  - 13  - 5       0.000       0.800    = 0.0000  
Oop: 8   - 15  - 10  - 16      0.000       1.000    = 0.0000  
Oop: 8   - 15  - 16  - 10      0.000       0.800    = 0.0000  
Oop: 10  - 15  - 16  - 8       0.000       0.800    = 0.0000  
Oop: 9   - 16  - 11  - 15      0.000       1.000    = 0.0000  
Oop: 9   - 16  - 15  - 11      0.000       0.800    = 0.0000  
Oop: 11  - 16  - 15  - 9       0.000       0.800    = 0.0000  

Torsion Terms
        At1      At2      At3      At4       Types          Angle     V1      V2        V3         Etor
Tor:   U(1  )-  O(4  )-  C(13 )-  O(7  )    382 147 3 47       180.00    0.000    1.067    0.000    = 0.0000  
Tor:   U(1  )-  O(4  )-  C(13 )-  C(14 )    382 147 3 3        -0.02    0.000    1.067    0.000    = 0.0000  
Tor:   U(1  )-  O(5  )-  C(14 )-  O(6  )    382 147 3 47      -180.00    0.000    1.067    0.000    = 0.0000  
Tor:   U(1  )-  O(5  )-  C(14 )-  C(13 )    382 147 3 3         0.02    0.000    1.067    0.000    = 0.0000  
Tor:   U(1  )-  O(8  )-  C(15 )-  O(10 )    382 147 3 47      -180.00    0.000    1.067    0.000    = 0.0000  
Tor:   U(1  )-  O(8  )-  C(15 )-  C(16 )    382 147 3 3         0.00    0.000    1.067    0.000    = 0.0000  
Tor:   U(1  )-  O(9  )-  C(16 )-  O(11 )    382 147 3 47       180.00    0.000    1.067    0.000    = 0.0000  
Tor:   U(1  )-  O(9  )-  C(16 )-  C(15 )    382 147 3 3        -0.02    0.000    1.067    0.000    = 0.0000  
Tor:   O(4  )-  C(13 )-  C(14 )-  O(5  )    147 3 3 147        -0.00    0.000    7.500    0.000    = 0.0000  
Tor:   O(4  )-  C(13 )-  C(14 )-  O(6  )    147 3 3 47       180.00    0.000    7.500    0.000    = 0.0000  
Tor:   O(5  )-  C(14 )-  C(13 )-  O(7  )    147 3 3 47       180.00    0.000    7.500    0.000    = 0.0000  
Tor:   O(6  )-  C(14 )-  C(13 )-  O(7  )    47 3 3 47        -0.00    0.000    7.500    0.000    = 0.0000  
Tor:   O(8  )-  C(15 )-  C(16 )-  O(9  )    147 3 3 147        -0.00    0.000    7.500    0.000    = 0.0000  
Tor:   O(8  )-  C(15 )-  C(16 )-  O(11 )    147 3 3 47       180.00    0.000    7.500    0.000    = 0.0000  
Tor:   O(9  )-  C(16 )-  C(15 )-  O(10 )    147 3 3 47       180.00    0.000    7.500    0.000    = 0.0000  
Tor:   O(10 )-  C(15 )-  C(16 )-  O(11 )    47 3 3 47        -0.00    0.000    7.500    0.000    = 0.0000  

Stretch-Bend Terms
          At1     At2    At3      Angle     Anat   StbnCst1   StbnCst2  Estb
StrBnd:  O(4  )- C(13 )- O(7  ) : 126.777  125.100  0.130    0.130    = 0.0002  
StrBnd:  O(4  )- C(13 )- C(14 ) : 112.746  116.000  0.130    0.130    = -0.0096 
StrBnd:  O(7  )- C(13 )- C(14 ) : 120.477  116.000  0.130    0.130    = 0.0128  
StrBnd:  O(5  )- C(14 )- O(6  ) : 126.788  125.100  0.130    0.130    = 0.0002  
StrBnd:  O(5  )- C(14 )- C(13 ) : 112.746  116.000  0.130    0.130    = -0.0097 
StrBnd:  O(6  )- C(14 )- C(13 ) : 120.466  116.000  0.130    0.130    = 0.0128  
StrBnd:  O(8  )- C(15 )- O(10 ) : 126.788  125.100  0.130    0.130    = 0.0002  
StrBnd:  O(8  )- C(15 )- C(16 ) : 112.746  116.000  0.130    0.130    = -0.0097 
StrBnd:  O(10 )- C(15 )- C(16 ) : 120.466  116.000  0.130    0.130    = 0.0128  
StrBnd:  O(9  )- C(16 )- O(11 ) : 126.777  125.100  0.130    0.130    = 0.0002  
StrBnd:  O(9  )- C(16 )- C(15 ) : 112.746  116.000  0.130    0.130    = -0.0096 
StrBnd:  O(11 )- C(16 )- C(15 ) : 120.477  116.000  0.130    0.130    = 0.0128  

VDW Terms - MM3 Buckingham Potential
          At1        At2    Rik    Radius     Eps          Evdw
VDW_MM3:  U(1  ) -  O(6  ) 4.462    3.986    0.008    =  -0.0067
VDW_MM3:  U(1  ) -  O(7  ) 4.465    3.986    0.008    =  -0.0067
VDW_MM3:  U(1  ) -  O(10 ) 4.462    3.986    0.008    =  -0.0067
VDW_MM3:  U(1  ) -  O(11 ) 4.465    3.986    0.008    =  -0.0067
VDW_MM3:  O(2  ) -  O(6  ) 4.827    4.065    0.059    =  -0.0403
VDW_MM3:  O(2  ) -  O(7  ) 4.802    4.065    0.059    =  -0.0413
VDW_MM3:  O(2  ) -  O(10 ) 4.827    4.065    0.059    =  -0.0403
VDW_MM3:  O(2  ) -  O(11 ) 4.802    4.065    0.059    =  -0.0413
VDW_MM3:  O(2  ) -  C(13 ) 3.703    4.040    0.057    =  -0.0413
VDW_MM3:  O(2  ) -  C(14 ) 3.722    4.040    0.057    =  -0.0445
VDW_MM3:  O(2  ) -  C(15 ) 3.722    4.040    0.057    =  -0.0445
VDW_MM3:  O(2  ) -  C(16 ) 3.703    4.040    0.057    =  -0.0413
VDW_MM3:  O(3  ) -  O(6  ) 4.827    4.065    0.059    =  -0.0403
VDW_MM3:  O(3  ) -  O(7  ) 4.802    4.065    0.059    =  -0.0413
VDW_MM3:  O(3  ) -  O(10 ) 4.827    4.065    0.059    =  -0.0403
VDW_MM3:  O(3  ) -  O(11 ) 4.802    4.065    0.059    =  -0.0413
VDW_MM3:  O(3  ) -  C(13 ) 3.703    4.040    0.057    =  -0.0413
VDW_MM3:  O(3  ) -  C(14 ) 3.722    4.040    0.057    =  -0.0445
VDW_MM3:  O(3  ) -  C(15 ) 3.722    4.040    0.057    =  -0.0445
VDW_MM3:  O(3  ) -  C(16 ) 3.703    4.040    0.057    =  -0.0413
VDW_MM3:  O(4  ) -  O(6  ) 3.655    3.930    0.059    =  -0.0507
VDW_MM3:  O(4  ) -  O(10 ) 6.775    3.930    0.059    =  -0.0050
VDW_MM3:  O(4  ) -  O(11 ) 6.785    3.930    0.059    =  -0.0050
VDW_MM3:  O(4  ) -  C(15 ) 5.603    3.905    0.057    =  -0.0145
VDW_MM3:  O(4  ) -  C(16 ) 5.610    3.905    0.057    =  -0.0144
VDW_MM3:  O(5  ) -  O(7  ) 3.655    3.930    0.059    =  -0.0507
VDW_MM3:  O(5  ) -  O(10 ) 5.064    3.930    0.059    =  -0.0269
VDW_MM3:  O(5  ) -  O(11 ) 6.285    3.930    0.059    =  -0.0079
VDW_MM3:  O(5  ) -  C(15 ) 4.170    3.905    0.057    =  -0.0584
VDW_MM3:  O(5  ) -  C(16 ) 5.053    3.905    0.057    =  -0.0257
VDW_MM3:  O(6  ) -  O(7  ) 3.055    3.930    0.059    =   0.3634
VDW_MM3:  O(6  ) -  O(8  ) 5.064    3.930    0.059    =  -0.0269
VDW_MM3:  O(6  ) -  O(9  ) 6.775    3.930    0.059    =  -0.0050
VDW_MM3:  O(6  ) -  O(10 ) 7.065    3.930    0.059    =  -0.0039
VDW_MM3:  O(6  ) -  O(11 ) 8.507    3.930    0.059    =  -0.0013
VDW_MM3:  O(6  ) -  O(12 ) 6.218    3.785    0.059    =  -0.0067
VDW_MM3:  O(6  ) -  C(15 ) 6.305    3.905    0.057    =  -0.0073
VDW_MM3:  O(6  ) -  C(16 ) 7.276    3.905    0.057    =  -0.0031
VDW_MM3:  O(7  ) -  O(8  ) 6.285    3.930    0.059    =  -0.0079
VDW_MM3:  O(7  ) -  O(9  ) 6.785    3.930    0.059    =  -0.0050
VDW_MM3:  O(7  ) -  O(10 ) 8.507    3.930    0.059    =  -0.0013
VDW_MM3:  O(7  ) -  O(11 ) 8.922    3.930    0.059    =  -0.0010
VDW_MM3:  O(7  ) -  O(12 ) 4.977    3.785    0.059    =  -0.0242
VDW_MM3:  O(7  ) -  C(15 ) 7.434    3.905    0.057    =  -0.0027
VDW_MM3:  O(7  ) -  C(16 ) 7.715    3.905    0.057    =  -0.0022
VDW_MM3:  O(8  ) -  O(11 ) 3.655    3.930    0.059    =  -0.0507
VDW_MM3:  O(8  ) -  C(13 ) 5.053    3.905    0.057    =  -0.0257
VDW_MM3:  O(8  ) -  C(14 ) 4.170    3.905    0.057    =  -0.0584
VDW_MM3:  O(9  ) -  O(10 ) 3.655    3.930    0.059    =  -0.0507
VDW_MM3:  O(9  ) -  C(13 ) 5.610    3.905    0.057    =  -0.0144
VDW_MM3:  O(9  ) -  C(14 ) 5.603    3.905    0.057    =  -0.0145
VDW_MM3:  O(10 ) -  O(11 ) 3.055    3.930    0.059    =   0.3634
VDW_MM3:  O(10 ) -  O(12 ) 6.218    3.785    0.059    =  -0.0067
VDW_MM3:  O(10 ) -  C(13 ) 7.276    3.905    0.057    =  -0.0031
VDW_MM3:  O(10 ) -  C(14 ) 6.305    3.905    0.057    =  -0.0073
VDW_MM3:  O(11 ) -  O(12 ) 4.977    3.785    0.059    =  -0.0242
VDW_MM3:  O(11 ) -  C(13 ) 7.715    3.905    0.057    =  -0.0022
VDW_MM3:  O(11 ) -  C(14 ) 7.434    3.905    0.057    =  -0.0027
VDW_MM3:  O(12 ) -  C(13 ) 4.089    3.760    0.057    =  -0.0555
VDW_MM3:  O(12 ) -  C(14 ) 4.988    3.760    0.057    =  -0.0224
VDW_MM3:  O(12 ) -  C(15 ) 4.988    3.760    0.057    =  -0.0224
VDW_MM3:  O(12 ) -  C(16 ) 4.089    3.760    0.057    =  -0.0555
VDW_MM3:  C(13 ) -  C(15 ) 6.193    3.880    0.056    =  -0.0076
VDW_MM3:  C(13 ) -  C(16 ) 6.498    3.880    0.056    =  -0.0057
VDW_MM3:  C(14 ) -  C(15 ) 5.407    3.880    0.056    =  -0.0166
VDW_MM3:  C(14 ) -  C(16 ) 6.193    3.880    0.056    =  -0.0076

Bond Dipole Terms
     At1     At2          At3     At4      Bmom-i     Bmom-j     Rik           Edd
DD:  C(13 )-  O(4  ) --  C(14 )-  O(5  ) :  1.900     1.900      18.201    =   3.3807
DD:  C(13 )-  O(4  ) --  C(14 )-  O(6  ) :  1.900     1.900      27.108    =   1.6816
DD:  C(13 )-  O(4  ) --  C(15 )-  O(8  ) :  1.900     1.900      232.943   =   0.0723
DD:  C(13 )-  O(4  ) --  C(16 )-  O(9  ) :  1.900     1.900      264.469   =   0.3196
DD:  C(13 )-  O(4  ) --  C(15 )-  O(10 ) :  1.900     1.900      411.249   =  -0.1522
DD:  C(13 )-  O(4  ) --  C(16 )-  O(11 ) :  1.900     1.900      451.622   =  -0.1472
DD:  C(14 )-  O(5  ) --  C(13 )-  O(7  ) :  1.900     1.900      27.112    =   1.6818
DD:  C(14 )-  O(5  ) --  C(15 )-  O(8  ) :  1.900     1.900      111.987   =   0.9523
DD:  C(14 )-  O(5  ) --  C(16 )-  O(9  ) :  1.900     1.900      232.943   =   0.0723
DD:  C(14 )-  O(5  ) --  C(15 )-  O(10 ) :  1.900     1.900      219.633   =  -0.3508
DD:  C(14 )-  O(5  ) --  C(16 )-  O(11 ) :  1.900     1.900      374.843   =  -0.2574
DD:  C(14 )-  O(6  ) --  C(13 )-  O(7  ) :  1.900     1.900      22.022    =   3.0542
DD:  C(14 )-  O(6  ) --  C(15 )-  O(8  ) :  1.900     1.900      219.633   =  -0.3508
DD:  C(14 )-  O(6  ) --  C(16 )-  O(9  ) :  1.900     1.900      411.249   =  -0.1522
DD:  C(14 )-  O(6  ) --  C(15 )-  O(10 ) :  1.900     1.900      374.743   =   0.2063
DD:  C(14 )-  O(6  ) --  C(16 )-  O(11 ) :  1.900     1.900      612.436   =   0.1551
DD:  C(13 )-  O(7  ) --  C(15 )-  O(8  ) :  1.900     1.900      374.843   =  -0.2574
DD:  C(13 )-  O(7  ) --  C(16 )-  O(9  ) :  1.900     1.900      451.622   =  -0.1472
DD:  C(13 )-  O(7  ) --  C(15 )-  O(10 ) :  1.900     1.900      612.436   =   0.1551
DD:  C(13 )-  O(7  ) --  C(16 )-  O(11 ) :  1.900     1.900      708.117   =   0.1474
DD:  C(15 )-  O(8  ) --  C(16 )-  O(9  ) :  1.900     1.900      18.201    =   3.3807
DD:  C(15 )-  O(8  ) --  C(16 )-  O(11 ) :  1.900     1.900      27.112    =   1.6818
DD:  C(16 )-  O(9  ) --  C(15 )-  O(10 ) :  1.900     1.900      27.108    =   1.6816
DD:  C(15 )-  O(10 ) --  C(16 )-  O(11 ) :  1.900     1.900      22.022    =   3.0542

POS Metal Atom Angles (At1 - Metal - At2
                 At1        At2    Rik    Radius     Eps   Posterm       Evdw
High Coord 1,3:  O(2  ) -  O(4  ) 2.982    4.065    0.059     1.00 =   0.7797
High Coord 1,3:  O(2  ) -  O(5  ) 3.018    4.065    0.059     1.00 =   0.6737
High Coord 1,3:  O(2  ) -  O(8  ) 3.018    4.065    0.059     1.00 =   0.6737
High Coord 1,3:  O(2  ) -  O(9  ) 2.982    4.065    0.059     1.00 =   0.7797
High Coord 1,3:  O(2  ) -  O(12 ) 2.940    3.920    0.059     1.00 =   0.5935
High Coord 1,3:  O(3  ) -  O(4  ) 2.982    4.065    0.059     1.00 =   0.7797
High Coord 1,3:  O(3  ) -  O(5  ) 3.018    4.065    0.059     1.00 =   0.6737
High Coord 1,3:  O(3  ) -  O(8  ) 3.018    4.065    0.059     1.00 =   0.6737
High Coord 1,3:  O(3  ) -  O(9  ) 2.982    4.065    0.059     1.00 =   0.7797
High Coord 1,3:  O(3  ) -  O(12 ) 2.940    3.920    0.059     1.00 =   0.5935
High Coord 1,3:  O(4  ) -  O(5  ) 2.756    3.930    0.059     1.00 =   1.2896
High Coord 1,3:  O(4  ) -  O(12 ) 2.848    3.785    0.059     1.00 =   0.5701
High Coord 1,3:  O(5  ) -  O(8  ) 2.930    3.930    0.059     1.00 =   0.6399
High Coord 1,3:  O(8  ) -  O(9  ) 2.756    3.930    0.059     1.00 =   1.2896
High Coord 1,3:  O(9  ) -  O(12 ) 2.848    3.785    0.059     1.00 =   0.5701


Final Energy : 40.764890
Str: 2.977774    Bnd: 7.409722    Tor: 0.000000
StrBnd: 0.013364 VDW: 10.439335     QQ: 19.861577
OOP: 0.000000 AA: 0.063118     Strtor: 0.000000
Urey: 0.000000
Dielectric Const: 1.500000

Dielectric: 1.500000
