Electronegativity Correction:: atoms 1 2 Correction: 1.5247 0
Electronegativity Correction:: atoms 1 3 Correction: 1.112 0
Electronegativity Correction:: atoms 1 4 Correction: 1.112 0
Electronegativity Correction:: atoms 1 5 Correction: 1.112 0
Electronegativity Correction:: atoms 2 6 Correction: 1.112 0
Electronegativity Correction:: atoms 2 7 Correction: 1.112 0
Electronegativity Correction:: atoms 2 8 Correction: 1.112 0

Initial Energy : 2.38819
Str: 1.70103 Bnd: 0.0306133 Tor: 7.94929e-10
StrBnd: 0.0581329 VDW: 0.602612 QQ: 0
OOP: 0 AA: -0.00420085 Strtor: -1.89337e-10
Dielectric Const: 1.5

Minimize 
8 0.973326 0.0996991 6.43292e-05 0.000147118
Minimize 
2  0.973203  1.08296e-10

Heat of Formation Calculations 
      Bond Type                Count  Enthalpy   Sum        Strainless
SP3-SP3                           1   2.447       2.447       3.506
ALIPHATIC                         6  -4.590     -27.540      -4.590
C-METHYL (ALKANE)                 2   1.045       2.090       0.998

Steric Energy 0.973
Bond Enthalphy Sum = -23.003
Electronic Energy = 0.000
PFC               = 2.400
Heat of Formation (SE + BE + EE + PFC) =  -19.630

Final Energy : 0.973203
Str: 0.0164684 Bnd: 0.0466304 Tor: -2.11386e-16
StrBnd: 0.00660802 VDW: 0.909435 QQ: 0
OOP: 0 AA: -0.00593891 Strtor: 4.16648e-18
Dielectric Const: 1.5

Electronegativity Correction:: atoms 1 2 Correction: 1.6 0
Electronegativity Correction:: atoms 1 3 Correction: 1.112 0
Electronegativity Correction:: atoms 1 4 Correction: 1.112 0
Electronegativity Correction:: atoms 1 5 Correction: 1.112 0
Electronegativity Correction:: atoms 2 6 Correction: 1.112 0
Electronegativity Correction:: atoms 2 7 Correction: 1.112 0
Electronegativity Correction:: atoms 2 8 Correction: 1.112 0

Initial Energy : 2.71218
Str: 1.81974 Bnd: 0.0466304 Tor: -2.11386e-16
StrBnd: -0.0576915 VDW: 0.909435 QQ: 0
OOP: 0 AA: -0.00593891 Strtor: -4.31647e-17
Dielectric Const: 1.5

Minimize 
5 0.64201 0.082264 0.00149313 0.000952111
Minimize 
2  0.641883  2.96039e-11

Heat of Formation Calculations 
      Bond Type                Count  Enthalpy   Sum        Strainless
SP3-SP3                           1   2.447       2.447       3.506
ALIPHATIC                         6  -4.590     -27.540      -4.590
C-METHYL (ALKANE)                 2   1.045       2.090       0.998

Steric Energy 0.642
Bond Enthalphy Sum = -23.003
Electronic Energy = 0.000
PFC               = 2.400
Heat of Formation (SE + BE + EE + PFC) =  -19.961

Final Energy : 0.641883
Str: 0.00896218 Bnd: 0.0303609 Tor: 1.18905e-16
StrBnd: 0.0040784 VDW: 0.602654 QQ: 0
OOP: 0 AA: -0.00417226 Strtor: -1.72896e-18
Dielectric Const: 1.5

