Electronegativity Correction:: atoms 1 2 Correction: 1.271 0
Electronegativity Correction:: atoms 4 1 Correction: 1.499 0
Electronegativity Correction:: atoms 5 1 Correction: 1.499 0
Electronegativity Correction:: atoms 3 2 Correction: 1.34216 0
Electronegativity Correction:: atoms 3 6 Correction: 0.974 0
Electronegativity Correction:: atoms 4 7 Correction: 1.112 0
Electronegativity Correction:: atoms 4 8 Correction: 1.112 0
Electronegativity Correction:: atoms 4 9 Correction: 1.112 0
Electronegativity Correction:: atoms 5 10 Correction: 1.112 0
Electronegativity Correction:: atoms 5 11 Correction: 1.112 0
Electronegativity Correction:: atoms 5 12 Correction: 1.112 0

Initial Energy : 77.8338
Str: 5.85398 Bnd: 61.9265 Tor: 4.52945
StrBnd: -0.648638 VDW: 4.52126 QQ: 1.83549
OOP: 2.67428e-09 AA: -0.0195303 Strtor: -0.164695
Dielectric Const: 1.5


Atom: 0     Type: 2    
Atom: 1     Type: 108  
Atom: 2     Type: 145  
Atom: 3     Type: 1    
Atom: 4     Type: 1    
Atom: 5     Type: 21   
Atom: 6     Type: 5    
Atom: 7     Type: 5    
Atom: 8     Type: 5    
Atom: 9     Type: 5    
Atom: 10    Type: 5    
Atom: 11    Type: 5    

Bond Terms 
        At1       At2          R       BLen    Bconst      Eb
Bond:  C(  1) -  N(  2) :    1.300   1.271   9.000 =    0.492
Bond:  C(  1) -  C(  4) :    1.509   1.499   6.300 =    0.042
Bond:  C(  1) -  C(  5) :    1.506   1.499   6.300 =    0.023
Bond:  N(  2) -  O(  3) :    1.399   1.342   6.301 =    1.276
Bond:  O(  3) -  H(  6) :    0.975   0.974   7.500 =    0.001
Bond:  C(  4) -  H(  7) :    1.070   1.112   4.740 =    0.670
Bond:  C(  4) -  H(  8) :    1.070   1.112   4.740 =    0.670
Bond:  C(  4) -  H(  9) :    1.070   1.112   4.740 =    0.670
Bond:  C(  5) -  H( 10) :    1.070   1.112   4.740 =    0.670
Bond:  C(  5) -  H( 11) :    1.070   1.112   4.740 =    0.670
Bond:  C(  5) -  H( 12) :    1.070   1.112   4.740 =    0.670

Angle Terms 
             At1      At2        At3       Angle     Thet0   Tconst    Ebend
Angle InP:  N(  2) -  C(  1) -  C(  4) :  124.031 117.830   0.870 =    0.671
Angle InP:  N(  2) -  C(  1) -  C(  5) :  118.419 117.830   0.870 =    0.007
Angle InP:  C(  4) -  C(  1) -  C(  5) :  117.550 117.000   0.540 =    0.004
Angle 1-3:  C(  1) -  N(  2) -  O(  3) :  111.276 180.000   0.200 =   60.952
Angle 1-3:  N(  2) -  O(  3) -  H(  6) :  102.310 105.000   0.200 =    0.033
Angle 1-3:  C(  1) -  C(  4) -  H(  7) :  109.470 110.400   0.550 =    0.011
Angle 1-3:  C(  1) -  C(  4) -  H(  8) :  109.472 110.400   0.550 =    0.011
Angle 1-3:  C(  1) -  C(  4) -  H(  9) :  109.472 110.400   0.550 =    0.011
Angle 1-3:  H(  7) -  C(  4) -  H(  8) :  109.472 107.800   0.550 =    0.033
Angle 1-3:  H(  7) -  C(  4) -  H(  9) :  109.472 107.800   0.550 =    0.033
Angle 1-3:  H(  8) -  C(  4) -  H(  9) :  109.470 107.800   0.550 =    0.033
Angle 1-3:  C(  1) -  C(  5) -  H( 10) :  109.470 110.400   0.550 =    0.011
Angle 1-3:  C(  1) -  C(  5) -  H( 11) :  109.472 110.400   0.550 =    0.011
Angle 1-3:  C(  1) -  C(  5) -  H( 12) :  109.472 110.400   0.550 =    0.011
Angle 1-3:  H( 10) -  C(  5) -  H( 11) :  109.472 107.800   0.550 =    0.033
Angle 1-3:  H( 10) -  C(  5) -  H( 12) :  109.472 107.800   0.550 =    0.033
Angle 1-3:  H( 11) -  C(  5) -  H( 12) :  109.470 107.800   0.550 =    0.033

 Angle-Angle Interactions 
             Angle 1                     Angle2          Thet1     Thet0      Thet2    Thet0   Const         Eaa
AA:  N(  2) -  C(  1) -  C(  4) -  N(  2) -  C(  1) -  C(  5) :  124.031 117.830  -   118.419 117.830   0.058 =   -0.005
AA:  N(  2) -  C(  1) -  C(  4) -  C(  4) -  C(  1) -  C(  5) :  124.031 117.830  -   117.550 117.000   0.058 =   -0.004
AA:  N(  2) -  C(  1) -  C(  5) -  C(  4) -  C(  1) -  C(  5) :  118.419 117.830  -   117.550 117.000   0.058 =   -0.000
AA:  C(  1) -  C(  4) -  H(  7) -  C(  1) -  C(  4) -  H(  8) :  109.470 110.400  -   109.472 110.400   0.090 =   -0.002
AA:  C(  1) -  C(  4) -  H(  7) -  C(  1) -  C(  4) -  H(  9) :  109.470 110.400  -   109.472 110.400   0.090 =   -0.002
AA:  C(  1) -  C(  4) -  H(  8) -  C(  1) -  C(  4) -  H(  9) :  109.472 110.400  -   109.472 110.400   0.090 =   -0.002
AA:  C(  1) -  C(  5) -  H( 10) -  C(  1) -  C(  5) -  H( 11) :  109.470 110.400  -   109.472 110.400   0.090 =   -0.002
AA:  C(  1) -  C(  5) -  H( 10) -  C(  1) -  C(  5) -  H( 12) :  109.470 110.400  -   109.472 110.400   0.090 =   -0.002
AA:  C(  1) -  C(  5) -  H( 11) -  C(  1) -  C(  5) -  H( 12) :  109.472 110.400  -   109.472 110.400   0.090 =   -0.002

Out of Plane Bending Terms
      At1       At2       At3       At4         Angle   Oopconst   Eoop
OOP:  N(  2) -  C(  1) -  C(  4) -  C(  5) :    0.001   0.100 =    0.000
OOP:  N(  2) -  C(  1) -  C(  5) -  C(  4) :    0.001   0.100 =    0.000
OOP:  C(  4) -  C(  1) -  C(  5) -  N(  2) :    0.001   0.010 =    0.000

Torsion Terms
        At1      At2      At3         At4             Types          Angle     V1      V2        V3         Etor
Tor:  C(  1) -  N(  2) -  O(  3) -  H(  6) :     2  108  145   21 :  179.999   0.000   0.000   0.000 =    0.000
Tor:  N(  2) -  C(  1) -  C(  4) -  H(  7) :   108    2    1    5 :  -10.308   0.191   1.049   0.107 =    0.322
Tor:  N(  2) -  C(  1) -  C(  4) -  H(  8) :   108    2    1    5 : -130.308   0.191   1.049   0.107 =    0.743
Tor:  N(  2) -  C(  1) -  C(  4) -  H(  9) :   108    2    1    5 :  109.693   0.191   1.049   0.107 =    1.093
Tor:  N(  2) -  C(  1) -  C(  5) -  H( 10) :   108    2    1    5 :    9.285   0.191   1.049   0.107 =    0.318
Tor:  N(  2) -  C(  1) -  C(  5) -  H( 11) :   108    2    1    5 : -110.715   0.191   1.049   0.107 =    1.080
Tor:  N(  2) -  C(  1) -  C(  5) -  H( 12) :   108    2    1    5 :  129.286   0.191   1.049   0.107 =    0.764
Tor:  O(  3) -  N(  2) -  C(  1) -  C(  4) :   145  108    2    1 :    0.005   0.000   0.000   0.000 =    0.000
Tor:  O(  3) -  N(  2) -  C(  1) -  C(  5) :   145  108    2    1 : -179.998   0.000   0.000   0.000 =    0.000
Tor:  C(  4) -  C(  1) -  C(  5) -  H( 10) :     1    2    1    5 : -170.718   0.000   0.000   0.540 =    0.031
Tor:  C(  4) -  C(  1) -  C(  5) -  H( 11) :     1    2    1    5 :   69.283   0.000   0.000   0.540 =    0.031
Tor:  C(  4) -  C(  1) -  C(  5) -  H( 12) :     1    2    1    5 :  -50.717   0.000   0.000   0.540 =    0.031
Tor:  C(  5) -  C(  1) -  C(  4) -  H(  7) :     1    2    1    5 :  169.695   0.000   0.000   0.540 =    0.038
Tor:  C(  5) -  C(  1) -  C(  4) -  H(  8) :     1    2    1    5 :   49.695   0.000   0.000   0.540 =    0.038
Tor:  C(  5) -  C(  1) -  C(  4) -  H(  9) :     1    2    1    5 :  -70.305   0.000   0.000   0.540 =    0.038

 Stretch-Bend Terms
          At1       At2      At3      Angle     Anat   StbnCst1   StbnCst2  Estb
StrBnd:  N(  2) -  C(  1) -  C(  4) :  124.031 117.830   0.130   0.130 =    0.078
StrBnd:  N(  2) -  C(  1) -  C(  5) :  118.419 117.830   0.130   0.130 =    0.007
StrBnd:  C(  4) -  C(  1) -  C(  5) :  117.550 117.000   0.130   0.130 =    0.003
StrBnd:  C(  1) -  N(  2) -  O(  3) :  111.276 180.000   0.050   0.050 =   -0.738
StrBnd:  N(  2) -  O(  3) -  H(  6) :  102.310 105.000   0.090   0.090 =   -0.035
StrBnd:  C(  1) -  C(  4) -  H(  7) :  109.470 110.400   0.080   0.080 =    0.006
StrBnd:  C(  1) -  C(  4) -  H(  8) :  109.472 110.400   0.080   0.080 =    0.006
StrBnd:  C(  1) -  C(  4) -  H(  9) :  109.472 110.400   0.080   0.080 =    0.006
StrBnd:  C(  1) -  C(  5) -  H( 10) :  109.470 110.400   0.080   0.080 =    0.007
StrBnd:  C(  1) -  C(  5) -  H( 11) :  109.472 110.400   0.080   0.080 =    0.006
StrBnd:  C(  1) -  C(  5) -  H( 12) :  109.472 110.400   0.080   0.080 =    0.006

Stretch-Torsion Terms
          At1       At2       At3       At4        Angle     Dr   StrTorConst    Phi3   Estb
StrTor:  N(  2) -  C(  1) -  C(  4) -  H(  7) :    0.984   0.010   0.270   1.858 =   -0.029
StrTor:  N(  2) -  C(  1) -  C(  4) -  H(  8) :   -0.647   0.010   0.270   1.858 =   -0.029
StrTor:  N(  2) -  C(  1) -  C(  4) -  H(  9) :   -0.337   0.010   0.270   1.858 =   -0.029
StrTor:  N(  2) -  C(  1) -  C(  5) -  H( 10) :    0.987   0.007   0.270   1.884 =   -0.022
StrTor:  N(  2) -  C(  1) -  C(  5) -  H( 11) :   -0.354   0.007   0.270   1.884 =   -0.022
StrTor:  N(  2) -  C(  1) -  C(  5) -  H( 12) :   -0.633   0.007   0.270   1.884 =   -0.022
StrTor:  C(  4) -  C(  1) -  C(  5) -  H( 10) :   -0.987   0.007   0.270   0.116 =   -0.001
StrTor:  C(  4) -  C(  1) -  C(  5) -  H( 11) :    0.354   0.007   0.270   0.116 =   -0.001
StrTor:  C(  4) -  C(  1) -  C(  5) -  H( 12) :    0.633   0.007   0.270   0.116 =   -0.001
StrTor:  C(  5) -  C(  1) -  C(  4) -  H(  7) :   -0.984   0.010   0.270   0.142 =   -0.002
StrTor:  C(  5) -  C(  1) -  C(  4) -  H(  8) :    0.647   0.010   0.270   0.142 =   -0.002
StrTor:  C(  5) -  C(  1) -  C(  4) -  H(  9) :    0.337   0.010   0.270   0.142 =   -0.002

VDW Terms - MM3 Buckingham Potential
          At1        At2         Rik    Radius     Eps     Evdw
VDW_MM3:  N(  2) -  H(  7) :    2.576   3.550   0.029 =   0.4406
VDW_MM3:  N(  2) -  H( 10) :    2.469   3.550   0.029 =   0.6989
VDW_MM3:  O(  3) -  C(  4) :    2.652   3.860   0.040 =   1.0744
VDW_MM3:  O(  3) -  H(  7) :    2.208   3.440   0.034 =   1.7484
VDW_MM3:  C(  4) -  H( 11) :    2.862   3.660   0.023 =   0.1307
VDW_MM3:  C(  4) -  H( 12) :    2.738   3.660   0.023 =   0.2417
VDW_MM3:  C(  5) -  H(  8) :    2.732   3.660   0.023 =   0.2479
VDW_MM3:  C(  5) -  H(  9) :    2.870   3.660   0.023 =   0.1254
VDW_MM3:  H(  8) -  H( 12) :    2.523   3.240   0.020 =   0.1197

Bond Dipole Terms
     At1       At2         At3       At4         Bmom-i  Bmom-j  Rik         Edd
DD:  C(  1) -  N(  2) --   H(  6) -  O(  3) :    0.826   1.700   2.048 =    1.076
DD:  C(  5) -  C(  1) --   H(  6) -  O(  3) :    0.750   1.700   3.253 =    0.565

Charge-Dipole Interactions 
      At1      At2     At3      q1        bmom         Rik          Eqq
Electronegativity Correction:: atoms 1 2 Correction: 1.271 0
Electronegativity Correction:: atoms 4 1 Correction: 1.499 0
Electronegativity Correction:: atoms 5 1 Correction: 1.499 0
Electronegativity Correction:: atoms 3 2 Correction: 1.34216 0
Electronegativity Correction:: atoms 3 6 Correction: 0.974 0
Electronegativity Correction:: atoms 4 7 Correction: 1.112 0
Electronegativity Correction:: atoms 4 8 Correction: 1.112 0
Electronegativity Correction:: atoms 4 9 Correction: 1.112 0
Electronegativity Correction:: atoms 5 10 Correction: 1.112 0
Electronegativity Correction:: atoms 5 11 Correction: 1.112 0
Electronegativity Correction:: atoms 5 12 Correction: 1.112 0

Initial Energy : 77.8338
Str: 5.85398 Bnd: 61.9265 Tor: 4.52945
StrBnd: -0.648638 VDW: 4.52126 QQ: 1.83549
OOP: 2.67428e-09 AA: -0.0195303 Strtor: -0.164695
Dielectric Const: 1.5

Minimize 
10 15.4726 15.6201 2.58529 0.0726625
20 9.26139 8.17444 0.609148 0.0376734
30 7.78052 1.24422 0.0142271 0.00325228
40 7.7325 0.232293 0.000605084 0.000708021
50 7.73009 0.202704 0.000264033 0.000840388
60 7.72798 0.136284 0.000223183 0.00103046
70 7.71823 0.399675 0.00161709 0.00836794
80 7.71099 0.200879 0.000323626 0.0014801
90 7.70771 0.205226 0.00024873 0.0011998
100 7.704 0.172663 0.000321716 0.00183687
110 7.69793 0.30836 0.00103808 0.00473597
120 7.69349 0.124735 7.61961e-05 0.000377936
130 7.68971 0.243556 0.000460654 0.00181826
140 7.67921 0.41361 0.00122767 0.00424474
150 7.66944 0.36214 0.000816175 0.00288238
160 7.66057 0.320836 0.000669201 0.00267389
170 7.65808 0.159471 0.000104648 0.000410413
180 7.6567 0.160093 0.000123284 0.00064246
190 7.65459 0.249126 0.000377038 0.00224233
200 7.65193 0.18149 0.000206645 0.00088679
210 7.65044 0.113852 6.70137e-05 0.000341169
219 7.64948 0.0991101 6.7194e-05 0.000472641
Minimize 
2  7.64656  0.305377
4  7.64458  0.0711226
6  7.64396  0.123536
8  7.64383  0.0204364
10  7.64381  0.000493893

Heat of Formation Calculations 
      Bond Type                Count  Enthalpy   Sum        Strainless
                                  1   0.000       0.000       0.000
SP3-SP2                           2  -0.180      -0.360       1.760
                                  1   0.000       0.000       0.000
                                  1   0.000       0.000       0.000
ALIPHATIC                         6  -4.590     -27.540      -4.590
C-METHYL (ALKENE)                 2   1.045       2.090       0.998

Steric Energy 7.643
Bond Enthalphy Sum = -25.810
Electronic Energy = 0.000
PFC               = 2.400
Heat of Formation (SE + BE + EE + PFC) =  -15.767

Final Energy : 7.64349
Str: 0.19286 Bnd: 0.394973 Tor: 4.30026
StrBnd: 0.0627592 VDW: 1.14335 QQ: 1.82235
OOP: 0.0162498 AA: -0.0257226 Strtor: -0.263593
Dielectric Const: 1.5

